<?xml version="1.0" encoding="UTF-8"?>
<robot generator="Robot 6.1.1 (Python 3.10.13 on linux)" generated="20240211 14:35:06.659" rpa="false" schemaversion="4">
<suite id="s1" name="Example with Files" source="/home/chme/git/python-robot-markdown/examples/Example_with_Files">
<kw name="Do Something" type="SETUP">
<arg>${MESSAGE}</arg>
<msg timestamp="20240211 14:35:06.684" level="TRACE">Arguments: [ ${arg}='Hello, world!' ]</msg>
<kw name="Log" library="BuiltIn">
<arg>Running suite setup - ${arg}</arg>
<doc>Logs the given message with the given level.</doc>
<msg timestamp="20240211 14:35:06.685" level="TRACE">Arguments: [ 'Running suite setup - Hello, world!' ]</msg>
<msg timestamp="20240211 14:35:06.685" level="INFO">Running suite setup - Hello, world!</msg>
<msg timestamp="20240211 14:35:06.685" level="TRACE">Return: None</msg>
<status status="PASS" starttime="20240211 14:35:06.685" endtime="20240211 14:35:06.685"/>
</kw>
<kw name="Create File" library="OperatingSystem">
<arg>${OUTPUT_DIR}/test.env</arg>
<arg>content=${CONTENT}</arg>
<doc>Creates a file with the given content and encoding.</doc>
<msg timestamp="20240211 14:35:06.685" level="TRACE">Arguments: [ '/home/chme/git/python-robot-markdown/examples/Example_with_Files/test.env' | content='version=1.0.0\nenv=QA\nurl=https://localhost:8080/myserver' ]</msg>
<msg timestamp="20240211 14:35:06.685" level="INFO" html="true">Created file '&lt;a href="file:///home/chme/git/python-robot-markdown/examples/Example_with_Files/test.env"&gt;/home/chme/git/python-robot-markdown/examples/Example_with_Files/test.env&lt;/a&gt;'.</msg>
<msg timestamp="20240211 14:35:06.685" level="TRACE">Return: None</msg>
<status status="PASS" starttime="20240211 14:35:06.685" endtime="20240211 14:35:06.686"/>
</kw>
<msg timestamp="20240211 14:35:06.686" level="TRACE">Return: None</msg>
<status status="PASS" starttime="20240211 14:35:06.684" endtime="20240211 14:35:06.686"/>
</kw>
<suite id="s1-s1" name="For Loop" source="/home/chme/git/python-robot-markdown/examples/Example_with_Files/for_loop.robot">
<test id="s1-s1-t1" name="Loop a list" line="8">
<kw name="Log" library="BuiltIn">
<arg>${LIST}</arg>
<doc>Logs the given message with the given level.</doc>
<msg timestamp="20240211 14:35:06.688" level="TRACE">Arguments: [ ['one', 'two', 'three'] ]</msg>
<msg timestamp="20240211 14:35:06.689" level="INFO">['one', 'two', 'three']</msg>
<msg timestamp="20240211 14:35:06.689" level="TRACE">Return: None</msg>
<status status="PASS" starttime="20240211 14:35:06.688" endtime="20240211 14:35:06.689"/>
</kw>
<for flavor="IN">
<var>${item}</var>
<value>@{LIST}</value>
<iter>
<var name="${item}">one</var>
<kw name="Log" library="BuiltIn">
<arg>${item}</arg>
<doc>Logs the given message with the given level.</doc>
<msg timestamp="20240211 14:35:06.689" level="TRACE">Arguments: [ 'one' ]</msg>
<msg timestamp="20240211 14:35:06.689" level="INFO">one</msg>
<msg timestamp="20240211 14:35:06.690" level="TRACE">Return: None</msg>
<status status="PASS" starttime="20240211 14:35:06.689" endtime="20240211 14:35:06.690"/>
</kw>
<status status="PASS" starttime="20240211 14:35:06.689" endtime="20240211 14:35:06.690"/>
</iter>
<iter>
<var name="${item}">two</var>
<kw name="Log" library="BuiltIn">
<arg>${item}</arg>
<doc>Logs the given message with the given level.</doc>
<msg timestamp="20240211 14:35:06.690" level="TRACE">Arguments: [ 'two' ]</msg>
<msg timestamp="20240211 14:35:06.690" level="INFO">two</msg>
<msg timestamp="20240211 14:35:06.690" level="TRACE">Return: None</msg>
<status status="PASS" starttime="20240211 14:35:06.690" endtime="20240211 14:35:06.690"/>
</kw>
<status status="PASS" starttime="20240211 14:35:06.690" endtime="20240211 14:35:06.690"/>
</iter>
<iter>
<var name="${item}">three</var>
<kw name="Log" library="BuiltIn">
<arg>${item}</arg>
<doc>Logs the given message with the given level.</doc>
<msg timestamp="20240211 14:35:06.690" level="TRACE">Arguments: [ 'three' ]</msg>
<msg timestamp="20240211 14:35:06.690" level="INFO">three</msg>
<msg timestamp="20240211 14:35:06.691" level="TRACE">Return: None</msg>
<status status="PASS" starttime="20240211 14:35:06.690" endtime="20240211 14:35:06.691"/>
</kw>
<status status="PASS" starttime="20240211 14:35:06.690" endtime="20240211 14:35:06.691"/>
</iter>
<status status="PASS" starttime="20240211 14:35:06.689" endtime="20240211 14:35:06.691"/>
</for>
<for flavor="IN">
<var>${item}</var>
<value>one</value>
<value>two</value>
<value>three</value>
<iter>
<var name="${item}">one</var>
<kw name="Log" library="BuiltIn">
<arg>${item}</arg>
<doc>Logs the given message with the given level.</doc>
<msg timestamp="20240211 14:35:06.691" level="TRACE">Arguments: [ 'one' ]</msg>
<msg timestamp="20240211 14:35:06.692" level="INFO">one</msg>
<msg timestamp="20240211 14:35:06.692" level="TRACE">Return: None</msg>
<status status="PASS" starttime="20240211 14:35:06.691" endtime="20240211 14:35:06.692"/>
</kw>
<status status="PASS" starttime="20240211 14:35:06.691" endtime="20240211 14:35:06.692"/>
</iter>
<iter>
<var name="${item}">two</var>
<kw name="Log" library="BuiltIn">
<arg>${item}</arg>
<doc>Logs the given message with the given level.</doc>
<msg timestamp="20240211 14:35:06.692" level="TRACE">Arguments: [ 'two' ]</msg>
<msg timestamp="20240211 14:35:06.692" level="INFO">two</msg>
<msg timestamp="20240211 14:35:06.692" level="TRACE">Return: None</msg>
<status status="PASS" starttime="20240211 14:35:06.692" endtime="20240211 14:35:06.692"/>
</kw>
<status status="PASS" starttime="20240211 14:35:06.692" endtime="20240211 14:35:06.692"/>
</iter>
<iter>
<var name="${item}">three</var>
<kw name="Log" library="BuiltIn">
<arg>${item}</arg>
<doc>Logs the given message with the given level.</doc>
<msg timestamp="20240211 14:35:06.693" level="TRACE">Arguments: [ 'three' ]</msg>
<msg timestamp="20240211 14:35:06.693" level="INFO">three</msg>
<msg timestamp="20240211 14:35:06.693" level="TRACE">Return: None</msg>
<status status="PASS" starttime="20240211 14:35:06.692" endtime="20240211 14:35:06.693"/>
</kw>
<status status="PASS" starttime="20240211 14:35:06.692" endtime="20240211 14:35:06.693"/>
</iter>
<status status="PASS" starttime="20240211 14:35:06.691" endtime="20240211 14:35:06.693"/>
</for>
<tag>example</tag>
<status status="PASS" starttime="20240211 14:35:06.688" endtime="20240211 14:35:06.693"/>
</test>
<test id="s1-s1-t2" name="Loop a dictionary" line="17">
<kw name="Log" library="BuiltIn">
<arg>${DICTIONARY}</arg>
<doc>Logs the given message with the given level.</doc>
<msg timestamp="20240211 14:35:06.694" level="TRACE">Arguments: [ {'list': ['one', 'two', 'three'], 'number': 1, 'string': 'cat'} ]</msg>
<msg timestamp="20240211 14:35:06.694" level="INFO">{'string': 'cat', 'number': 1, 'list': ['one', 'two', 'three']}</msg>
<msg timestamp="20240211 14:35:06.694" level="TRACE">Return: None</msg>
<status status="PASS" starttime="20240211 14:35:06.694" endtime="20240211 14:35:06.694"/>
</kw>
<for flavor="IN">
<var>${key_value_tuple}</var>
<value>&amp;{DICTIONARY}</value>
<iter>
<var name="${key_value_tuple}">('string', 'cat')</var>
<kw name="Log" library="BuiltIn">
<arg>${key_value_tuple}</arg>
<doc>Logs the given message with the given level.</doc>
<msg timestamp="20240211 14:35:06.695" level="TRACE">Arguments: [ ('string', 'cat') ]</msg>
<msg timestamp="20240211 14:35:06.695" level="INFO">('string', 'cat')</msg>
<msg timestamp="20240211 14:35:06.695" level="TRACE">Return: None</msg>
<status status="PASS" starttime="20240211 14:35:06.695" endtime="20240211 14:35:06.695"/>
</kw>
<status status="PASS" starttime="20240211 14:35:06.695" endtime="20240211 14:35:06.695"/>
</iter>
<iter>
<var name="${key_value_tuple}">('number', 1)</var>
<kw name="Log" library="BuiltIn">
<arg>${key_value_tuple}</arg>
<doc>Logs the given message with the given level.</doc>
<msg timestamp="20240211 14:35:06.696" level="TRACE">Arguments: [ ('number', 1) ]</msg>
<msg timestamp="20240211 14:35:06.696" level="INFO">('number', 1)</msg>
<msg timestamp="20240211 14:35:06.696" level="TRACE">Return: None</msg>
<status status="PASS" starttime="20240211 14:35:06.696" endtime="20240211 14:35:06.696"/>
</kw>
<status status="PASS" starttime="20240211 14:35:06.695" endtime="20240211 14:35:06.696"/>
</iter>
<iter>
<var name="${key_value_tuple}">('list', ['one', 'two', 'three'])</var>
<kw name="Log" library="BuiltIn">
<arg>${key_value_tuple}</arg>
<doc>Logs the given message with the given level.</doc>
<msg timestamp="20240211 14:35:06.696" level="TRACE">Arguments: [ ('list', ['one', 'two', 'three']) ]</msg>
<msg timestamp="20240211 14:35:06.696" level="INFO">('list', ['one', 'two', 'three'])</msg>
<msg timestamp="20240211 14:35:06.696" level="TRACE">Return: None</msg>
<status status="PASS" starttime="20240211 14:35:06.696" endtime="20240211 14:35:06.696"/>
</kw>
<status status="PASS" starttime="20240211 14:35:06.696" endtime="20240211 14:35:06.696"/>
</iter>
<status status="PASS" starttime="20240211 14:35:06.695" endtime="20240211 14:35:06.696"/>
</for>
<for flavor="IN">
<var>${key}</var>
<value>@{DICTIONARY}</value>
<iter>
<var name="${key}">string</var>
<kw name="Log" library="BuiltIn">
<arg>${key}=${DICTIONARY}[${key}]</arg>
<doc>Logs the given message with the given level.</doc>
<msg timestamp="20240211 14:35:06.697" level="TRACE">Arguments: [ 'string=cat' ]</msg>
<msg timestamp="20240211 14:35:06.697" level="INFO">string=cat</msg>
<msg timestamp="20240211 14:35:06.697" level="TRACE">Return: None</msg>
<status status="PASS" starttime="20240211 14:35:06.697" endtime="20240211 14:35:06.697"/>
</kw>
<status status="PASS" starttime="20240211 14:35:06.697" endtime="20240211 14:35:06.697"/>
</iter>
<iter>
<var name="${key}">number</var>
<kw name="Log" library="BuiltIn">
<arg>${key}=${DICTIONARY}[${key}]</arg>
<doc>Logs the given message with the given level.</doc>
<msg timestamp="20240211 14:35:06.698" level="TRACE">Arguments: [ 'number=1' ]</msg>
<msg timestamp="20240211 14:35:06.698" level="INFO">number=1</msg>
<msg timestamp="20240211 14:35:06.698" level="TRACE">Return: None</msg>
<status status="PASS" starttime="20240211 14:35:06.697" endtime="20240211 14:35:06.698"/>
</kw>
<status status="PASS" starttime="20240211 14:35:06.697" endtime="20240211 14:35:06.698"/>
</iter>
<iter>
<var name="${key}">list</var>
<kw name="Log" library="BuiltIn">
<arg>${key}=${DICTIONARY}[${key}]</arg>
<doc>Logs the given message with the given level.</doc>
<msg timestamp="20240211 14:35:06.698" level="TRACE">Arguments: [ "list=['one', 'two', 'three']" ]</msg>
<msg timestamp="20240211 14:35:06.698" level="INFO">list=['one', 'two', 'three']</msg>
<msg timestamp="20240211 14:35:06.698" level="TRACE">Return: None</msg>
<status status="PASS" starttime="20240211 14:35:06.698" endtime="20240211 14:35:06.698"/>
</kw>
<status status="PASS" starttime="20240211 14:35:06.698" endtime="20240211 14:35:06.698"/>
</iter>
<status status="PASS" starttime="20240211 14:35:06.697" endtime="20240211 14:35:06.698"/>
</for>
<tag>example</tag>
<status status="PASS" starttime="20240211 14:35:06.694" endtime="20240211 14:35:06.699"/>
</test>
<test id="s1-s1-t3" name="Loop a range from 0 to end index" line="29">
<for flavor="IN RANGE">
<var>${index}</var>
<value>10</value>
<iter>
<var name="${index}">0</var>
<kw name="Log" library="BuiltIn">
<arg>${index}</arg>
<doc>Logs the given message with the given level.</doc>
<msg timestamp="20240211 14:35:06.700" level="TRACE">Arguments: [ 0 ]</msg>
<msg timestamp="20240211 14:35:06.700" level="INFO">0</msg>
<msg timestamp="20240211 14:35:06.700" level="TRACE">Return: None</msg>
<status status="PASS" starttime="20240211 14:35:06.700" endtime="20240211 14:35:06.700"/>
</kw>
<status status="PASS" starttime="20240211 14:35:06.700" endtime="20240211 14:35:06.700"/>
</iter>
<iter>
<var name="${index}">1</var>
<kw name="Log" library="BuiltIn">
<arg>${index}</arg>
<doc>Logs the given message with the given level.</doc>
<msg timestamp="20240211 14:35:06.700" level="TRACE">Arguments: [ 1 ]</msg>
<msg timestamp="20240211 14:35:06.700" level="INFO">1</msg>
<msg timestamp="20240211 14:35:06.700" level="TRACE">Return: None</msg>
<status status="PASS" starttime="20240211 14:35:06.700" endtime="20240211 14:35:06.700"/>
</kw>
<status status="PASS" starttime="20240211 14:35:06.700" endtime="20240211 14:35:06.700"/>
</iter>
<iter>
<var name="${index}">2</var>
<kw name="Log" library="BuiltIn">
<arg>${index}</arg>
<doc>Logs the given message with the given level.</doc>
<msg timestamp="20240211 14:35:06.701" level="TRACE">Arguments: [ 2 ]</msg>
<msg timestamp="20240211 14:35:06.701" level="INFO">2</msg>
<msg timestamp="20240211 14:35:06.701" level="TRACE">Return: None</msg>
<status status="PASS" starttime="20240211 14:35:06.701" endtime="20240211 14:35:06.701"/>
</kw>
<status status="PASS" starttime="20240211 14:35:06.700" endtime="20240211 14:35:06.701"/>
</iter>
<iter>
<var name="${index}">3</var>
<kw name="Log" library="BuiltIn">
<arg>${index}</arg>
<doc>Logs the given message with the given level.</doc>
<msg timestamp="20240211 14:35:06.701" level="TRACE">Arguments: [ 3 ]</msg>
<msg timestamp="20240211 14:35:06.701" level="INFO">3</msg>
<msg timestamp="20240211 14:35:06.701" level="TRACE">Return: None</msg>
<status status="PASS" starttime="20240211 14:35:06.701" endtime="20240211 14:35:06.701"/>
</kw>
<status status="PASS" starttime="20240211 14:35:06.701" endtime="20240211 14:35:06.701"/>
</iter>
<iter>
<var name="${index}">4</var>
<kw name="Log" library="BuiltIn">
<arg>${index}</arg>
<doc>Logs the given message with the given level.</doc>
<msg timestamp="20240211 14:35:06.701" level="TRACE">Arguments: [ 4 ]</msg>
<msg timestamp="20240211 14:35:06.701" level="INFO">4</msg>
<msg timestamp="20240211 14:35:06.702" level="TRACE">Return: None</msg>
<status status="PASS" starttime="20240211 14:35:06.701" endtime="20240211 14:35:06.702"/>
</kw>
<status status="PASS" starttime="20240211 14:35:06.701" endtime="20240211 14:35:06.702"/>
</iter>
<iter>
<var name="${index}">5</var>
<kw name="Log" library="BuiltIn">
<arg>${index}</arg>
<doc>Logs the given message with the given level.</doc>
<msg timestamp="20240211 14:35:06.702" level="TRACE">Arguments: [ 5 ]</msg>
<msg timestamp="20240211 14:35:06.702" level="INFO">5</msg>
<msg timestamp="20240211 14:35:06.702" level="TRACE">Return: None</msg>
<status status="PASS" starttime="20240211 14:35:06.702" endtime="20240211 14:35:06.702"/>
</kw>
<status status="PASS" starttime="20240211 14:35:06.702" endtime="20240211 14:35:06.702"/>
</iter>
<iter>
<var name="${index}">6</var>
<kw name="Log" library="BuiltIn">
<arg>${index}</arg>
<doc>Logs the given message with the given level.</doc>
<msg timestamp="20240211 14:35:06.702" level="TRACE">Arguments: [ 6 ]</msg>
<msg timestamp="20240211 14:35:06.702" level="INFO">6</msg>
<msg timestamp="20240211 14:35:06.702" level="TRACE">Return: None</msg>
<status status="PASS" starttime="20240211 14:35:06.702" endtime="20240211 14:35:06.702"/>
</kw>
<status status="PASS" starttime="20240211 14:35:06.702" endtime="20240211 14:35:06.702"/>
</iter>
<iter>
<var name="${index}">7</var>
<kw name="Log" library="BuiltIn">
<arg>${index}</arg>
<doc>Logs the given message with the given level.</doc>
<msg timestamp="20240211 14:35:06.703" level="TRACE">Arguments: [ 7 ]</msg>
<msg timestamp="20240211 14:35:06.703" level="INFO">7</msg>
<msg timestamp="20240211 14:35:06.703" level="TRACE">Return: None</msg>
<status status="PASS" starttime="20240211 14:35:06.703" endtime="20240211 14:35:06.703"/>
</kw>
<status status="PASS" starttime="20240211 14:35:06.702" endtime="20240211 14:35:06.703"/>
</iter>
<iter>
<var name="${index}">8</var>
<kw name="Log" library="BuiltIn">
<arg>${index}</arg>
<doc>Logs the given message with the given level.</doc>
<msg timestamp="20240211 14:35:06.703" level="TRACE">Arguments: [ 8 ]</msg>
<msg timestamp="20240211 14:35:06.703" level="INFO">8</msg>
<msg timestamp="20240211 14:35:06.703" level="TRACE">Return: None</msg>
<status status="PASS" starttime="20240211 14:35:06.703" endtime="20240211 14:35:06.703"/>
</kw>
<status status="PASS" starttime="20240211 14:35:06.703" endtime="20240211 14:35:06.703"/>
</iter>
<iter>
<var name="${index}">9</var>
<kw name="Log" library="BuiltIn">
<arg>${index}</arg>
<doc>Logs the given message with the given level.</doc>
<msg timestamp="20240211 14:35:06.703" level="TRACE">Arguments: [ 9 ]</msg>
<msg timestamp="20240211 14:35:06.704" level="INFO">9</msg>
<msg timestamp="20240211 14:35:06.704" level="TRACE">Return: None</msg>
<status status="PASS" starttime="20240211 14:35:06.703" endtime="20240211 14:35:06.704"/>
</kw>
<status status="PASS" starttime="20240211 14:35:06.703" endtime="20240211 14:35:06.704"/>
</iter>
<status status="PASS" starttime="20240211 14:35:06.699" endtime="20240211 14:35:06.704"/>
</for>
<tag>example</tag>
<status status="PASS" starttime="20240211 14:35:06.699" endtime="20240211 14:35:06.704"/>
</test>
<test id="s1-s1-t4" name="Loop a range from start to end index" line="34">
<for flavor="IN RANGE">
<var>${index}</var>
<value>1</value>
<value>10</value>
<iter>
<var name="${index}">1</var>
<kw name="Log" library="BuiltIn">
<arg>${index}</arg>
<doc>Logs the given message with the given level.</doc>
<msg timestamp="20240211 14:35:06.705" level="TRACE">Arguments: [ 1 ]</msg>
<msg timestamp="20240211 14:35:06.705" level="INFO">1</msg>
<msg timestamp="20240211 14:35:06.705" level="TRACE">Return: None</msg>
<status status="PASS" starttime="20240211 14:35:06.705" endtime="20240211 14:35:06.706"/>
</kw>
<status status="PASS" starttime="20240211 14:35:06.705" endtime="20240211 14:35:06.706"/>
</iter>
<iter>
<var name="${index}">2</var>
<kw name="Log" library="BuiltIn">
<arg>${index}</arg>
<doc>Logs the given message with the given level.</doc>
<msg timestamp="20240211 14:35:06.706" level="TRACE">Arguments: [ 2 ]</msg>
<msg timestamp="20240211 14:35:06.706" level="INFO">2</msg>
<msg timestamp="20240211 14:35:06.706" level="TRACE">Return: None</msg>
<status status="PASS" starttime="20240211 14:35:06.706" endtime="20240211 14:35:06.706"/>
</kw>
<status status="PASS" starttime="20240211 14:35:06.706" endtime="20240211 14:35:06.707"/>
</iter>
<iter>
<var name="${index}">3</var>
<kw name="Log" library="BuiltIn">
<arg>${index}</arg>
<doc>Logs the given message with the given level.</doc>
<msg timestamp="20240211 14:35:06.708" level="TRACE">Arguments: [ 3 ]</msg>
<msg timestamp="20240211 14:35:06.708" level="INFO">3</msg>
<msg timestamp="20240211 14:35:06.708" level="TRACE">Return: None</msg>
<status status="PASS" starttime="20240211 14:35:06.707" endtime="20240211 14:35:06.708"/>
</kw>
<status status="PASS" starttime="20240211 14:35:06.707" endtime="20240211 14:35:06.708"/>
</iter>
<iter>
<var name="${index}">4</var>
<kw name="Log" library="BuiltIn">
<arg>${index}</arg>
<doc>Logs the given message with the given level.</doc>
<msg timestamp="20240211 14:35:06.709" level="TRACE">Arguments: [ 4 ]</msg>
<msg timestamp="20240211 14:35:06.709" level="INFO">4</msg>
<msg timestamp="20240211 14:35:06.709" level="TRACE">Return: None</msg>
<status status="PASS" starttime="20240211 14:35:06.708" endtime="20240211 14:35:06.709"/>
</kw>
<status status="PASS" starttime="20240211 14:35:06.708" endtime="20240211 14:35:06.709"/>
</iter>
<iter>
<var name="${index}">5</var>
<kw name="Log" library="BuiltIn">
<arg>${index}</arg>
<doc>Logs the given message with the given level.</doc>
<msg timestamp="20240211 14:35:06.710" level="TRACE">Arguments: [ 5 ]</msg>
<msg timestamp="20240211 14:35:06.710" level="INFO">5</msg>
<msg timestamp="20240211 14:35:06.710" level="TRACE">Return: None</msg>
<status status="PASS" starttime="20240211 14:35:06.709" endtime="20240211 14:35:06.710"/>
</kw>
<status status="PASS" starttime="20240211 14:35:06.709" endtime="20240211 14:35:06.710"/>
</iter>
<iter>
<var name="${index}">6</var>
<kw name="Log" library="BuiltIn">
<arg>${index}</arg>
<doc>Logs the given message with the given level.</doc>
<msg timestamp="20240211 14:35:06.711" level="TRACE">Arguments: [ 6 ]</msg>
<msg timestamp="20240211 14:35:06.711" level="INFO">6</msg>
<msg timestamp="20240211 14:35:06.711" level="TRACE">Return: None</msg>
<status status="PASS" starttime="20240211 14:35:06.710" endtime="20240211 14:35:06.711"/>
</kw>
<status status="PASS" starttime="20240211 14:35:06.710" endtime="20240211 14:35:06.711"/>
</iter>
<iter>
<var name="${index}">7</var>
<kw name="Log" library="BuiltIn">
<arg>${index}</arg>
<doc>Logs the given message with the given level.</doc>
<msg timestamp="20240211 14:35:06.711" level="TRACE">Arguments: [ 7 ]</msg>
<msg timestamp="20240211 14:35:06.711" level="INFO">7</msg>
<msg timestamp="20240211 14:35:06.712" level="TRACE">Return: None</msg>
<status status="PASS" starttime="20240211 14:35:06.711" endtime="20240211 14:35:06.712"/>
</kw>
<status status="PASS" starttime="20240211 14:35:06.711" endtime="20240211 14:35:06.712"/>
</iter>
<iter>
<var name="${index}">8</var>
<kw name="Log" library="BuiltIn">
<arg>${index}</arg>
<doc>Logs the given message with the given level.</doc>
<msg timestamp="20240211 14:35:06.712" level="TRACE">Arguments: [ 8 ]</msg>
<msg timestamp="20240211 14:35:06.712" level="INFO">8</msg>
<msg timestamp="20240211 14:35:06.712" level="TRACE">Return: None</msg>
<status status="PASS" starttime="20240211 14:35:06.712" endtime="20240211 14:35:06.712"/>
</kw>
<status status="PASS" starttime="20240211 14:35:06.712" endtime="20240211 14:35:06.712"/>
</iter>
<iter>
<var name="${index}">9</var>
<kw name="Log" library="BuiltIn">
<arg>${index}</arg>
<doc>Logs the given message with the given level.</doc>
<msg timestamp="20240211 14:35:06.713" level="TRACE">Arguments: [ 9 ]</msg>
<msg timestamp="20240211 14:35:06.713" level="INFO">9</msg>
<msg timestamp="20240211 14:35:06.713" level="TRACE">Return: None</msg>
<status status="PASS" starttime="20240211 14:35:06.713" endtime="20240211 14:35:06.713"/>
</kw>
<status status="PASS" starttime="20240211 14:35:06.713" endtime="20240211 14:35:06.713"/>
</iter>
<status status="PASS" starttime="20240211 14:35:06.705" endtime="20240211 14:35:06.713"/>
</for>
<tag>example</tag>
<status status="PASS" starttime="20240211 14:35:06.704" endtime="20240211 14:35:06.714"/>
</test>
<test id="s1-s1-t5" name="Loop a range from start to end index with steps" line="39">
<for flavor="IN RANGE">
<var>${index}</var>
<value>0</value>
<value>10</value>
<value>2</value>
<iter>
<var name="${index}">0</var>
<kw name="Log" library="BuiltIn">
<arg>${index}</arg>
<doc>Logs the given message with the given level.</doc>
<msg timestamp="20240211 14:35:06.716" level="TRACE">Arguments: [ 0 ]</msg>
<msg timestamp="20240211 14:35:06.716" level="INFO">0</msg>
<msg timestamp="20240211 14:35:06.716" level="TRACE">Return: None</msg>
<status status="PASS" starttime="20240211 14:35:06.716" endtime="20240211 14:35:06.716"/>
</kw>
<status status="PASS" starttime="20240211 14:35:06.716" endtime="20240211 14:35:06.716"/>
</iter>
<iter>
<var name="${index}">2</var>
<kw name="Log" library="BuiltIn">
<arg>${index}</arg>
<doc>Logs the given message with the given level.</doc>
<msg timestamp="20240211 14:35:06.717" level="TRACE">Arguments: [ 2 ]</msg>
<msg timestamp="20240211 14:35:06.717" level="INFO">2</msg>
<msg timestamp="20240211 14:35:06.717" level="TRACE">Return: None</msg>
<status status="PASS" starttime="20240211 14:35:06.717" endtime="20240211 14:35:06.717"/>
</kw>
<status status="PASS" starttime="20240211 14:35:06.717" endtime="20240211 14:35:06.717"/>
</iter>
<iter>
<var name="${index}">4</var>
<kw name="Log" library="BuiltIn">
<arg>${index}</arg>
<doc>Logs the given message with the given level.</doc>
<msg timestamp="20240211 14:35:06.718" level="TRACE">Arguments: [ 4 ]</msg>
<msg timestamp="20240211 14:35:06.718" level="INFO">4</msg>
<msg timestamp="20240211 14:35:06.718" level="TRACE">Return: None</msg>
<status status="PASS" starttime="20240211 14:35:06.718" endtime="20240211 14:35:06.718"/>
</kw>
<status status="PASS" starttime="20240211 14:35:06.717" endtime="20240211 14:35:06.718"/>
</iter>
<iter>
<var name="${index}">6</var>
<kw name="Log" library="BuiltIn">
<arg>${index}</arg>
<doc>Logs the given message with the given level.</doc>
<msg timestamp="20240211 14:35:06.718" level="TRACE">Arguments: [ 6 ]</msg>
<msg timestamp="20240211 14:35:06.718" level="INFO">6</msg>
<msg timestamp="20240211 14:35:06.718" level="TRACE">Return: None</msg>
<status status="PASS" starttime="20240211 14:35:06.718" endtime="20240211 14:35:06.718"/>
</kw>
<status status="PASS" starttime="20240211 14:35:06.718" endtime="20240211 14:35:06.719"/>
</iter>
<iter>
<var name="${index}">8</var>
<kw name="Log" library="BuiltIn">
<arg>${index}</arg>
<doc>Logs the given message with the given level.</doc>
<msg timestamp="20240211 14:35:06.719" level="TRACE">Arguments: [ 8 ]</msg>
<msg timestamp="20240211 14:35:06.719" level="INFO">8</msg>
<msg timestamp="20240211 14:35:06.719" level="TRACE">Return: None</msg>
<status status="PASS" starttime="20240211 14:35:06.719" endtime="20240211 14:35:06.719"/>
</kw>
<status status="PASS" starttime="20240211 14:35:06.719" endtime="20240211 14:35:06.720"/>
</iter>
<status status="PASS" starttime="20240211 14:35:06.715" endtime="20240211 14:35:06.720"/>
</for>
<tag>example</tag>
<status status="PASS" starttime="20240211 14:35:06.714" endtime="20240211 14:35:06.720"/>
</test>
<test id="s1-s1-t6" name="Nest loops" line="44">
<kw name="Create List" library="BuiltIn">
<var>@{alphabets}</var>
<arg>a</arg>
<arg>b</arg>
<arg>c</arg>
<doc>Returns a list containing given items.</doc>
<msg timestamp="20240211 14:35:06.720" level="TRACE">Arguments: [ 'a' | 'b' | 'c' ]</msg>
<msg timestamp="20240211 14:35:06.721" level="TRACE">Return: ['a', 'b', 'c']</msg>
<msg timestamp="20240211 14:35:06.721" level="INFO">@{alphabets} = [ a | b | c ]</msg>
<status status="PASS" starttime="20240211 14:35:06.720" endtime="20240211 14:35:06.721"/>
</kw>
<kw name="Log" library="BuiltIn">
<arg>${alphabets}</arg>
<doc>Logs the given message with the given level.</doc>
<msg timestamp="20240211 14:35:06.721" level="TRACE">Arguments: [ ['a', 'b', 'c'] ]</msg>
<msg timestamp="20240211 14:35:06.721" level="INFO">['a', 'b', 'c']</msg>
<msg timestamp="20240211 14:35:06.721" level="TRACE">Return: None</msg>
<status status="PASS" starttime="20240211 14:35:06.721" endtime="20240211 14:35:06.721"/>
</kw>
<kw name="Create List" library="BuiltIn">
<var>@{numbers}</var>
<arg>${1}</arg>
<arg>${2}</arg>
<arg>${3}</arg>
<doc>Returns a list containing given items.</doc>
<msg timestamp="20240211 14:35:06.722" level="TRACE">Arguments: [ 1 | 2 | 3 ]</msg>
<msg timestamp="20240211 14:35:06.722" level="TRACE">Return: [1, 2, 3]</msg>
<msg timestamp="20240211 14:35:06.722" level="INFO">@{numbers} = [ 1 | 2 | 3 ]</msg>
<status status="PASS" starttime="20240211 14:35:06.721" endtime="20240211 14:35:06.723"/>
</kw>
<kw name="Log" library="BuiltIn">
<arg>${numbers}</arg>
<doc>Logs the given message with the given level.</doc>
<msg timestamp="20240211 14:35:06.723" level="TRACE">Arguments: [ [1, 2, 3] ]</msg>
<msg timestamp="20240211 14:35:06.723" level="INFO">[1, 2, 3]</msg>
<msg timestamp="20240211 14:35:06.723" level="TRACE">Return: None</msg>
<status status="PASS" starttime="20240211 14:35:06.723" endtime="20240211 14:35:06.723"/>
</kw>
<for flavor="IN">
<var>${alphabet}</var>
<value>@{alphabets}</value>
<iter>
<var name="${alphabet}">a</var>
<for flavor="IN">
<var>${number}</var>
<value>@{numbers}</value>
<iter>
<var name="${number}">1</var>
<kw name="Log" library="BuiltIn">
<arg>${alphabet}${number}</arg>
<doc>Logs the given message with the given level.</doc>
<msg timestamp="20240211 14:35:06.724" level="TRACE">Arguments: [ 'a1' ]</msg>
<msg timestamp="20240211 14:35:06.724" level="INFO">a1</msg>
<msg timestamp="20240211 14:35:06.724" level="TRACE">Return: None</msg>
<status status="PASS" starttime="20240211 14:35:06.724" endtime="20240211 14:35:06.725"/>
</kw>
<status status="PASS" starttime="20240211 14:35:06.724" endtime="20240211 14:35:06.725"/>
</iter>
<iter>
<var name="${number}">2</var>
<kw name="Log" library="BuiltIn">
<arg>${alphabet}${number}</arg>
<doc>Logs the given message with the given level.</doc>
<msg timestamp="20240211 14:35:06.725" level="TRACE">Arguments: [ 'a2' ]</msg>
<msg timestamp="20240211 14:35:06.725" level="INFO">a2</msg>
<msg timestamp="20240211 14:35:06.725" level="TRACE">Return: None</msg>
<status status="PASS" starttime="20240211 14:35:06.725" endtime="20240211 14:35:06.725"/>
</kw>
<status status="PASS" starttime="20240211 14:35:06.725" endtime="20240211 14:35:06.725"/>
</iter>
<iter>
<var name="${number}">3</var>
<kw name="Log" library="BuiltIn">
<arg>${alphabet}${number}</arg>
<doc>Logs the given message with the given level.</doc>
<msg timestamp="20240211 14:35:06.726" level="TRACE">Arguments: [ 'a3' ]</msg>
<msg timestamp="20240211 14:35:06.726" level="INFO">a3</msg>
<msg timestamp="20240211 14:35:06.726" level="TRACE">Return: None</msg>
<status status="PASS" starttime="20240211 14:35:06.725" endtime="20240211 14:35:06.726"/>
</kw>
<status status="PASS" starttime="20240211 14:35:06.725" endtime="20240211 14:35:06.726"/>
</iter>
<status status="PASS" starttime="20240211 14:35:06.724" endtime="20240211 14:35:06.726"/>
</for>
<status status="PASS" starttime="20240211 14:35:06.724" endtime="20240211 14:35:06.726"/>
</iter>
<iter>
<var name="${alphabet}">b</var>
<for flavor="IN">
<var>${number}</var>
<value>@{numbers}</value>
<iter>
<var name="${number}">1</var>
<kw name="Log" library="BuiltIn">
<arg>${alphabet}${number}</arg>
<doc>Logs the given message with the given level.</doc>
<msg timestamp="20240211 14:35:06.727" level="TRACE">Arguments: [ 'b1' ]</msg>
<msg timestamp="20240211 14:35:06.727" level="INFO">b1</msg>
<msg timestamp="20240211 14:35:06.727" level="TRACE">Return: None</msg>
<status status="PASS" starttime="20240211 14:35:06.727" endtime="20240211 14:35:06.727"/>
</kw>
<status status="PASS" starttime="20240211 14:35:06.726" endtime="20240211 14:35:06.727"/>
</iter>
<iter>
<var name="${number}">2</var>
<kw name="Log" library="BuiltIn">
<arg>${alphabet}${number}</arg>
<doc>Logs the given message with the given level.</doc>
<msg timestamp="20240211 14:35:06.727" level="TRACE">Arguments: [ 'b2' ]</msg>
<msg timestamp="20240211 14:35:06.728" level="INFO">b2</msg>
<msg timestamp="20240211 14:35:06.728" level="TRACE">Return: None</msg>
<status status="PASS" starttime="20240211 14:35:06.727" endtime="20240211 14:35:06.728"/>
</kw>
<status status="PASS" starttime="20240211 14:35:06.727" endtime="20240211 14:35:06.728"/>
</iter>
<iter>
<var name="${number}">3</var>
<kw name="Log" library="BuiltIn">
<arg>${alphabet}${number}</arg>
<doc>Logs the given message with the given level.</doc>
<msg timestamp="20240211 14:35:06.728" level="TRACE">Arguments: [ 'b3' ]</msg>
<msg timestamp="20240211 14:35:06.728" level="INFO">b3</msg>
<msg timestamp="20240211 14:35:06.728" level="TRACE">Return: None</msg>
<status status="PASS" starttime="20240211 14:35:06.728" endtime="20240211 14:35:06.728"/>
</kw>
<status status="PASS" starttime="20240211 14:35:06.728" endtime="20240211 14:35:06.728"/>
</iter>
<status status="PASS" starttime="20240211 14:35:06.726" endtime="20240211 14:35:06.728"/>
</for>
<status status="PASS" starttime="20240211 14:35:06.726" endtime="20240211 14:35:06.728"/>
</iter>
<iter>
<var name="${alphabet}">c</var>
<for flavor="IN">
<var>${number}</var>
<value>@{numbers}</value>
<iter>
<var name="${number}">1</var>
<kw name="Log" library="BuiltIn">
<arg>${alphabet}${number}</arg>
<doc>Logs the given message with the given level.</doc>
<msg timestamp="20240211 14:35:06.729" level="TRACE">Arguments: [ 'c1' ]</msg>
<msg timestamp="20240211 14:35:06.729" level="INFO">c1</msg>
<msg timestamp="20240211 14:35:06.729" level="TRACE">Return: None</msg>
<status status="PASS" starttime="20240211 14:35:06.729" endtime="20240211 14:35:06.729"/>
</kw>
<status status="PASS" starttime="20240211 14:35:06.729" endtime="20240211 14:35:06.729"/>
</iter>
<iter>
<var name="${number}">2</var>
<kw name="Log" library="BuiltIn">
<arg>${alphabet}${number}</arg>
<doc>Logs the given message with the given level.</doc>
<msg timestamp="20240211 14:35:06.729" level="TRACE">Arguments: [ 'c2' ]</msg>
<msg timestamp="20240211 14:35:06.729" level="INFO">c2</msg>
<msg timestamp="20240211 14:35:06.729" level="TRACE">Return: None</msg>
<status status="PASS" starttime="20240211 14:35:06.729" endtime="20240211 14:35:06.730"/>
</kw>
<status status="PASS" starttime="20240211 14:35:06.729" endtime="20240211 14:35:06.730"/>
</iter>
<iter>
<var name="${number}">3</var>
<kw name="Log" library="BuiltIn">
<arg>${alphabet}${number}</arg>
<doc>Logs the given message with the given level.</doc>
<msg timestamp="20240211 14:35:06.730" level="TRACE">Arguments: [ 'c3' ]</msg>
<msg timestamp="20240211 14:35:06.730" level="INFO">c3</msg>
<msg timestamp="20240211 14:35:06.730" level="TRACE">Return: None</msg>
<status status="PASS" starttime="20240211 14:35:06.730" endtime="20240211 14:35:06.730"/>
</kw>
<status status="PASS" starttime="20240211 14:35:06.730" endtime="20240211 14:35:06.730"/>
</iter>
<status status="PASS" starttime="20240211 14:35:06.728" endtime="20240211 14:35:06.730"/>
</for>
<status status="PASS" starttime="20240211 14:35:06.728" endtime="20240211 14:35:06.730"/>
</iter>
<status status="PASS" starttime="20240211 14:35:06.724" endtime="20240211 14:35:06.730"/>
</for>
<tag>example</tag>
<status status="PASS" starttime="20240211 14:35:06.720" endtime="20240211 14:35:06.731"/>
</test>
<test id="s1-s1-t7" name="Exit a loop on condition" line="56">
<for flavor="IN RANGE">
<var>${i}</var>
<value>5</value>
<iter>
<var name="${i}">0</var>
<if>
<branch type="IF" condition="${i} == 2">
<break>
<status status="NOT RUN" starttime="20240211 14:35:06.732" endtime="20240211 14:35:06.732"/>
</break>
<status status="NOT RUN" starttime="20240211 14:35:06.731" endtime="20240211 14:35:06.732"/>
</branch>
<status status="PASS" starttime="20240211 14:35:06.731" endtime="20240211 14:35:06.732"/>
</if>
<kw name="Log" library="BuiltIn">
<arg>${i}</arg>
<doc>Logs the given message with the given level.</doc>
<msg timestamp="20240211 14:35:06.732" level="TRACE">Arguments: [ 0 ]</msg>
<msg timestamp="20240211 14:35:06.732" level="INFO">0</msg>
<msg timestamp="20240211 14:35:06.732" level="TRACE">Return: None</msg>
<status status="PASS" starttime="20240211 14:35:06.732" endtime="20240211 14:35:06.732"/>
</kw>
<status status="PASS" starttime="20240211 14:35:06.731" endtime="20240211 14:35:06.732"/>
</iter>
<iter>
<var name="${i}">1</var>
<if>
<branch type="IF" condition="${i} == 2">
<break>
<status status="NOT RUN" starttime="20240211 14:35:06.732" endtime="20240211 14:35:06.732"/>
</break>
<status status="NOT RUN" starttime="20240211 14:35:06.732" endtime="20240211 14:35:06.732"/>
</branch>
<status status="PASS" starttime="20240211 14:35:06.732" endtime="20240211 14:35:06.732"/>
</if>
<kw name="Log" library="BuiltIn">
<arg>${i}</arg>
<doc>Logs the given message with the given level.</doc>
<msg timestamp="20240211 14:35:06.733" level="TRACE">Arguments: [ 1 ]</msg>
<msg timestamp="20240211 14:35:06.733" level="INFO">1</msg>
<msg timestamp="20240211 14:35:06.733" level="TRACE">Return: None</msg>
<status status="PASS" starttime="20240211 14:35:06.733" endtime="20240211 14:35:06.733"/>
</kw>
<status status="PASS" starttime="20240211 14:35:06.732" endtime="20240211 14:35:06.733"/>
</iter>
<iter>
<var name="${i}">2</var>
<if>
<branch type="IF" condition="${i} == 2">
<break>
<status status="PASS" starttime="20240211 14:35:06.733" endtime="20240211 14:35:06.733"/>
</break>
<status status="PASS" starttime="20240211 14:35:06.733" endtime="20240211 14:35:06.733"/>
</branch>
<status status="PASS" starttime="20240211 14:35:06.733" endtime="20240211 14:35:06.733"/>
</if>
<kw name="Log" library="BuiltIn">
<arg>${i}</arg>
<doc>Logs the given message with the given level.</doc>
<status status="NOT RUN" starttime="20240211 14:35:06.733" endtime="20240211 14:35:06.733"/>
</kw>
<status status="PASS" starttime="20240211 14:35:06.733" endtime="20240211 14:35:06.733"/>
</iter>
<status status="PASS" starttime="20240211 14:35:06.731" endtime="20240211 14:35:06.733"/>
</for>
<tag>example</tag>
<status status="PASS" starttime="20240211 14:35:06.731" endtime="20240211 14:35:06.734"/>
</test>
<test id="s1-s1-t8" name="Continue a loop from the next iteration on condition" line="62">
<for flavor="IN RANGE">
<var>${i}</var>
<value>3</value>
<iter>
<var name="${i}">0</var>
<if>
<branch type="IF" condition="${i} == 1">
<continue>
<status status="NOT RUN" starttime="20240211 14:35:06.734" endtime="20240211 14:35:06.734"/>
</continue>
<status status="NOT RUN" starttime="20240211 14:35:06.734" endtime="20240211 14:35:06.735"/>
</branch>
<status status="PASS" starttime="20240211 14:35:06.734" endtime="20240211 14:35:06.735"/>
</if>
<kw name="Log" library="BuiltIn">
<arg>${i}</arg>
<doc>Logs the given message with the given level.</doc>
<msg timestamp="20240211 14:35:06.735" level="TRACE">Arguments: [ 0 ]</msg>
<msg timestamp="20240211 14:35:06.735" level="INFO">0</msg>
<msg timestamp="20240211 14:35:06.735" level="TRACE">Return: None</msg>
<status status="PASS" starttime="20240211 14:35:06.735" endtime="20240211 14:35:06.735"/>
</kw>
<status status="PASS" starttime="20240211 14:35:06.734" endtime="20240211 14:35:06.735"/>
</iter>
<iter>
<var name="${i}">1</var>
<if>
<branch type="IF" condition="${i} == 1">
<continue>
<status status="PASS" starttime="20240211 14:35:06.735" endtime="20240211 14:35:06.735"/>
</continue>
<status status="PASS" starttime="20240211 14:35:06.735" endtime="20240211 14:35:06.735"/>
</branch>
<status status="PASS" starttime="20240211 14:35:06.735" endtime="20240211 14:35:06.735"/>
</if>
<kw name="Log" library="BuiltIn">
<arg>${i}</arg>
<doc>Logs the given message with the given level.</doc>
<status status="NOT RUN" starttime="20240211 14:35:06.735" endtime="20240211 14:35:06.735"/>
</kw>
<status status="PASS" starttime="20240211 14:35:06.735" endtime="20240211 14:35:06.735"/>
</iter>
<iter>
<var name="${i}">2</var>
<if>
<branch type="IF" condition="${i} == 1">
<continue>
<status status="NOT RUN" starttime="20240211 14:35:06.736" endtime="20240211 14:35:06.736"/>
</continue>
<status status="NOT RUN" starttime="20240211 14:35:06.736" endtime="20240211 14:35:06.736"/>
</branch>
<status status="PASS" starttime="20240211 14:35:06.736" endtime="20240211 14:35:06.736"/>
</if>
<kw name="Log" library="BuiltIn">
<arg>${i}</arg>
<doc>Logs the given message with the given level.</doc>
<msg timestamp="20240211 14:35:06.736" level="TRACE">Arguments: [ 2 ]</msg>
<msg timestamp="20240211 14:35:06.736" level="INFO">2</msg>
<msg timestamp="20240211 14:35:06.736" level="TRACE">Return: None</msg>
<status status="PASS" starttime="20240211 14:35:06.736" endtime="20240211 14:35:06.736"/>
</kw>
<status status="PASS" starttime="20240211 14:35:06.736" endtime="20240211 14:35:06.736"/>
</iter>
<status status="PASS" starttime="20240211 14:35:06.734" endtime="20240211 14:35:06.736"/>
</for>
<tag>example</tag>
<status status="PASS" starttime="20240211 14:35:06.734" endtime="20240211 14:35:06.737"/>
</test>
<status status="PASS" starttime="20240211 14:35:06.686" endtime="20240211 14:35:06.737"/>
</suite>
<suite id="s1-s2" name="Test With File" source="/home/chme/git/python-robot-markdown/examples/Example_with_Files/test_with_file.robot">
<test id="s1-s2-t1" name="Test with file" line="16">
<kw name="Create File" library="OperatingSystem">
<arg>${OUTPUT_DIR}/myfiles/test_with_file.json</arg>
<arg>content=${JSON_CONTENT}</arg>
<doc>Creates a file with the given content and encoding.</doc>
<msg timestamp="20240211 14:35:06.742" level="TRACE">Arguments: [ '/home/chme/git/python-robot-markdown/examples/Example_with_Files/myfiles/test_with_file.json' | content='{\n"a": "b"\n}' ]</msg>
<msg timestamp="20240211 14:35:06.743" level="INFO" html="true">Created file '&lt;a href="file:///home/chme/git/python-robot-markdown/examples/Example_with_Files/myfiles/test_with_file.json"&gt;/home/chme/git/python-robot-markdown/examples/Example_with_Files/myfiles/test_with_file.json&lt;/a&gt;'.</msg>
<msg timestamp="20240211 14:35:06.743" level="TRACE">Return: None</msg>
<status status="PASS" starttime="20240211 14:35:06.742" endtime="20240211 14:35:06.743"/>
</kw>
<doc>File created in output folder in a Test Case</doc>
<tag>example</tag>
<status status="PASS" starttime="20240211 14:35:06.741" endtime="20240211 14:35:06.743"/>
</test>
<test id="s1-s2-t2" name="File in sub keyword" line="20">
<kw name="Create File In Output Folder">
<msg timestamp="20240211 14:35:06.744" level="TRACE">Arguments: [ ${filename}='mytestfile.txt' | ${content}='Lorem ipsum' ]</msg>
<kw name="Create File" library="OperatingSystem">
<arg>${OUTPUT_DIR}/${filename}</arg>
<arg>content=${content}</arg>
<doc>Creates a file with the given content and encoding.</doc>
<msg timestamp="20240211 14:35:06.745" level="TRACE">Arguments: [ '/home/chme/git/python-robot-markdown/examples/Example_with_Files/mytestfile.txt' | content='Lorem ipsum' ]</msg>
<msg timestamp="20240211 14:35:06.745" level="INFO" html="true">Created file '&lt;a href="file:///home/chme/git/python-robot-markdown/examples/Example_with_Files/mytestfile.txt"&gt;/home/chme/git/python-robot-markdown/examples/Example_with_Files/mytestfile.txt&lt;/a&gt;'.</msg>
<msg timestamp="20240211 14:35:06.746" level="TRACE">Return: None</msg>
<status status="PASS" starttime="20240211 14:35:06.745" endtime="20240211 14:35:06.746"/>
</kw>
<msg timestamp="20240211 14:35:06.746" level="TRACE">Return: None</msg>
<status status="PASS" starttime="20240211 14:35:06.744" endtime="20240211 14:35:06.746"/>
</kw>
<doc>File created in a sub keyword</doc>
<tag>example</tag>
<status status="PASS" starttime="20240211 14:35:06.743" endtime="20240211 14:35:06.746"/>
</test>
<test id="s1-s2-t3" name="Use IF construct in Robot Framework" line="24">
<if>
<branch type="IF" condition="${True}">
<kw name="Log" library="BuiltIn">
<arg>This line IS executed.</arg>
<doc>Logs the given message with the given level.</doc>
<msg timestamp="20240211 14:35:06.747" level="TRACE">Arguments: [ 'This line IS executed.' ]</msg>
<msg timestamp="20240211 14:35:06.747" level="INFO">This line IS executed.</msg>
<msg timestamp="20240211 14:35:06.747" level="TRACE">Return: None</msg>
<status status="PASS" starttime="20240211 14:35:06.747" endtime="20240211 14:35:06.747"/>
</kw>
<status status="PASS" starttime="20240211 14:35:06.747" endtime="20240211 14:35:06.747"/>
</branch>
<status status="PASS" starttime="20240211 14:35:06.747" endtime="20240211 14:35:06.747"/>
</if>
<if>
<branch type="IF" condition="${False}">
<kw name="Log" library="BuiltIn">
<arg>This line is NOT executed.</arg>
<doc>Logs the given message with the given level.</doc>
<status status="NOT RUN" starttime="20240211 14:35:06.748" endtime="20240211 14:35:06.748"/>
</kw>
<status status="NOT RUN" starttime="20240211 14:35:06.747" endtime="20240211 14:35:06.748"/>
</branch>
<status status="PASS" starttime="20240211 14:35:06.747" endtime="20240211 14:35:06.748"/>
</if>
<if>
<branch type="IF" condition="&quot;cat&quot; == &quot;cat&quot;">
<kw name="Log" library="BuiltIn">
<arg>This line IS executed.</arg>
<doc>Logs the given message with the given level.</doc>
<msg timestamp="20240211 14:35:06.748" level="TRACE">Arguments: [ 'This line IS executed.' ]</msg>
<msg timestamp="20240211 14:35:06.748" level="INFO">This line IS executed.</msg>
<msg timestamp="20240211 14:35:06.748" level="TRACE">Return: None</msg>
<status status="PASS" starttime="20240211 14:35:06.748" endtime="20240211 14:35:06.748"/>
</kw>
<status status="PASS" starttime="20240211 14:35:06.748" endtime="20240211 14:35:06.748"/>
</branch>
<status status="PASS" starttime="20240211 14:35:06.748" endtime="20240211 14:35:06.748"/>
</if>
<if>
<branch type="IF" condition="&quot;cat&quot; != &quot;dog&quot;">
<kw name="Log" library="BuiltIn">
<arg>This line IS executed.</arg>
<doc>Logs the given message with the given level.</doc>
<msg timestamp="20240211 14:35:06.749" level="TRACE">Arguments: [ 'This line IS executed.' ]</msg>
<msg timestamp="20240211 14:35:06.749" level="INFO">This line IS executed.</msg>
<msg timestamp="20240211 14:35:06.749" level="TRACE">Return: None</msg>
<status status="PASS" starttime="20240211 14:35:06.749" endtime="20240211 14:35:06.749"/>
</kw>
<status status="PASS" starttime="20240211 14:35:06.748" endtime="20240211 14:35:06.749"/>
</branch>
<status status="PASS" starttime="20240211 14:35:06.748" endtime="20240211 14:35:06.749"/>
</if>
<if>
<branch type="IF" condition="&quot;cat&quot; == &quot;dog&quot;">
<kw name="Log" library="BuiltIn">
<arg>This line is NOT executed.</arg>
<doc>Logs the given message with the given level.</doc>
<status status="NOT RUN" starttime="20240211 14:35:06.749" endtime="20240211 14:35:06.749"/>
</kw>
<status status="NOT RUN" starttime="20240211 14:35:06.749" endtime="20240211 14:35:06.749"/>
</branch>
<status status="PASS" starttime="20240211 14:35:06.749" endtime="20240211 14:35:06.749"/>
</if>
<if>
<branch type="IF" condition="&quot;cat&quot; == &quot;cat&quot; and &quot;dog&quot; == &quot;dog&quot;">
<kw name="Log" library="BuiltIn">
<arg>This line IS executed.</arg>
<doc>Logs the given message with the given level.</doc>
<msg timestamp="20240211 14:35:06.750" level="TRACE">Arguments: [ 'This line IS executed.' ]</msg>
<msg timestamp="20240211 14:35:06.750" level="INFO">This line IS executed.</msg>
<msg timestamp="20240211 14:35:06.750" level="TRACE">Return: None</msg>
<status status="PASS" starttime="20240211 14:35:06.750" endtime="20240211 14:35:06.750"/>
</kw>
<status status="PASS" starttime="20240211 14:35:06.749" endtime="20240211 14:35:06.750"/>
</branch>
<status status="PASS" starttime="20240211 14:35:06.749" endtime="20240211 14:35:06.750"/>
</if>
<if>
<branch type="IF" condition="&quot;cat&quot; == &quot;cat&quot; and &quot;dog&quot; == &quot;cat&quot;">
<kw name="Log" library="BuiltIn">
<arg>This line is NOT executed.</arg>
<doc>Logs the given message with the given level.</doc>
<status status="NOT RUN" starttime="20240211 14:35:06.750" endtime="20240211 14:35:06.750"/>
</kw>
<status status="NOT RUN" starttime="20240211 14:35:06.750" endtime="20240211 14:35:06.750"/>
</branch>
<status status="PASS" starttime="20240211 14:35:06.750" endtime="20240211 14:35:06.750"/>
</if>
<if>
<branch type="IF" condition="1 == 1">
<kw name="Log" library="BuiltIn">
<arg>This line IS executed.</arg>
<doc>Logs the given message with the given level.</doc>
<msg timestamp="20240211 14:35:06.751" level="TRACE">Arguments: [ 'This line IS executed.' ]</msg>
<msg timestamp="20240211 14:35:06.751" level="INFO">This line IS executed.</msg>
<msg timestamp="20240211 14:35:06.751" level="TRACE">Return: None</msg>
<status status="PASS" starttime="20240211 14:35:06.751" endtime="20240211 14:35:06.751"/>
</kw>
<status status="PASS" starttime="20240211 14:35:06.750" endtime="20240211 14:35:06.751"/>
</branch>
<status status="PASS" starttime="20240211 14:35:06.750" endtime="20240211 14:35:06.751"/>
</if>
<if>
<branch type="IF" condition="2 &lt; 1">
<kw name="Log" library="BuiltIn">
<arg>This line is NOT executed.</arg>
<doc>Logs the given message with the given level.</doc>
<status status="NOT RUN" starttime="20240211 14:35:06.751" endtime="20240211 14:35:06.751"/>
</kw>
<status status="NOT RUN" starttime="20240211 14:35:06.751" endtime="20240211 14:35:06.751"/>
</branch>
<status status="PASS" starttime="20240211 14:35:06.751" endtime="20240211 14:35:06.751"/>
</if>
<if>
<branch type="IF" condition="2 &lt;= 2">
<kw name="Log" library="BuiltIn">
<arg>This line IS executed.</arg>
<doc>Logs the given message with the given level.</doc>
<msg timestamp="20240211 14:35:06.752" level="TRACE">Arguments: [ 'This line IS executed.' ]</msg>
<msg timestamp="20240211 14:35:06.752" level="INFO">This line IS executed.</msg>
<msg timestamp="20240211 14:35:06.752" level="TRACE">Return: None</msg>
<status status="PASS" starttime="20240211 14:35:06.751" endtime="20240211 14:35:06.752"/>
</kw>
<status status="PASS" starttime="20240211 14:35:06.751" endtime="20240211 14:35:06.752"/>
</branch>
<status status="PASS" starttime="20240211 14:35:06.751" endtime="20240211 14:35:06.752"/>
</if>
<if>
<branch type="IF" condition="len(&quot;cat&quot;) == 3">
<kw name="Log" library="BuiltIn">
<arg>This line IS executed.</arg>
<doc>Logs the given message with the given level.</doc>
<msg timestamp="20240211 14:35:06.752" level="TRACE">Arguments: [ 'This line IS executed.' ]</msg>
<msg timestamp="20240211 14:35:06.752" level="INFO">This line IS executed.</msg>
<msg timestamp="20240211 14:35:06.752" level="TRACE">Return: None</msg>
<status status="PASS" starttime="20240211 14:35:06.752" endtime="20240211 14:35:06.752"/>
</kw>
<status status="PASS" starttime="20240211 14:35:06.752" endtime="20240211 14:35:06.752"/>
</branch>
<status status="PASS" starttime="20240211 14:35:06.752" endtime="20240211 14:35:06.752"/>
</if>
<if>
<branch type="IF" condition="(1 == 1 and 2 == 2) and 3 == 3">
<kw name="Log" library="BuiltIn">
<arg>This line IS executed since the expressions evaluate to True.</arg>
<doc>Logs the given message with the given level.</doc>
<msg timestamp="20240211 14:35:06.753" level="TRACE">Arguments: [ 'This line IS executed since the expressions evaluate to True.' ]</msg>
<msg timestamp="20240211 14:35:06.753" level="INFO">This line IS executed since the expressions evaluate to True.</msg>
<msg timestamp="20240211 14:35:06.753" level="TRACE">Return: None</msg>
<status status="PASS" starttime="20240211 14:35:06.753" endtime="20240211 14:35:06.753"/>
</kw>
<status status="PASS" starttime="20240211 14:35:06.752" endtime="20240211 14:35:06.753"/>
</branch>
<status status="PASS" starttime="20240211 14:35:06.752" endtime="20240211 14:35:06.753"/>
</if>
<if>
<branch type="IF" condition="(1 == 2 or 3 == 4) or 3 == 3">
<kw name="Log" library="BuiltIn">
<arg>This line IS executed since one of the expressions evaluates to True.</arg>
<doc>Logs the given message with the given level.</doc>
<msg timestamp="20240211 14:35:06.753" level="TRACE">Arguments: [ 'This line IS executed since one of the expressions evaluates to True.' ]</msg>
<msg timestamp="20240211 14:35:06.753" level="INFO">This line IS executed since one of the expressions evaluates to True.</msg>
<msg timestamp="20240211 14:35:06.753" level="TRACE">Return: None</msg>
<status status="PASS" starttime="20240211 14:35:06.753" endtime="20240211 14:35:06.753"/>
</kw>
<status status="PASS" starttime="20240211 14:35:06.753" endtime="20240211 14:35:06.754"/>
</branch>
<status status="PASS" starttime="20240211 14:35:06.753" endtime="20240211 14:35:06.754"/>
</if>
<tag>example</tag>
<status status="PASS" starttime="20240211 14:35:06.746" endtime="20240211 14:35:06.754"/>
</test>
<test id="s1-s2-t4" name="Use inline IF construct in Robot Framework" line="65">
<if>
<branch type="IF" condition="&quot;cat&quot; == &quot;cat&quot;">
<kw name="Log" library="BuiltIn">
<arg>This is logged.</arg>
<doc>Logs the given message with the given level.</doc>
<msg timestamp="20240211 14:35:06.754" level="TRACE">Arguments: [ 'This is logged.' ]</msg>
<msg timestamp="20240211 14:35:06.755" level="INFO">This is logged.</msg>
<msg timestamp="20240211 14:35:06.755" level="TRACE">Return: None</msg>
<status status="PASS" starttime="20240211 14:35:06.754" endtime="20240211 14:35:06.755"/>
</kw>
<status status="PASS" starttime="20240211 14:35:06.754" endtime="20240211 14:35:06.755"/>
</branch>
<branch type="ELSE">
<kw name="Log" library="BuiltIn">
<arg>This is NOT logged.</arg>
<doc>Logs the given message with the given level.</doc>
<status status="NOT RUN" starttime="20240211 14:35:06.755" endtime="20240211 14:35:06.755"/>
</kw>
<status status="NOT RUN" starttime="20240211 14:35:06.755" endtime="20240211 14:35:06.755"/>
</branch>
<status status="PASS" starttime="20240211 14:35:06.754" endtime="20240211 14:35:06.755"/>
</if>
<tag>example</tag>
<status status="PASS" starttime="20240211 14:35:06.754" endtime="20240211 14:35:06.755"/>
</test>
<test id="s1-s2-t5" name="Use IF / ELSE construct in Robot Framework" line="68">
<if>
<branch type="IF" condition="1 == 1">
<kw name="Log" library="BuiltIn">
<arg>This line IS executed.</arg>
<doc>Logs the given message with the given level.</doc>
<msg timestamp="20240211 14:35:06.757" level="TRACE">Arguments: [ 'This line IS executed.' ]</msg>
<msg timestamp="20240211 14:35:06.757" level="INFO">This line IS executed.</msg>
<msg timestamp="20240211 14:35:06.757" level="TRACE">Return: None</msg>
<status status="PASS" starttime="20240211 14:35:06.756" endtime="20240211 14:35:06.757"/>
</kw>
<status status="PASS" starttime="20240211 14:35:06.756" endtime="20240211 14:35:06.757"/>
</branch>
<branch type="ELSE">
<kw name="Log" library="BuiltIn">
<arg>This line is NOT executed.</arg>
<doc>Logs the given message with the given level.</doc>
<status status="NOT RUN" starttime="20240211 14:35:06.757" endtime="20240211 14:35:06.757"/>
</kw>
<status status="NOT RUN" starttime="20240211 14:35:06.757" endtime="20240211 14:35:06.757"/>
</branch>
<status status="PASS" starttime="20240211 14:35:06.756" endtime="20240211 14:35:06.757"/>
</if>
<if>
<branch type="IF" condition="1 == 2">
<kw name="Log" library="BuiltIn">
<arg>This line is NOT executed.</arg>
<doc>Logs the given message with the given level.</doc>
<status status="NOT RUN" starttime="20240211 14:35:06.758" endtime="20240211 14:35:06.758"/>
</kw>
<status status="NOT RUN" starttime="20240211 14:35:06.757" endtime="20240211 14:35:06.758"/>
</branch>
<branch type="ELSE">
<kw name="Log" library="BuiltIn">
<arg>This line IS executed.</arg>
<doc>Logs the given message with the given level.</doc>
<msg timestamp="20240211 14:35:06.758" level="TRACE">Arguments: [ 'This line IS executed.' ]</msg>
<msg timestamp="20240211 14:35:06.758" level="INFO">This line IS executed.</msg>
<msg timestamp="20240211 14:35:06.758" level="TRACE">Return: None</msg>
<status status="PASS" starttime="20240211 14:35:06.758" endtime="20240211 14:35:06.758"/>
</kw>
<status status="PASS" starttime="20240211 14:35:06.758" endtime="20240211 14:35:06.758"/>
</branch>
<status status="PASS" starttime="20240211 14:35:06.757" endtime="20240211 14:35:06.758"/>
</if>
<tag>example</tag>
<status status="PASS" starttime="20240211 14:35:06.755" endtime="20240211 14:35:06.758"/>
</test>
<test id="s1-s2-t6" name="Use IF / ELSE IF construct in Robot Framework" line="80">
<if>
<branch type="IF" condition="1 == 1">
<kw name="Log" library="BuiltIn">
<arg>This line IS executed.</arg>
<doc>Logs the given message with the given level.</doc>
<msg timestamp="20240211 14:35:06.759" level="TRACE">Arguments: [ 'This line IS executed.' ]</msg>
<msg timestamp="20240211 14:35:06.759" level="INFO">This line IS executed.</msg>
<msg timestamp="20240211 14:35:06.759" level="TRACE">Return: None</msg>
<status status="PASS" starttime="20240211 14:35:06.759" endtime="20240211 14:35:06.759"/>
</kw>
<status status="PASS" starttime="20240211 14:35:06.759" endtime="20240211 14:35:06.760"/>
</branch>
<branch type="ELSE IF" condition="2 == 2">
<kw name="Log" library="BuiltIn">
<arg>This line is NOT executed.</arg>
<doc>Logs the given message with the given level.</doc>
<status status="NOT RUN" starttime="20240211 14:35:06.760" endtime="20240211 14:35:06.760"/>
</kw>
<status status="NOT RUN" starttime="20240211 14:35:06.760" endtime="20240211 14:35:06.760"/>
</branch>
<status status="PASS" starttime="20240211 14:35:06.759" endtime="20240211 14:35:06.760"/>
</if>
<if>
<branch type="IF" condition="1 == 2">
<kw name="Log" library="BuiltIn">
<arg>This line is NOT executed.</arg>
<doc>Logs the given message with the given level.</doc>
<status status="NOT RUN" starttime="20240211 14:35:06.760" endtime="20240211 14:35:06.760"/>
</kw>
<status status="NOT RUN" starttime="20240211 14:35:06.760" endtime="20240211 14:35:06.760"/>
</branch>
<branch type="ELSE IF" condition="2 == 2">
<kw name="Log" library="BuiltIn">
<arg>This line IS executed.</arg>
<doc>Logs the given message with the given level.</doc>
<msg timestamp="20240211 14:35:06.760" level="TRACE">Arguments: [ 'This line IS executed.' ]</msg>
<msg timestamp="20240211 14:35:06.760" level="INFO">This line IS executed.</msg>
<msg timestamp="20240211 14:35:06.761" level="TRACE">Return: None</msg>
<status status="PASS" starttime="20240211 14:35:06.760" endtime="20240211 14:35:06.761"/>
</kw>
<status status="PASS" starttime="20240211 14:35:06.760" endtime="20240211 14:35:06.761"/>
</branch>
<status status="PASS" starttime="20240211 14:35:06.760" endtime="20240211 14:35:06.761"/>
</if>
<if>
<branch type="IF" condition="1 == 2">
<kw name="Log" library="BuiltIn">
<arg>This line is NOT executed.</arg>
<doc>Logs the given message with the given level.</doc>
<status status="NOT RUN" starttime="20240211 14:35:06.761" endtime="20240211 14:35:06.761"/>
</kw>
<status status="NOT RUN" starttime="20240211 14:35:06.761" endtime="20240211 14:35:06.761"/>
</branch>
<branch type="ELSE IF" condition="2 == 3">
<kw name="Log" library="BuiltIn">
<arg>This line is NOT executed.</arg>
<doc>Logs the given message with the given level.</doc>
<status status="NOT RUN" starttime="20240211 14:35:06.761" endtime="20240211 14:35:06.761"/>
</kw>
<status status="NOT RUN" starttime="20240211 14:35:06.761" endtime="20240211 14:35:06.761"/>
</branch>
<status status="PASS" starttime="20240211 14:35:06.761" endtime="20240211 14:35:06.761"/>
</if>
<tag>example</tag>
<status status="PASS" starttime="20240211 14:35:06.759" endtime="20240211 14:35:06.762"/>
</test>
<test id="s1-s2-t7" name="Use IF / ELSE IF / ELSE construct in Robot Framework" line="97">
<if>
<branch type="IF" condition="1 == 1">
<kw name="Log" library="BuiltIn">
<arg>This line IS executed.</arg>
<doc>Logs the given message with the given level.</doc>
<msg timestamp="20240211 14:35:06.763" level="TRACE">Arguments: [ 'This line IS executed.' ]</msg>
<msg timestamp="20240211 14:35:06.763" level="INFO">This line IS executed.</msg>
<msg timestamp="20240211 14:35:06.763" level="TRACE">Return: None</msg>
<status status="PASS" starttime="20240211 14:35:06.763" endtime="20240211 14:35:06.763"/>
</kw>
<status status="PASS" starttime="20240211 14:35:06.762" endtime="20240211 14:35:06.763"/>
</branch>
<branch type="ELSE IF" condition="2 == 2">
<kw name="Log" library="BuiltIn">
<arg>This line is NOT executed.</arg>
<doc>Logs the given message with the given level.</doc>
<status status="NOT RUN" starttime="20240211 14:35:06.763" endtime="20240211 14:35:06.764"/>
</kw>
<status status="NOT RUN" starttime="20240211 14:35:06.763" endtime="20240211 14:35:06.764"/>
</branch>
<branch type="ELSE">
<kw name="Log" library="BuiltIn">
<arg>This line is NOT executed.</arg>
<doc>Logs the given message with the given level.</doc>
<status status="NOT RUN" starttime="20240211 14:35:06.764" endtime="20240211 14:35:06.764"/>
</kw>
<status status="NOT RUN" starttime="20240211 14:35:06.764" endtime="20240211 14:35:06.764"/>
</branch>
<status status="PASS" starttime="20240211 14:35:06.762" endtime="20240211 14:35:06.764"/>
</if>
<if>
<branch type="IF" condition="1 == 2">
<kw name="Log" library="BuiltIn">
<arg>This line is NOT executed.</arg>
<doc>Logs the given message with the given level.</doc>
<status status="NOT RUN" starttime="20240211 14:35:06.764" endtime="20240211 14:35:06.765"/>
</kw>
<status status="NOT RUN" starttime="20240211 14:35:06.764" endtime="20240211 14:35:06.765"/>
</branch>
<branch type="ELSE IF" condition="2 == 2">
<kw name="Log" library="BuiltIn">
<arg>This line IS executed.</arg>
<doc>Logs the given message with the given level.</doc>
<msg timestamp="20240211 14:35:06.765" level="TRACE">Arguments: [ 'This line IS executed.' ]</msg>
<msg timestamp="20240211 14:35:06.765" level="INFO">This line IS executed.</msg>
<msg timestamp="20240211 14:35:06.765" level="TRACE">Return: None</msg>
<status status="PASS" starttime="20240211 14:35:06.765" endtime="20240211 14:35:06.765"/>
</kw>
<status status="PASS" starttime="20240211 14:35:06.765" endtime="20240211 14:35:06.765"/>
</branch>
<branch type="ELSE">
<kw name="Log" library="BuiltIn">
<arg>This line is NOT executed.</arg>
<doc>Logs the given message with the given level.</doc>
<status status="NOT RUN" starttime="20240211 14:35:06.765" endtime="20240211 14:35:06.766"/>
</kw>
<status status="NOT RUN" starttime="20240211 14:35:06.765" endtime="20240211 14:35:06.766"/>
</branch>
<status status="PASS" starttime="20240211 14:35:06.764" endtime="20240211 14:35:06.766"/>
</if>
<if>
<branch type="IF" condition="1 == 2">
<kw name="Log" library="BuiltIn">
<arg>This line is NOT executed.</arg>
<doc>Logs the given message with the given level.</doc>
<status status="NOT RUN" starttime="20240211 14:35:06.766" endtime="20240211 14:35:06.766"/>
</kw>
<status status="NOT RUN" starttime="20240211 14:35:06.766" endtime="20240211 14:35:06.766"/>
</branch>
<branch type="ELSE IF" condition="2 == 3">
<kw name="Log" library="BuiltIn">
<arg>This line is NOT executed.</arg>
<doc>Logs the given message with the given level.</doc>
<status status="NOT RUN" starttime="20240211 14:35:06.766" endtime="20240211 14:35:06.766"/>
</kw>
<status status="NOT RUN" starttime="20240211 14:35:06.766" endtime="20240211 14:35:06.766"/>
</branch>
<branch type="ELSE">
<kw name="Log" library="BuiltIn">
<arg>This line IS executed.</arg>
<doc>Logs the given message with the given level.</doc>
<msg timestamp="20240211 14:35:06.767" level="TRACE">Arguments: [ 'This line IS executed.' ]</msg>
<msg timestamp="20240211 14:35:06.767" level="INFO">This line IS executed.</msg>
<msg timestamp="20240211 14:35:06.767" level="TRACE">Return: None</msg>
<status status="PASS" starttime="20240211 14:35:06.766" endtime="20240211 14:35:06.767"/>
</kw>
<status status="PASS" starttime="20240211 14:35:06.766" endtime="20240211 14:35:06.767"/>
</branch>
<status status="PASS" starttime="20240211 14:35:06.766" endtime="20240211 14:35:06.767"/>
</if>
<tag>example</tag>
<status status="PASS" starttime="20240211 14:35:06.762" endtime="20240211 14:35:06.767"/>
</test>
<test id="s1-s2-t8" name="Use Run Keyword If in Robot Framework" line="120">
<kw name="Run Keyword If" library="BuiltIn">
<arg>${True}</arg>
<arg>Log</arg>
<arg>This line IS executed.</arg>
<doc>Runs the given keyword with the given arguments, if ``condition`` is true.</doc>
<msg timestamp="20240211 14:35:06.768" level="TRACE">Arguments: [ True | 'Log' | 'This line IS executed.' ]</msg>
<kw name="Log" library="BuiltIn">
<arg>This line IS executed.</arg>
<doc>Logs the given message with the given level.</doc>
<msg timestamp="20240211 14:35:06.768" level="TRACE">Arguments: [ 'This line IS executed.' ]</msg>
<msg timestamp="20240211 14:35:06.768" level="INFO">This line IS executed.</msg>
<msg timestamp="20240211 14:35:06.768" level="TRACE">Return: None</msg>
<status status="PASS" starttime="20240211 14:35:06.768" endtime="20240211 14:35:06.768"/>
</kw>
<msg timestamp="20240211 14:35:06.768" level="TRACE">Return: None</msg>
<status status="PASS" starttime="20240211 14:35:06.768" endtime="20240211 14:35:06.768"/>
</kw>
<kw name="Run Keyword If" library="BuiltIn">
<arg>${False}</arg>
<arg>Log</arg>
<arg>This line is NOT executed.</arg>
<doc>Runs the given keyword with the given arguments, if ``condition`` is true.</doc>
<msg timestamp="20240211 14:35:06.769" level="TRACE">Arguments: [ False | 'Log' | 'This line is NOT executed.' ]</msg>
<msg timestamp="20240211 14:35:06.769" level="TRACE">Return: None</msg>
<status status="PASS" starttime="20240211 14:35:06.769" endtime="20240211 14:35:06.769"/>
</kw>
<tag>example</tag>
<status status="PASS" starttime="20240211 14:35:06.767" endtime="20240211 14:35:06.769"/>
</test>
<test id="s1-s2-t9" name="Use Run Keyword Unless in Robot Framework" line="124">
<kw name="Run Keyword Unless" library="BuiltIn">
<arg>${True}</arg>
<arg>Log</arg>
<arg>This line is NOT executed.</arg>
<doc>*DEPRECATED since RF 5.0. Use Native IF/ELSE or `Run Keyword If` instead.*</doc>
<msg timestamp="20240211 14:35:06.770" level="WARN">Keyword 'BuiltIn.Run Keyword Unless' is deprecated. </msg>
<msg timestamp="20240211 14:35:06.770" level="TRACE">Arguments: [ True | 'Log' | 'This line is NOT executed.' ]</msg>
<msg timestamp="20240211 14:35:06.770" level="TRACE">Return: None</msg>
<status status="PASS" starttime="20240211 14:35:06.770" endtime="20240211 14:35:06.770"/>
</kw>
<kw name="Run Keyword Unless" library="BuiltIn">
<arg>${False}</arg>
<arg>Log</arg>
<arg>This line IS executed.</arg>
<doc>*DEPRECATED since RF 5.0. Use Native IF/ELSE or `Run Keyword If` instead.*</doc>
<msg timestamp="20240211 14:35:06.770" level="WARN">Keyword 'BuiltIn.Run Keyword Unless' is deprecated. </msg>
<msg timestamp="20240211 14:35:06.770" level="TRACE">Arguments: [ False | 'Log' | 'This line IS executed.' ]</msg>
<kw name="Log" library="BuiltIn">
<arg>This line IS executed.</arg>
<doc>Logs the given message with the given level.</doc>
<msg timestamp="20240211 14:35:06.770" level="TRACE">Arguments: [ 'This line IS executed.' ]</msg>
<msg timestamp="20240211 14:35:06.771" level="INFO">This line IS executed.</msg>
<msg timestamp="20240211 14:35:06.771" level="TRACE">Return: None</msg>
<status status="PASS" starttime="20240211 14:35:06.770" endtime="20240211 14:35:06.771"/>
</kw>
<msg timestamp="20240211 14:35:06.771" level="TRACE">Return: None</msg>
<status status="PASS" starttime="20240211 14:35:06.770" endtime="20240211 14:35:06.771"/>
</kw>
<tag>example</tag>
<status status="PASS" starttime="20240211 14:35:06.769" endtime="20240211 14:35:06.771"/>
</test>
<test id="s1-s2-t10" name="Execute a for loop only three times" line="128">
<for flavor="IN">
<var>${robot}</var>
<value>@{ROBOTS}</value>
<iter>
<var name="${robot}">Bender</var>
<if>
<branch type="IF" condition="$robot == 'Terminator'">
<continue>
<status status="NOT RUN" starttime="20240211 14:35:06.776" endtime="20240211 14:35:06.776"/>
</continue>
<status status="NOT RUN" starttime="20240211 14:35:06.772" endtime="20240211 14:35:06.776"/>
</branch>
<status status="PASS" starttime="20240211 14:35:06.772" endtime="20240211 14:35:06.776"/>
</if>
<kw name="Log" library="BuiltIn">
<arg>${robot}</arg>
<doc>Logs the given message with the given level.</doc>
<msg timestamp="20240211 14:35:06.777" level="TRACE">Arguments: [ 'Bender' ]</msg>
<msg timestamp="20240211 14:35:06.777" level="INFO">Bender</msg>
<msg timestamp="20240211 14:35:06.777" level="TRACE">Return: None</msg>
<status status="PASS" starttime="20240211 14:35:06.777" endtime="20240211 14:35:06.777"/>
</kw>
<status status="PASS" starttime="20240211 14:35:06.772" endtime="20240211 14:35:06.777"/>
</iter>
<iter>
<var name="${robot}">Johnny5</var>
<if>
<branch type="IF" condition="$robot == 'Terminator'">
<continue>
<status status="NOT RUN" starttime="20240211 14:35:06.777" endtime="20240211 14:35:06.777"/>
</continue>
<status status="NOT RUN" starttime="20240211 14:35:06.777" endtime="20240211 14:35:06.777"/>
</branch>
<status status="PASS" starttime="20240211 14:35:06.777" endtime="20240211 14:35:06.777"/>
</if>
<kw name="Log" library="BuiltIn">
<arg>${robot}</arg>
<doc>Logs the given message with the given level.</doc>
<msg timestamp="20240211 14:35:06.778" level="TRACE">Arguments: [ 'Johnny5' ]</msg>
<msg timestamp="20240211 14:35:06.778" level="INFO">Johnny5</msg>
<msg timestamp="20240211 14:35:06.778" level="TRACE">Return: None</msg>
<status status="PASS" starttime="20240211 14:35:06.778" endtime="20240211 14:35:06.778"/>
</kw>
<status status="PASS" starttime="20240211 14:35:06.777" endtime="20240211 14:35:06.778"/>
</iter>
<iter>
<var name="${robot}">Terminator</var>
<if>
<branch type="IF" condition="$robot == 'Terminator'">
<continue>
<status status="PASS" starttime="20240211 14:35:06.778" endtime="20240211 14:35:06.778"/>
</continue>
<status status="PASS" starttime="20240211 14:35:06.778" endtime="20240211 14:35:06.778"/>
</branch>
<status status="PASS" starttime="20240211 14:35:06.778" endtime="20240211 14:35:06.778"/>
</if>
<kw name="Log" library="BuiltIn">
<arg>${robot}</arg>
<doc>Logs the given message with the given level.</doc>
<status status="NOT RUN" starttime="20240211 14:35:06.778" endtime="20240211 14:35:06.779"/>
</kw>
<status status="PASS" starttime="20240211 14:35:06.778" endtime="20240211 14:35:06.779"/>
</iter>
<iter>
<var name="${robot}">Robocop</var>
<if>
<branch type="IF" condition="$robot == 'Terminator'">
<continue>
<status status="NOT RUN" starttime="20240211 14:35:06.779" endtime="20240211 14:35:06.779"/>
</continue>
<status status="NOT RUN" starttime="20240211 14:35:06.779" endtime="20240211 14:35:06.779"/>
</branch>
<status status="PASS" starttime="20240211 14:35:06.779" endtime="20240211 14:35:06.779"/>
</if>
<kw name="Log" library="BuiltIn">
<arg>${robot}</arg>
<doc>Logs the given message with the given level.</doc>
<msg timestamp="20240211 14:35:06.779" level="TRACE">Arguments: [ 'Robocop' ]</msg>
<msg timestamp="20240211 14:35:06.779" level="INFO">Robocop</msg>
<msg timestamp="20240211 14:35:06.780" level="TRACE">Return: None</msg>
<status status="PASS" starttime="20240211 14:35:06.779" endtime="20240211 14:35:06.780"/>
</kw>
<status status="PASS" starttime="20240211 14:35:06.779" endtime="20240211 14:35:06.780"/>
</iter>
<status status="PASS" starttime="20240211 14:35:06.772" endtime="20240211 14:35:06.780"/>
</for>
<tag>example</tag>
<status status="PASS" starttime="20240211 14:35:06.771" endtime="20240211 14:35:06.780"/>
</test>
<doc>A simple test suite to show case how files created
in the output folder are included in robot-markdown
generated documentation.</doc>
<status status="PASS" starttime="20240211 14:35:06.738" endtime="20240211 14:35:06.781"/>
</suite>
<suite id="s1-s3" name="Try Except Finally" source="/home/chme/git/python-robot-markdown/examples/Example_with_Files/try_except_finally.robot">
<test id="s1-s3-t1" name="TRY / EXCEPT: Catch any exception" line="5">
<try>
<branch type="TRY">
<kw name="Fail" library="BuiltIn">
<doc>Fails the test with the given message and optionally alters its tags.</doc>
<msg timestamp="20240211 14:35:06.784" level="TRACE">Arguments: [  ]</msg>
<msg timestamp="20240211 14:35:06.784" level="FAIL">AssertionError</msg>
<msg timestamp="20240211 14:35:06.785" level="DEBUG">Traceback (most recent call last):
  None
AssertionError</msg>
<status status="FAIL" starttime="20240211 14:35:06.784" endtime="20240211 14:35:06.785"/>
</kw>
<status status="FAIL" starttime="20240211 14:35:06.784" endtime="20240211 14:35:06.785"/>
</branch>
<branch type="EXCEPT">
<kw name="Log" library="BuiltIn">
<arg>EXCEPT with no arguments catches any exception.</arg>
<doc>Logs the given message with the given level.</doc>
<msg timestamp="20240211 14:35:06.785" level="TRACE">Arguments: [ 'EXCEPT with no arguments catches any exception.' ]</msg>
<msg timestamp="20240211 14:35:06.785" level="INFO">EXCEPT with no arguments catches any exception.</msg>
<msg timestamp="20240211 14:35:06.785" level="TRACE">Return: None</msg>
<status status="PASS" starttime="20240211 14:35:06.785" endtime="20240211 14:35:06.785"/>
</kw>
<status status="PASS" starttime="20240211 14:35:06.785" endtime="20240211 14:35:06.785"/>
</branch>
<status status="PASS" starttime="20240211 14:35:06.784" endtime="20240211 14:35:06.785"/>
</try>
<tag>example</tag>
<status status="PASS" starttime="20240211 14:35:06.784" endtime="20240211 14:35:06.785"/>
</test>
<test id="s1-s3-t2" name="TRY / EXCEPT: Catch an exception by exact message" line="12">
<try>
<branch type="TRY">
<kw name="Fail" library="BuiltIn">
<arg>Error message</arg>
<doc>Fails the test with the given message and optionally alters its tags.</doc>
<msg timestamp="20240211 14:35:06.786" level="TRACE">Arguments: [ 'Error message' ]</msg>
<msg timestamp="20240211 14:35:06.786" level="FAIL">Error message</msg>
<msg timestamp="20240211 14:35:06.786" level="DEBUG">Traceback (most recent call last):
  None
AssertionError: Error message</msg>
<status status="FAIL" starttime="20240211 14:35:06.786" endtime="20240211 14:35:06.787"/>
</kw>
<status status="FAIL" starttime="20240211 14:35:06.786" endtime="20240211 14:35:06.787"/>
</branch>
<branch type="EXCEPT">
<pattern>Error message</pattern>
<kw name="Log" library="BuiltIn">
<arg>Catches only "Error message" exceptions.</arg>
<doc>Logs the given message with the given level.</doc>
<msg timestamp="20240211 14:35:06.787" level="TRACE">Arguments: [ 'Catches only "Error message" exceptions.' ]</msg>
<msg timestamp="20240211 14:35:06.787" level="INFO">Catches only "Error message" exceptions.</msg>
<msg timestamp="20240211 14:35:06.787" level="TRACE">Return: None</msg>
<status status="PASS" starttime="20240211 14:35:06.787" endtime="20240211 14:35:06.787"/>
</kw>
<kw name="Log" library="BuiltIn">
<arg>Enables error-specific exception handling.</arg>
<doc>Logs the given message with the given level.</doc>
<msg timestamp="20240211 14:35:06.787" level="TRACE">Arguments: [ 'Enables error-specific exception handling.' ]</msg>
<msg timestamp="20240211 14:35:06.787" level="INFO">Enables error-specific exception handling.</msg>
<msg timestamp="20240211 14:35:06.787" level="TRACE">Return: None</msg>
<status status="PASS" starttime="20240211 14:35:06.787" endtime="20240211 14:35:06.787"/>
</kw>
<status status="PASS" starttime="20240211 14:35:06.787" endtime="20240211 14:35:06.787"/>
</branch>
<status status="PASS" starttime="20240211 14:35:06.786" endtime="20240211 14:35:06.787"/>
</try>
<tag>example</tag>
<status status="PASS" starttime="20240211 14:35:06.786" endtime="20240211 14:35:06.788"/>
</test>
<test id="s1-s3-t3" name="TRY / EXCEPT: Multiple EXCEPT statements" line="20">
<try>
<branch type="TRY">
<kw name="Fail" library="BuiltIn">
<arg>Error message</arg>
<doc>Fails the test with the given message and optionally alters its tags.</doc>
<msg timestamp="20240211 14:35:06.789" level="TRACE">Arguments: [ 'Error message' ]</msg>
<msg timestamp="20240211 14:35:06.789" level="FAIL">Error message</msg>
<msg timestamp="20240211 14:35:06.790" level="DEBUG">Traceback (most recent call last):
  None
AssertionError: Error message</msg>
<status status="FAIL" starttime="20240211 14:35:06.789" endtime="20240211 14:35:06.790"/>
</kw>
<status status="FAIL" starttime="20240211 14:35:06.788" endtime="20240211 14:35:06.790"/>
</branch>
<branch type="EXCEPT">
<pattern>Another error message</pattern>
<kw name="Log" library="BuiltIn">
<arg>Catches only "Another error message" exceptions.</arg>
<doc>Logs the given message with the given level.</doc>
<status status="NOT RUN" starttime="20240211 14:35:06.790" endtime="20240211 14:35:06.790"/>
</kw>
<status status="NOT RUN" starttime="20240211 14:35:06.790" endtime="20240211 14:35:06.790"/>
</branch>
<branch type="EXCEPT">
<pattern>Error message</pattern>
<kw name="Log" library="BuiltIn">
<arg>Catches the "Error message" exception.</arg>
<doc>Logs the given message with the given level.</doc>
<msg timestamp="20240211 14:35:06.791" level="TRACE">Arguments: [ 'Catches the "Error message" exception.' ]</msg>
<msg timestamp="20240211 14:35:06.791" level="INFO">Catches the "Error message" exception.</msg>
<msg timestamp="20240211 14:35:06.791" level="TRACE">Return: None</msg>
<status status="PASS" starttime="20240211 14:35:06.790" endtime="20240211 14:35:06.791"/>
</kw>
<status status="PASS" starttime="20240211 14:35:06.790" endtime="20240211 14:35:06.791"/>
</branch>
<status status="PASS" starttime="20240211 14:35:06.788" endtime="20240211 14:35:06.791"/>
</try>
<tag>example</tag>
<status status="PASS" starttime="20240211 14:35:06.788" endtime="20240211 14:35:06.791"/>
</test>
<test id="s1-s3-t4" name="TRY / EXCEPT: Multiple messages in EXCEPT statement" line="29">
<try>
<branch type="TRY">
<kw name="Fail" library="BuiltIn">
<arg>CCC</arg>
<doc>Fails the test with the given message and optionally alters its tags.</doc>
<msg timestamp="20240211 14:35:06.792" level="TRACE">Arguments: [ 'CCC' ]</msg>
<msg timestamp="20240211 14:35:06.793" level="FAIL">CCC</msg>
<msg timestamp="20240211 14:35:06.793" level="DEBUG">Traceback (most recent call last):
  None
AssertionError: CCC</msg>
<status status="FAIL" starttime="20240211 14:35:06.792" endtime="20240211 14:35:06.793"/>
</kw>
<status status="FAIL" starttime="20240211 14:35:06.792" endtime="20240211 14:35:06.793"/>
</branch>
<branch type="EXCEPT">
<pattern>AAA</pattern>
<pattern>BBB</pattern>
<pattern>CCC</pattern>
<kw name="Log" library="BuiltIn">
<arg>Catches any "AAA", "BBB", or "CCC" exception.</arg>
<doc>Logs the given message with the given level.</doc>
<msg timestamp="20240211 14:35:06.793" level="TRACE">Arguments: [ 'Catches any "AAA", "BBB", or "CCC" exception.' ]</msg>
<msg timestamp="20240211 14:35:06.793" level="INFO">Catches any "AAA", "BBB", or "CCC" exception.</msg>
<msg timestamp="20240211 14:35:06.793" level="TRACE">Return: None</msg>
<status status="PASS" starttime="20240211 14:35:06.793" endtime="20240211 14:35:06.793"/>
</kw>
<status status="PASS" starttime="20240211 14:35:06.793" endtime="20240211 14:35:06.793"/>
</branch>
<status status="PASS" starttime="20240211 14:35:06.792" endtime="20240211 14:35:06.793"/>
</try>
<tag>example</tag>
<status status="PASS" starttime="20240211 14:35:06.792" endtime="20240211 14:35:06.793"/>
</test>
<test id="s1-s3-t5" name="TRY / EXCEPT: Catch a specific exception, or an unexpected exception" line="36">
<try>
<branch type="TRY">
<kw name="Fail" library="BuiltIn">
<arg>Error message</arg>
<doc>Fails the test with the given message and optionally alters its tags.</doc>
<msg timestamp="20240211 14:35:06.794" level="TRACE">Arguments: [ 'Error message' ]</msg>
<msg timestamp="20240211 14:35:06.795" level="FAIL">Error message</msg>
<msg timestamp="20240211 14:35:06.795" level="DEBUG">Traceback (most recent call last):
  None
AssertionError: Error message</msg>
<status status="FAIL" starttime="20240211 14:35:06.794" endtime="20240211 14:35:06.795"/>
</kw>
<status status="FAIL" starttime="20240211 14:35:06.794" endtime="20240211 14:35:06.795"/>
</branch>
<branch type="EXCEPT">
<pattern>Another message</pattern>
<kw name="Log" library="BuiltIn">
<arg>Catches only "Another message" exceptions.</arg>
<doc>Logs the given message with the given level.</doc>
<status status="NOT RUN" starttime="20240211 14:35:06.795" endtime="20240211 14:35:06.795"/>
</kw>
<status status="NOT RUN" starttime="20240211 14:35:06.795" endtime="20240211 14:35:06.795"/>
</branch>
<branch type="EXCEPT">
<kw name="Log" library="BuiltIn">
<arg>Catches any exception.</arg>
<doc>Logs the given message with the given level.</doc>
<msg timestamp="20240211 14:35:06.795" level="TRACE">Arguments: [ 'Catches any exception.' ]</msg>
<msg timestamp="20240211 14:35:06.795" level="INFO">Catches any exception.</msg>
<msg timestamp="20240211 14:35:06.796" level="TRACE">Return: None</msg>
<status status="PASS" starttime="20240211 14:35:06.795" endtime="20240211 14:35:06.796"/>
</kw>
<kw name="Log" library="BuiltIn">
<arg>Useful for handling unexpected exceptions.</arg>
<doc>Logs the given message with the given level.</doc>
<msg timestamp="20240211 14:35:06.796" level="TRACE">Arguments: [ 'Useful for handling unexpected exceptions.' ]</msg>
<msg timestamp="20240211 14:35:06.796" level="INFO">Useful for handling unexpected exceptions.</msg>
<msg timestamp="20240211 14:35:06.796" level="TRACE">Return: None</msg>
<status status="PASS" starttime="20240211 14:35:06.796" endtime="20240211 14:35:06.796"/>
</kw>
<status status="PASS" starttime="20240211 14:35:06.795" endtime="20240211 14:35:06.796"/>
</branch>
<status status="PASS" starttime="20240211 14:35:06.794" endtime="20240211 14:35:06.796"/>
</try>
<tag>example</tag>
<status status="PASS" starttime="20240211 14:35:06.794" endtime="20240211 14:35:06.797"/>
</test>
[...]
<msg timestamp="20240211 14:35:06.829" level="INFO">Executed until the given loop limit (10) is hit.</msg>
<msg timestamp="20240211 14:35:06.829" level="TRACE">Return: None</msg>
<status status="PASS" starttime="20240211 14:35:06.829" endtime="20240211 14:35:06.829"/>
</kw>
<status status="PASS" starttime="20240211 14:35:06.829" endtime="20240211 14:35:06.829"/>
</iter>
<iter>
<kw name="Log" library="BuiltIn">
<arg>Executed until the given loop limit (10) is hit.</arg>
<doc>Logs the given message with the given level.</doc>
<msg timestamp="20240211 14:35:06.830" level="TRACE">Arguments: [ 'Executed until the given loop limit (10) is hit.' ]</msg>
<msg timestamp="20240211 14:35:06.830" level="INFO">Executed until the given loop limit (10) is hit.</msg>
<msg timestamp="20240211 14:35:06.830" level="TRACE">Return: None</msg>
<status status="PASS" starttime="20240211 14:35:06.830" endtime="20240211 14:35:06.830"/>
</kw>
<status status="PASS" starttime="20240211 14:35:06.829" endtime="20240211 14:35:06.830"/>
</iter>
<status status="FAIL" starttime="20240211 14:35:06.821" endtime="20240211 14:35:06.830"/>
</while>
<tag>example</tag>
<status status="FAIL" starttime="20240211 14:35:06.821" endtime="20240211 14:35:06.830">WHILE loop was aborted because it did not finish within the limit of 10 iterations. Use the 'limit' argument to increase or remove the limit if needed.</status>
</test>
<test id="s1-s4-t2" name="WHILE: Loop while the given limit is hit" line="7">
<try>
<branch type="TRY">
<while condition="True" limit="10">
<iter>
<kw name="Log" library="BuiltIn">
<arg>Executed until the given loop limit (10) is hit.</arg>
<doc>Logs the given message with the given level.</doc>
<msg timestamp="20240211 14:35:06.832" level="TRACE">Arguments: [ 'Executed until the given loop limit (10) is hit.' ]</msg>
<msg timestamp="20240211 14:35:06.832" level="INFO">Executed until the given loop limit (10) is hit.</msg>
<msg timestamp="20240211 14:35:06.832" level="TRACE">Return: None</msg>
<status status="PASS" starttime="20240211 14:35:06.832" endtime="20240211 14:35:06.832"/>
</kw>
<status status="PASS" starttime="20240211 14:35:06.832" endtime="20240211 14:35:06.832"/>
</iter>
<iter>
<kw name="Log" library="BuiltIn">
<arg>Executed until the given loop limit (10) is hit.</arg>
<doc>Logs the given message with the given level.</doc>
<msg timestamp="20240211 14:35:06.833" level="TRACE">Arguments: [ 'Executed until the given loop limit (10) is hit.' ]</msg>
<msg timestamp="20240211 14:35:06.833" level="INFO">Executed until the given loop limit (10) is hit.</msg>
<msg timestamp="20240211 14:35:06.833" level="TRACE">Return: None</msg>
<status status="PASS" starttime="20240211 14:35:06.833" endtime="20240211 14:35:06.833"/>
</kw>
<status status="PASS" starttime="20240211 14:35:06.832" endtime="20240211 14:35:06.833"/>
</iter>
<iter>
<kw name="Log" library="BuiltIn">
<arg>Executed until the given loop limit (10) is hit.</arg>
<doc>Logs the given message with the given level.</doc>
<msg timestamp="20240211 14:35:06.833" level="TRACE">Arguments: [ 'Executed until the given loop limit (10) is hit.' ]</msg>
<msg timestamp="20240211 14:35:06.833" level="INFO">Executed until the given loop limit (10) is hit.</msg>
<msg timestamp="20240211 14:35:06.833" level="TRACE">Return: None</msg>
<status status="PASS" starttime="20240211 14:35:06.833" endtime="20240211 14:35:06.833"/>
</kw>
<status status="PASS" starttime="20240211 14:35:06.833" endtime="20240211 14:35:06.833"/>
</iter>
<iter>
<kw name="Log" library="BuiltIn">
<arg>Executed until the given loop limit (10) is hit.</arg>
<doc>Logs the given message with the given level.</doc>
<msg timestamp="20240211 14:35:06.834" level="TRACE">Arguments: [ 'Executed until the given loop limit (10) is hit.' ]</msg>
<msg timestamp="20240211 14:35:06.834" level="INFO">Executed until the given loop limit (10) is hit.</msg>
<msg timestamp="20240211 14:35:06.834" level="TRACE">Return: None</msg>
<status status="PASS" starttime="20240211 14:35:06.834" endtime="20240211 14:35:06.834"/>
</kw>
<status status="PASS" starttime="20240211 14:35:06.833" endtime="20240211 14:35:06.834"/>
</iter>
<iter>
<kw name="Log" library="BuiltIn">
<arg>Executed until the given loop limit (10) is hit.</arg>
<doc>Logs the given message with the given level.</doc>
<msg timestamp="20240211 14:35:06.834" level="TRACE">Arguments: [ 'Executed until the given loop limit (10) is hit.' ]</msg>
<msg timestamp="20240211 14:35:06.834" level="INFO">Executed until the given loop limit (10) is hit.</msg>
<msg timestamp="20240211 14:35:06.834" level="TRACE">Return: None</msg>
<status status="PASS" starttime="20240211 14:35:06.834" endtime="20240211 14:35:06.834"/>
</kw>
<status status="PASS" starttime="20240211 14:35:06.834" endtime="20240211 14:35:06.834"/>
</iter>
<iter>
<kw name="Log" library="BuiltIn">
<arg>Executed until the given loop limit (10) is hit.</arg>
<doc>Logs the given message with the given level.</doc>
<msg timestamp="20240211 14:35:06.835" level="TRACE">Arguments: [ 'Executed until the given loop limit (10) is hit.' ]</msg>
<msg timestamp="20240211 14:35:06.835" level="INFO">Executed until the given loop limit (10) is hit.</msg>
<msg timestamp="20240211 14:35:06.835" level="TRACE">Return: None</msg>
<status status="PASS" starttime="20240211 14:35:06.834" endtime="20240211 14:35:06.835"/>
</kw>
<status status="PASS" starttime="20240211 14:35:06.834" endtime="20240211 14:35:06.835"/>
</iter>
<iter>
<kw name="Log" library="BuiltIn">
<arg>Executed until the given loop limit (10) is hit.</arg>
<doc>Logs the given message with the given level.</doc>
<msg timestamp="20240211 14:35:06.835" level="TRACE">Arguments: [ 'Executed until the given loop limit (10) is hit.' ]</msg>
<msg timestamp="20240211 14:35:06.835" level="INFO">Executed until the given loop limit (10) is hit.</msg>
<msg timestamp="20240211 14:35:06.835" level="TRACE">Return: None</msg>
<status status="PASS" starttime="20240211 14:35:06.835" endtime="20240211 14:35:06.835"/>
</kw>
<status status="PASS" starttime="20240211 14:35:06.835" endtime="20240211 14:35:06.835"/>
</iter>
<iter>
<kw name="Log" library="BuiltIn">
<arg>Executed until the given loop limit (10) is hit.</arg>
<doc>Logs the given message with the given level.</doc>
<msg timestamp="20240211 14:35:06.835" level="TRACE">Arguments: [ 'Executed until the given loop limit (10) is hit.' ]</msg>
<msg timestamp="20240211 14:35:06.836" level="INFO">Executed until the given loop limit (10) is hit.</msg>
<msg timestamp="20240211 14:35:06.836" level="TRACE">Return: None</msg>
<status status="PASS" starttime="20240211 14:35:06.835" endtime="20240211 14:35:06.836"/>
</kw>
<status status="PASS" starttime="20240211 14:35:06.835" endtime="20240211 14:35:06.836"/>
</iter>
<iter>
<kw name="Log" library="BuiltIn">
<arg>Executed until the given loop limit (10) is hit.</arg>
<doc>Logs the given message with the given level.</doc>
<msg timestamp="20240211 14:35:06.836" level="TRACE">Arguments: [ 'Executed until the given loop limit (10) is hit.' ]</msg>
<msg timestamp="20240211 14:35:06.836" level="INFO">Executed until the given loop limit (10) is hit.</msg>
<msg timestamp="20240211 14:35:06.836" level="TRACE">Return: None</msg>
<status status="PASS" starttime="20240211 14:35:06.836" endtime="20240211 14:35:06.836"/>
</kw>
<status status="PASS" starttime="20240211 14:35:06.836" endtime="20240211 14:35:06.836"/>
</iter>
<iter>
<kw name="Log" library="BuiltIn">
<arg>Executed until the given loop limit (10) is hit.</arg>
<doc>Logs the given message with the given level.</doc>
<msg timestamp="20240211 14:35:06.836" level="TRACE">Arguments: [ 'Executed until the given loop limit (10) is hit.' ]</msg>
<msg timestamp="20240211 14:35:06.836" level="INFO">Executed until the given loop limit (10) is hit.</msg>
<msg timestamp="20240211 14:35:06.836" level="TRACE">Return: None</msg>
<status status="PASS" starttime="20240211 14:35:06.836" endtime="20240211 14:35:06.837"/>
</kw>
<status status="PASS" starttime="20240211 14:35:06.836" endtime="20240211 14:35:06.837"/>
</iter>
<status status="FAIL" starttime="20240211 14:35:06.832" endtime="20240211 14:35:06.837"/>
</while>
<status status="FAIL" starttime="20240211 14:35:06.832" endtime="20240211 14:35:06.837"/>
</branch>
<branch type="EXCEPT" pattern_type="start">
<pattern>WHILE loop was aborted</pattern>
<kw name="Log" library="BuiltIn">
<arg>The loop did not finish within the limit.</arg>
<doc>Logs the given message with the given level.</doc>
<msg timestamp="20240211 14:35:06.837" level="TRACE">Arguments: [ 'The loop did not finish within the limit.' ]</msg>
<msg timestamp="20240211 14:35:06.837" level="INFO">The loop did not finish within the limit.</msg>
<msg timestamp="20240211 14:35:06.837" level="TRACE">Return: None</msg>
<status status="PASS" starttime="20240211 14:35:06.837" endtime="20240211 14:35:06.837"/>
</kw>
<status status="PASS" starttime="20240211 14:35:06.837" endtime="20240211 14:35:06.837"/>
</branch>
<status status="PASS" starttime="20240211 14:35:06.832" endtime="20240211 14:35:06.837"/>
</try>
<tag>example</tag>
<status status="PASS" starttime="20240211 14:35:06.831" endtime="20240211 14:35:06.837"/>
</test>
<test id="s1-s4-t3" name="WHILE: Loop while condition evaluates to True or the default loop limit is hit" line="16">
<kw name="Set Variable" library="BuiltIn">
<var>${x}</var>
<arg>${0}</arg>
<doc>Returns the given values which can then be assigned to a variables.</doc>
<msg timestamp="20240211 14:35:06.839" level="TRACE">Arguments: [ 0 ]</msg>
<msg timestamp="20240211 14:35:06.839" level="TRACE">Return: 0</msg>
<msg timestamp="20240211 14:35:06.839" level="INFO">${x} = 0</msg>
<status status="PASS" starttime="20240211 14:35:06.838" endtime="20240211 14:35:06.839"/>
</kw>
<while condition="${x} &lt; 3">
<iter>
<kw name="Log" library="BuiltIn">
<arg>Executed as long as the condition is True.</arg>
<doc>Logs the given message with the given level.</doc>
<msg timestamp="20240211 14:35:06.840" level="TRACE">Arguments: [ 'Executed as long as the condition is True.' ]</msg>
<msg timestamp="20240211 14:35:06.840" level="INFO">Executed as long as the condition is True.</msg>
<msg timestamp="20240211 14:35:06.840" level="TRACE">Return: None</msg>
<status status="PASS" starttime="20240211 14:35:06.840" endtime="20240211 14:35:06.841"/>
</kw>
<kw name="Evaluate" library="BuiltIn">
<var>${x}</var>
<arg>${x} + 1</arg>
<doc>Evaluates the given expression in Python and returns the result.</doc>
<msg timestamp="20240211 14:35:06.841" level="TRACE">Arguments: [ '0 + 1' ]</msg>
<msg timestamp="20240211 14:35:06.842" level="TRACE">Return: 1</msg>
<msg timestamp="20240211 14:35:06.842" level="INFO">${x} = 1</msg>
<status status="PASS" starttime="20240211 14:35:06.841" endtime="20240211 14:35:06.842"/>
</kw>
<status status="PASS" starttime="20240211 14:35:06.839" endtime="20240211 14:35:06.842"/>
</iter>
<iter>
<kw name="Log" library="BuiltIn">
<arg>Executed as long as the condition is True.</arg>
<doc>Logs the given message with the given level.</doc>
<msg timestamp="20240211 14:35:06.842" level="TRACE">Arguments: [ 'Executed as long as the condition is True.' ]</msg>
<msg timestamp="20240211 14:35:06.843" level="INFO">Executed as long as the condition is True.</msg>
<msg timestamp="20240211 14:35:06.843" level="TRACE">Return: None</msg>
<status status="PASS" starttime="20240211 14:35:06.842" endtime="20240211 14:35:06.843"/>
</kw>
<kw name="Evaluate" library="BuiltIn">
<var>${x}</var>
<arg>${x} + 1</arg>
<doc>Evaluates the given expression in Python and returns the result.</doc>
<msg timestamp="20240211 14:35:06.843" level="TRACE">Arguments: [ '1 + 1' ]</msg>
<msg timestamp="20240211 14:35:06.843" level="TRACE">Return: 2</msg>
<msg timestamp="20240211 14:35:06.843" level="INFO">${x} = 2</msg>
<status status="PASS" starttime="20240211 14:35:06.843" endtime="20240211 14:35:06.843"/>
</kw>
<status status="PASS" starttime="20240211 14:35:06.842" endtime="20240211 14:35:06.844"/>
</iter>
<iter>
<kw name="Log" library="BuiltIn">
<arg>Executed as long as the condition is True.</arg>
<doc>Logs the given message with the given level.</doc>
<msg timestamp="20240211 14:35:06.844" level="TRACE">Arguments: [ 'Executed as long as the condition is True.' ]</msg>
<msg timestamp="20240211 14:35:06.844" level="INFO">Executed as long as the condition is True.</msg>
<msg timestamp="20240211 14:35:06.844" level="TRACE">Return: None</msg>
<status status="PASS" starttime="20240211 14:35:06.844" endtime="20240211 14:35:06.844"/>
</kw>
<kw name="Evaluate" library="BuiltIn">
<var>${x}</var>
<arg>${x} + 1</arg>
<doc>Evaluates the given expression in Python and returns the result.</doc>
<msg timestamp="20240211 14:35:06.845" level="TRACE">Arguments: [ '2 + 1' ]</msg>
<msg timestamp="20240211 14:35:06.845" level="TRACE">Return: 3</msg>
<msg timestamp="20240211 14:35:06.845" level="INFO">${x} = 3</msg>
<status status="PASS" starttime="20240211 14:35:06.844" endtime="20240211 14:35:06.845"/>
</kw>
<status status="PASS" starttime="20240211 14:35:06.844" endtime="20240211 14:35:06.845"/>
</iter>
<status status="PASS" starttime="20240211 14:35:06.839" endtime="20240211 14:35:06.845"/>
</while>
<tag>example</tag>
<status status="PASS" starttime="20240211 14:35:06.838" endtime="20240211 14:35:06.846"/>
</test>
<test id="s1-s4-t4" name="WHILE: Skip a loop iteration with CONTINUE" line="23">
<kw name="Set Variable" library="BuiltIn">
<var>${x}</var>
<arg>${0}</arg>
<doc>Returns the given values which can then be assigned to a variables.</doc>
<msg timestamp="20240211 14:35:06.847" level="TRACE">Arguments: [ 0 ]</msg>
<msg timestamp="20240211 14:35:06.848" level="TRACE">Return: 0</msg>
<msg timestamp="20240211 14:35:06.848" level="INFO">${x} = 0</msg>
<status status="PASS" starttime="20240211 14:35:06.847" endtime="20240211 14:35:06.848"/>
</kw>
<while condition="${x} &lt; 3">
<iter>
<kw name="Evaluate" library="BuiltIn">
<var>${x}</var>
<arg>${x} + 1</arg>
<doc>Evaluates the given expression in Python and returns the result.</doc>
<msg timestamp="20240211 14:35:06.849" level="TRACE">Arguments: [ '0 + 1' ]</msg>
<msg timestamp="20240211 14:35:06.849" level="TRACE">Return: 1</msg>
<msg timestamp="20240211 14:35:06.849" level="INFO">${x} = 1</msg>
<status status="PASS" starttime="20240211 14:35:06.848" endtime="20240211 14:35:06.849"/>
</kw>
<if>
<branch type="IF" condition="${x} == 2">
<continue>
<status status="NOT RUN" starttime="20240211 14:35:06.849" endtime="20240211 14:35:06.849"/>
</continue>
<status status="NOT RUN" starttime="20240211 14:35:06.849" endtime="20240211 14:35:06.849"/>
</branch>
<status status="PASS" starttime="20240211 14:35:06.849" endtime="20240211 14:35:06.849"/>
</if>
<kw name="Log" library="BuiltIn">
<arg>x = ${x}</arg>
<doc>Logs the given message with the given level.</doc>
<msg timestamp="20240211 14:35:06.850" level="TRACE">Arguments: [ 'x = 1' ]</msg>
<msg timestamp="20240211 14:35:06.850" level="INFO">x = 1</msg>
<msg timestamp="20240211 14:35:06.850" level="TRACE">Return: None</msg>
<status status="PASS" starttime="20240211 14:35:06.850" endtime="20240211 14:35:06.850"/>
</kw>
<status status="PASS" starttime="20240211 14:35:06.848" endtime="20240211 14:35:06.850"/>
</iter>
<iter>
<kw name="Evaluate" library="BuiltIn">
<var>${x}</var>
<arg>${x} + 1</arg>
<doc>Evaluates the given expression in Python and returns the result.</doc>
<msg timestamp="20240211 14:35:06.850" level="TRACE">Arguments: [ '1 + 1' ]</msg>
<msg timestamp="20240211 14:35:06.851" level="TRACE">Return: 2</msg>
<msg timestamp="20240211 14:35:06.851" level="INFO">${x} = 2</msg>
<status status="PASS" starttime="20240211 14:35:06.850" endtime="20240211 14:35:06.851"/>
</kw>
<if>
<branch type="IF" condition="${x} == 2">
<continue>
<status status="PASS" starttime="20240211 14:35:06.851" endtime="20240211 14:35:06.851"/>
</continue>
<status status="PASS" starttime="20240211 14:35:06.851" endtime="20240211 14:35:06.851"/>
</branch>
<status status="PASS" starttime="20240211 14:35:06.851" endtime="20240211 14:35:06.851"/>
</if>
<kw name="Log" library="BuiltIn">
<arg>x = ${x}</arg>
<doc>Logs the given message with the given level.</doc>
<status status="NOT RUN" starttime="20240211 14:35:06.851" endtime="20240211 14:35:06.851"/>
</kw>
<status status="PASS" starttime="20240211 14:35:06.850" endtime="20240211 14:35:06.851"/>
</iter>
<iter>
<kw name="Evaluate" library="BuiltIn">
<var>${x}</var>
<arg>${x} + 1</arg>
<doc>Evaluates the given expression in Python and returns the result.</doc>
<msg timestamp="20240211 14:35:06.852" level="TRACE">Arguments: [ '2 + 1' ]</msg>
<msg timestamp="20240211 14:35:06.852" level="TRACE">Return: 3</msg>
<msg timestamp="20240211 14:35:06.852" level="INFO">${x} = 3</msg>
<status status="PASS" starttime="20240211 14:35:06.852" endtime="20240211 14:35:06.852"/>
</kw>
<if>
<branch type="IF" condition="${x} == 2">
<continue>
<status status="NOT RUN" starttime="20240211 14:35:06.852" endtime="20240211 14:35:06.852"/>
</continue>
<status status="NOT RUN" starttime="20240211 14:35:06.852" endtime="20240211 14:35:06.852"/>
</branch>
<status status="PASS" starttime="20240211 14:35:06.852" endtime="20240211 14:35:06.852"/>
</if>
<kw name="Log" library="BuiltIn">
<arg>x = ${x}</arg>
<doc>Logs the given message with the given level.</doc>
<msg timestamp="20240211 14:35:06.853" level="TRACE">Arguments: [ 'x = 3' ]</msg>
<msg timestamp="20240211 14:35:06.853" level="INFO">x = 3</msg>
<msg timestamp="20240211 14:35:06.853" level="TRACE">Return: None</msg>
<status status="PASS" starttime="20240211 14:35:06.853" endtime="20240211 14:35:06.853"/>
</kw>
<status status="PASS" starttime="20240211 14:35:06.852" endtime="20240211 14:35:06.853"/>
</iter>
<status status="PASS" starttime="20240211 14:35:06.848" endtime="20240211 14:35:06.853"/>
</while>
<tag>example</tag>
<status status="PASS" starttime="20240211 14:35:06.846" endtime="20240211 14:35:06.853"/>
</test>
<test id="s1-s4-t5" name="WHILE: Exit loop with BREAK" line="31">
<while condition="True">
<iter>
<break>
<status status="PASS" starttime="20240211 14:35:06.854" endtime="20240211 14:35:06.854"/>
</break>
<kw name="Log" library="BuiltIn">
<arg>This will not be logged.</arg>
<doc>Logs the given message with the given level.</doc>
<status status="NOT RUN" starttime="20240211 14:35:06.854" endtime="20240211 14:35:06.854"/>
</kw>
<status status="PASS" starttime="20240211 14:35:06.854" endtime="20240211 14:35:06.854"/>
</iter>
<status status="PASS" starttime="20240211 14:35:06.854" endtime="20240211 14:35:06.854"/>
</while>
<tag>example</tag>
<status status="PASS" starttime="20240211 14:35:06.853" endtime="20240211 14:35:06.854"/>
</test>
<status status="FAIL" starttime="20240211 14:35:06.819" endtime="20240211 14:35:06.855"/>
</suite>
<doc>Example suite with initialization file</doc>
<status status="FAIL" starttime="20240211 14:35:06.660" endtime="20240211 14:35:06.855"/>
</suite>
<statistics>
<total>
<stat pass="34" fail="1" skip="0">All Tests</stat>
</total>
<tag>
<stat pass="34" fail="1" skip="0">example</stat>
</tag>
<suite>
<stat pass="34" fail="1" skip="0" id="s1" name="Example with Files">Example with Files</stat>
<stat pass="8" fail="0" skip="0" id="s1-s1" name="For Loop">Example with Files.For Loop</stat>
<stat pass="10" fail="0" skip="0" id="s1-s2" name="Test With File">Example with Files.Test With File</stat>
<stat pass="12" fail="0" skip="0" id="s1-s3" name="Try Except Finally">Example with Files.Try Except Finally</stat>
<stat pass="4" fail="1" skip="0" id="s1-s4" name="While Loop">Example with Files.While Loop</stat>
</suite>
</statistics>
<errors>
<msg timestamp="20240211 14:35:06.770" level="WARN">Keyword 'BuiltIn.Run Keyword Unless' is deprecated. </msg>
<msg timestamp="20240211 14:35:06.770" level="WARN">Keyword 'BuiltIn.Run Keyword Unless' is deprecated. </msg>
</errors>
</robot>
