<?xml version="1.0" encoding="UTF-8"?>
<robot generator="Robot 6.1.1 (Python 3.10.13 on linux)" generated="20240317 15:56:07.639" rpa="false" schemaversion="4">
<suite id="s1" name="Src" source="/home/chme/git/python-robot-markdown/examples/Output_Files/src">
<kw name="Do Something" type="SETUP">
<arg>${MESSAGE}</arg>
<kw name="Log" library="BuiltIn">
<arg>Running suite setup - ${arg}</arg>
<doc>Logs the given message with the given level.</doc>
<msg timestamp="20240317 15:56:07.664" level="INFO">Running suite setup - Hello, world!</msg>
<status status="PASS" starttime="20240317 15:56:07.664" endtime="20240317 15:56:07.664"/>
</kw>
<kw name="Create File" library="OperatingSystem">
<arg>${OUTPUT_DIR}/test.env</arg>
<arg>content=${CONTENT}</arg>
<doc>Creates a file with the given content and encoding.</doc>
<msg timestamp="20240317 15:56:07.665" level="INFO" html="true">Created file '&lt;a href="file:///home/chme/git/python-robot-markdown/examples/Output_Files/output/20240317-1556/test.env"&gt;/home/chme/git/python-robot-markdown/examples/Output_Files/output/20240317-1556/test.env&lt;/a&gt;'.</msg>
<status status="PASS" starttime="20240317 15:56:07.664" endtime="20240317 15:56:07.665"/>
</kw>
<status status="PASS" starttime="20240317 15:56:07.663" endtime="20240317 15:56:07.665"/>
</kw>
<suite id="s1-s1" name="Test With File" source="/home/chme/git/python-robot-markdown/examples/Output_Files/src/test_with_file.robot">
<test id="s1-s1-t1" name="Test with file" line="15">
<kw name="Create File" library="OperatingSystem">
<arg>${OUTPUT_DIR}/myfiles/test_with_file.json</arg>
<arg>content=${JSON_CONTENT}</arg>
<doc>Creates a file with the given content and encoding.</doc>
<msg timestamp="20240317 15:56:07.668" level="INFO" html="true">Created file '&lt;a href="file:///home/chme/git/python-robot-markdown/examples/Output_Files/output/20240317-1556/myfiles/test_with_file.json"&gt;/home/chme/git/python-robot-markdown/examples/Output_Files/output/20240317-1556/myfiles/test_with_file.json&lt;/a&gt;'.</msg>
<status status="PASS" starttime="20240317 15:56:07.667" endtime="20240317 15:56:07.668"/>
</kw>
<doc>File created in output folder in a Test Case</doc>
<tag>example</tag>
<status status="PASS" starttime="20240317 15:56:07.667" endtime="20240317 15:56:07.668"/>
</test>
<test id="s1-s1-t2" name="File in sub keyword" line="19">
<kw name="Create File In Output Folder">
<kw name="Create File" library="OperatingSystem">
<arg>${OUTPUT_DIR}/${filename}</arg>
<arg>content=${content}</arg>
<doc>Creates a file with the given content and encoding.</doc>
<msg timestamp="20240317 15:56:07.669" level="INFO" html="true">Created file '&lt;a href="file:///home/chme/git/python-robot-markdown/examples/Output_Files/output/20240317-1556/mytestfile.txt"&gt;/home/chme/git/python-robot-markdown/examples/Output_Files/output/20240317-1556/mytestfile.txt&lt;/a&gt;'.</msg>
<status status="PASS" starttime="20240317 15:56:07.669" endtime="20240317 15:56:07.669"/>
</kw>
<status status="PASS" starttime="20240317 15:56:07.669" endtime="20240317 15:56:07.669"/>
</kw>
<doc>File created in a sub keyword</doc>
<tag>example</tag>
<status status="PASS" starttime="20240317 15:56:07.668" endtime="20240317 15:56:07.670"/>
</test>
<doc>A simple test suite to show case how files created
in the output folder are included in robot-markdown
generated documentation.</doc>
<status status="PASS" starttime="20240317 15:56:07.665" endtime="20240317 15:56:07.670"/>
</suite>
<doc>Example test suite with initialization file</doc>
<status status="PASS" starttime="20240317 15:56:07.640" endtime="20240317 15:56:07.671"/>
</suite>
<statistics>
<total>
<stat pass="2" fail="0" skip="0">All Tests</stat>
</total>
<tag>
<stat pass="2" fail="0" skip="0">example</stat>
</tag>
<suite>
<stat pass="2" fail="0" skip="0" id="s1" name="Src">Src</stat>
<stat pass="2" fail="0" skip="0" id="s1-s1" name="Test With File">Src.Test With File</stat>
</suite>
</statistics>
<errors>
</errors>
</robot>
