<?xml version="1.0" encoding="UTF-8"?>
<robot generator="Robot 6.1.1 (Python 3.10.13 on linux)" generated="20240317 11:35:01.991" rpa="false" schemaversion="4">
<suite id="s1" name="RobotDemo" source="/home/chme/git/python-robot-markdown/examples/RobotDemo">
<suite id="s1-s1" name="Data Driven" source="/home/chme/git/python-robot-markdown/examples/RobotDemo/data_driven.robot">
<test id="s1-s1-t1" name="Addition" line="17">
<kw name="Calculate">
<arg>12 + 2 + 2</arg>
<arg>16</arg>
<kw name="Push Buttons" library="CalculatorLibrary">
<arg>C${expression}=</arg>
<doc>Pushes the specified ``buttons``.</doc>
<status status="PASS" starttime="20240317 11:35:02.016" endtime="20240317 11:35:02.016"/>
</kw>
<kw name="Result Should Be" library="CalculatorLibrary">
<arg>${expected}</arg>
<doc>Verifies that the current result is ``expected``.</doc>
<status status="PASS" starttime="20240317 11:35:02.016" endtime="20240317 11:35:02.017"/>
</kw>
<status status="PASS" starttime="20240317 11:35:02.016" endtime="20240317 11:35:02.017"/>
</kw>
<kw name="Calculate">
<arg>2 + -3</arg>
<arg>-1</arg>
<kw name="Push Buttons" library="CalculatorLibrary">
<arg>C${expression}=</arg>
<doc>Pushes the specified ``buttons``.</doc>
<status status="PASS" starttime="20240317 11:35:02.017" endtime="20240317 11:35:02.017"/>
</kw>
<kw name="Result Should Be" library="CalculatorLibrary">
<arg>${expected}</arg>
<doc>Verifies that the current result is ``expected``.</doc>
<status status="PASS" starttime="20240317 11:35:02.017" endtime="20240317 11:35:02.017"/>
</kw>
<status status="PASS" starttime="20240317 11:35:02.017" endtime="20240317 11:35:02.018"/>
</kw>
<status status="PASS" starttime="20240317 11:35:02.015" endtime="20240317 11:35:02.018"/>
</test>
<test id="s1-s1-t2" name="Subtraction" line="20">
<kw name="Calculate">
<arg>12 - 2 - 2</arg>
<arg>8</arg>
<kw name="Push Buttons" library="CalculatorLibrary">
<arg>C${expression}=</arg>
<doc>Pushes the specified ``buttons``.</doc>
<status status="PASS" starttime="20240317 11:35:02.019" endtime="20240317 11:35:02.019"/>
</kw>
<kw name="Result Should Be" library="CalculatorLibrary">
<arg>${expected}</arg>
<doc>Verifies that the current result is ``expected``.</doc>
<status status="PASS" starttime="20240317 11:35:02.019" endtime="20240317 11:35:02.019"/>
</kw>
<status status="PASS" starttime="20240317 11:35:02.018" endtime="20240317 11:35:02.019"/>
</kw>
<kw name="Calculate">
<arg>2 - -3</arg>
<arg>5</arg>
<kw name="Push Buttons" library="CalculatorLibrary">
<arg>C${expression}=</arg>
<doc>Pushes the specified ``buttons``.</doc>
<status status="PASS" starttime="20240317 11:35:02.019" endtime="20240317 11:35:02.020"/>
</kw>
<kw name="Result Should Be" library="CalculatorLibrary">
<arg>${expected}</arg>
<doc>Verifies that the current result is ``expected``.</doc>
<status status="PASS" starttime="20240317 11:35:02.020" endtime="20240317 11:35:02.020"/>
</kw>
<status status="PASS" starttime="20240317 11:35:02.019" endtime="20240317 11:35:02.020"/>
</kw>
<status status="PASS" starttime="20240317 11:35:02.018" endtime="20240317 11:35:02.020"/>
</test>
<test id="s1-s1-t3" name="Multiplication" line="23">
<kw name="Calculate">
<arg>12 * 2 * 2</arg>
<arg>48</arg>
<kw name="Push Buttons" library="CalculatorLibrary">
<arg>C${expression}=</arg>
<doc>Pushes the specified ``buttons``.</doc>
<status status="PASS" starttime="20240317 11:35:02.021" endtime="20240317 11:35:02.021"/>
</kw>
<kw name="Result Should Be" library="CalculatorLibrary">
<arg>${expected}</arg>
<doc>Verifies that the current result is ``expected``.</doc>
<status status="PASS" starttime="20240317 11:35:02.021" endtime="20240317 11:35:02.022"/>
</kw>
<status status="PASS" starttime="20240317 11:35:02.021" endtime="20240317 11:35:02.022"/>
</kw>
<kw name="Calculate">
<arg>2 * -3</arg>
<arg>-6</arg>
<kw name="Push Buttons" library="CalculatorLibrary">
<arg>C${expression}=</arg>
<doc>Pushes the specified ``buttons``.</doc>
<status status="PASS" starttime="20240317 11:35:02.023" endtime="20240317 11:35:02.023"/>
</kw>
<kw name="Result Should Be" library="CalculatorLibrary">
<arg>${expected}</arg>
<doc>Verifies that the current result is ``expected``.</doc>
<status status="PASS" starttime="20240317 11:35:02.023" endtime="20240317 11:35:02.023"/>
</kw>
<status status="PASS" starttime="20240317 11:35:02.023" endtime="20240317 11:35:02.023"/>
</kw>
<status status="PASS" starttime="20240317 11:35:02.020" endtime="20240317 11:35:02.023"/>
</test>
<test id="s1-s1-t4" name="Division" line="26">
<kw name="Calculate">
<arg>12 / 2 / 2</arg>
<arg>3</arg>
<kw name="Push Buttons" library="CalculatorLibrary">
<arg>C${expression}=</arg>
<doc>Pushes the specified ``buttons``.</doc>
<status status="PASS" starttime="20240317 11:35:02.024" endtime="20240317 11:35:02.024"/>
</kw>
<kw name="Result Should Be" library="CalculatorLibrary">
<arg>${expected}</arg>
<doc>Verifies that the current result is ``expected``.</doc>
<status status="PASS" starttime="20240317 11:35:02.025" endtime="20240317 11:35:02.025"/>
</kw>
<status status="PASS" starttime="20240317 11:35:02.024" endtime="20240317 11:35:02.025"/>
</kw>
<kw name="Calculate">
<arg>2 / -3</arg>
<arg>-1</arg>
<kw name="Push Buttons" library="CalculatorLibrary">
<arg>C${expression}=</arg>
<doc>Pushes the specified ``buttons``.</doc>
<status status="PASS" starttime="20240317 11:35:02.025" endtime="20240317 11:35:02.025"/>
</kw>
<kw name="Result Should Be" library="CalculatorLibrary">
<arg>${expected}</arg>
<doc>Verifies that the current result is ``expected``.</doc>
<status status="PASS" starttime="20240317 11:35:02.025" endtime="20240317 11:35:02.026"/>
</kw>
<status status="PASS" starttime="20240317 11:35:02.025" endtime="20240317 11:35:02.026"/>
</kw>
<status status="PASS" starttime="20240317 11:35:02.024" endtime="20240317 11:35:02.026"/>
</test>
<test id="s1-s1-t5" name="Failing" line="29">
<kw name="Calculate">
<arg>1 + 1</arg>
<arg>3</arg>
<kw name="Push Buttons" library="CalculatorLibrary">
<arg>C${expression}=</arg>
<doc>Pushes the specified ``buttons``.</doc>
<status status="PASS" starttime="20240317 11:35:02.027" endtime="20240317 11:35:02.027"/>
</kw>
<kw name="Result Should Be" library="CalculatorLibrary">
<arg>${expected}</arg>
<doc>Verifies that the current result is ``expected``.</doc>
<msg timestamp="20240317 11:35:02.027" level="FAIL">2 != 3</msg>
<status status="FAIL" starttime="20240317 11:35:02.027" endtime="20240317 11:35:02.027"/>
</kw>
<status status="FAIL" starttime="20240317 11:35:02.026" endtime="20240317 11:35:02.027"/>
</kw>
<status status="FAIL" starttime="20240317 11:35:02.026" endtime="20240317 11:35:02.028">2 != 3</status>
</test>
<test id="s1-s1-t6" name="Calculation error" line="31">
<kw name="Calculation should fail">
<arg>kekkonen</arg>
<arg>Invalid button 'k'.</arg>
<kw name="Should Cause Error" library="CalculatorLibrary">
<var>${error}</var>
<arg>C${expression}=</arg>
<doc>Verifies that calculating the given ``expression`` causes an error.</doc>
<msg timestamp="20240317 11:35:02.029" level="INFO">${error} = Invalid button 'k'.</msg>
<status status="PASS" starttime="20240317 11:35:02.028" endtime="20240317 11:35:02.029"/>
</kw>
<kw name="Should Be Equal" library="BuiltIn">
<arg>${expected}</arg>
<arg>${error}</arg>
<doc>Fails if the given objects are unequal.</doc>
<status status="PASS" starttime="20240317 11:35:02.029" endtime="20240317 11:35:02.029"/>
</kw>
<status status="PASS" starttime="20240317 11:35:02.028" endtime="20240317 11:35:02.029"/>
</kw>
<kw name="Calculation should fail">
<arg>${EMPTY}</arg>
<arg>Invalid expression.</arg>
<kw name="Should Cause Error" library="CalculatorLibrary">
<var>${error}</var>
<arg>C${expression}=</arg>
<doc>Verifies that calculating the given ``expression`` causes an error.</doc>
<msg timestamp="20240317 11:35:02.030" level="INFO">${error} = Invalid expression.</msg>
<status status="PASS" starttime="20240317 11:35:02.030" endtime="20240317 11:35:02.030"/>
</kw>
<kw name="Should Be Equal" library="BuiltIn">
<arg>${expected}</arg>
<arg>${error}</arg>
<doc>Fails if the given objects are unequal.</doc>
<status status="PASS" starttime="20240317 11:35:02.030" endtime="20240317 11:35:02.030"/>
</kw>
<status status="PASS" starttime="20240317 11:35:02.029" endtime="20240317 11:35:02.030"/>
</kw>
<kw name="Calculation should fail">
<arg>1 / 0</arg>
<arg>Division by zero.</arg>
<kw name="Should Cause Error" library="CalculatorLibrary">
<var>${error}</var>
<arg>C${expression}=</arg>
<doc>Verifies that calculating the given ``expression`` causes an error.</doc>
<msg timestamp="20240317 11:35:02.031" level="INFO">${error} = Division by zero.</msg>
<status status="PASS" starttime="20240317 11:35:02.031" endtime="20240317 11:35:02.031"/>
</kw>
<kw name="Should Be Equal" library="BuiltIn">
<arg>${expected}</arg>
<arg>${error}</arg>
<doc>Fails if the given objects are unequal.</doc>
<status status="PASS" starttime="20240317 11:35:02.031" endtime="20240317 11:35:02.032"/>
</kw>
<status status="PASS" starttime="20240317 11:35:02.031" endtime="20240317 11:35:02.032"/>
</kw>
<status status="PASS" starttime="20240317 11:35:02.028" endtime="20240317 11:35:02.032"/>
</test>
<doc>Example test cases using the data-driven testing approach.

The _data-driven_ style works well when you need to repeat
the same workflow multiple times.

Tests use ``Calculate`` keyword created in this file, that in
turn uses keywords in ``CalculatorLibrary.py``. An exception
is the last test that has a custom _template keyword_.

Notice that one of these tests fails on purpose to show how
failures look like.</doc>
<status status="FAIL" starttime="20240317 11:35:02.010" endtime="20240317 11:35:02.032"/>
</suite>
<suite id="s1-s2" name="Gherkin" source="/home/chme/git/python-robot-markdown/examples/RobotDemo/gherkin.robot">
<test id="s1-s2-t1" name="Addition" line="16">
<kw name="Given calculator has been cleared">
<kw name="Push Button" library="CalculatorLibrary">
<arg>C</arg>
<doc>Pushes the specified ``button``.</doc>
<status status="PASS" starttime="20240317 11:35:02.036" endtime="20240317 11:35:02.036"/>
</kw>
<status status="PASS" starttime="20240317 11:35:02.035" endtime="20240317 11:35:02.036"/>
</kw>
<kw name="When user types &quot;1 + 1&quot;" sourcename="User types &quot;${expression}&quot;">
<kw name="Push Buttons" library="CalculatorLibrary">
<arg>${expression}</arg>
<doc>Pushes the specified ``buttons``.</doc>
<status status="PASS" starttime="20240317 11:35:02.036" endtime="20240317 11:35:02.036"/>
</kw>
<status status="PASS" starttime="20240317 11:35:02.036" endtime="20240317 11:35:02.036"/>
</kw>
<kw name="and user pushes equals">
<kw name="Push Button" library="CalculatorLibrary">
<arg>=</arg>
<doc>Pushes the specified ``button``.</doc>
<status status="PASS" starttime="20240317 11:35:02.037" endtime="20240317 11:35:02.037"/>
</kw>
<status status="PASS" starttime="20240317 11:35:02.037" endtime="20240317 11:35:02.037"/>
</kw>
<kw name="Then result is &quot;2&quot;" sourcename="Result is &quot;${result}&quot;">
<kw name="Result Should Be" library="CalculatorLibrary">
<arg>${result}</arg>
<doc>Verifies that the current result is ``expected``.</doc>
<status status="PASS" starttime="20240317 11:35:02.038" endtime="20240317 11:35:02.038"/>
</kw>
<status status="PASS" starttime="20240317 11:35:02.037" endtime="20240317 11:35:02.038"/>
</kw>
<status status="PASS" starttime="20240317 11:35:02.035" endtime="20240317 11:35:02.038"/>
</test>
<doc>Example test case using the gherkin syntax.

This test has a workflow similar to the keyword-driven
examples. The difference is that the keywords use higher
abstraction level and their arguments are embedded into
the keyword names.

This kind of _gherkin_ syntax has been made popular by
[http://cukes.info|Cucumber]. It works well especially when
tests act as examples that need to be easily understood also
by the business people.</doc>
<status status="PASS" starttime="20240317 11:35:02.033" endtime="20240317 11:35:02.038"/>
</suite>
<suite id="s1-s3" name="Keyword Driven" source="/home/chme/git/python-robot-markdown/examples/RobotDemo/keyword_driven.robot">
<test id="s1-s3-t1" name="Push button" line="16">
<kw name="Push Button" library="CalculatorLibrary">
<arg>1</arg>
<doc>Pushes the specified ``button``.</doc>
<status status="PASS" starttime="20240317 11:35:02.042" endtime="20240317 11:35:02.043"/>
</kw>
<kw name="Result Should Be" library="CalculatorLibrary">
<arg>1</arg>
<doc>Verifies that the current result is ``expected``.</doc>
<status status="PASS" starttime="20240317 11:35:02.043" endtime="20240317 11:35:02.043"/>
</kw>
<status status="PASS" starttime="20240317 11:35:02.042" endtime="20240317 11:35:02.043"/>
</test>
<test id="s1-s3-t2" name="Push multiple buttons" line="20">
<kw name="Push Button" library="CalculatorLibrary">
<arg>1</arg>
<doc>Pushes the specified ``button``.</doc>
<status status="PASS" starttime="20240317 11:35:02.044" endtime="20240317 11:35:02.044"/>
</kw>
<kw name="Push Button" library="CalculatorLibrary">
<arg>2</arg>
<doc>Pushes the specified ``button``.</doc>
<status status="PASS" starttime="20240317 11:35:02.044" endtime="20240317 11:35:02.044"/>
</kw>
<kw name="Result Should Be" library="CalculatorLibrary">
<arg>12</arg>
<doc>Verifies that the current result is ``expected``.</doc>
<status status="PASS" starttime="20240317 11:35:02.044" endtime="20240317 11:35:02.044"/>
</kw>
<status status="PASS" starttime="20240317 11:35:02.043" endtime="20240317 11:35:02.044"/>
</test>
<test id="s1-s3-t3" name="Simple calculation" line="25">
<kw name="Push Button" library="CalculatorLibrary">
<arg>1</arg>
<doc>Pushes the specified ``button``.</doc>
<status status="PASS" starttime="20240317 11:35:02.045" endtime="20240317 11:35:02.045"/>
</kw>
<kw name="Push Button" library="CalculatorLibrary">
<arg>+</arg>
<doc>Pushes the specified ``button``.</doc>
<status status="PASS" starttime="20240317 11:35:02.045" endtime="20240317 11:35:02.046"/>
</kw>
<kw name="Push Button" library="CalculatorLibrary">
<arg>2</arg>
<doc>Pushes the specified ``button``.</doc>
<status status="PASS" starttime="20240317 11:35:02.046" endtime="20240317 11:35:02.046"/>
</kw>
<kw name="Push Button" library="CalculatorLibrary">
<arg>=</arg>
<doc>Pushes the specified ``button``.</doc>
<status status="PASS" starttime="20240317 11:35:02.046" endtime="20240317 11:35:02.046"/>
</kw>
<kw name="Result Should Be" library="CalculatorLibrary">
<arg>3</arg>
<doc>Verifies that the current result is ``expected``.</doc>
<status status="PASS" starttime="20240317 11:35:02.046" endtime="20240317 11:35:02.046"/>
</kw>
<status status="PASS" starttime="20240317 11:35:02.045" endtime="20240317 11:35:02.047"/>
</test>
<test id="s1-s3-t4" name="Longer calculation" line="32">
<kw name="Push Buttons" library="CalculatorLibrary">
<arg>5 + 4 - 3 * 2 / 1 =</arg>
<doc>Pushes the specified ``buttons``.</doc>
<status status="PASS" starttime="20240317 11:35:02.047" endtime="20240317 11:35:02.047"/>
</kw>
<kw name="Result Should Be" library="CalculatorLibrary">
<arg>3</arg>
<doc>Verifies that the current result is ``expected``.</doc>
<status status="PASS" starttime="20240317 11:35:02.047" endtime="20240317 11:35:02.047"/>
</kw>
<status status="PASS" starttime="20240317 11:35:02.047" endtime="20240317 11:35:02.048"/>
</test>
<test id="s1-s3-t5" name="Clear" line="36">
<kw name="Push Button" library="CalculatorLibrary">
<arg>1</arg>
<doc>Pushes the specified ``button``.</doc>
<status status="PASS" starttime="20240317 11:35:02.048" endtime="20240317 11:35:02.048"/>
</kw>
<kw name="Push Button" library="CalculatorLibrary">
<arg>C</arg>
<doc>Pushes the specified ``button``.</doc>
<status status="PASS" starttime="20240317 11:35:02.048" endtime="20240317 11:35:02.049"/>
</kw>
<kw name="Result Should Be" library="CalculatorLibrary">
<arg>${EMPTY}</arg>
<doc>Verifies that the current result is ``expected``.</doc>
<status status="PASS" starttime="20240317 11:35:02.049" endtime="20240317 11:35:02.049"/>
</kw>
<status status="PASS" starttime="20240317 11:35:02.048" endtime="20240317 11:35:02.049"/>
</test>
<doc>Example test cases using the keyword-driven testing approach.

All tests contain a workflow constructed from keywords in
``CalculatorLibrary.py``. Creating new tests or editing
existing is easy even for people without programming skills.

The _keyword-driven_ appoach works well for normal test
automation, but the _gherkin_ style might be even better
if also business people need to understand tests. If the
same workflow needs to repeated multiple times, it is best
to use to the _data-driven_ approach.</doc>
<status status="PASS" starttime="20240317 11:35:02.039" endtime="20240317 11:35:02.050"/>
</suite>
<doc>Robot Framework Demo

The demo contains three different test case files illustrating three
different approaches for creating test cases with Robot Framework.

Visit https://github.com/robotframework/RobotDemo for more information.</doc>
<status status="FAIL" starttime="20240317 11:35:01.992" endtime="20240317 11:35:02.050"/>
</suite>
<statistics>
<total>
<stat pass="11" fail="1" skip="0">All Tests</stat>
</total>
<tag>
</tag>
<suite>
<stat pass="11" fail="1" skip="0" id="s1" name="RobotDemo">RobotDemo</stat>
<stat pass="5" fail="1" skip="0" id="s1-s1" name="Data Driven">RobotDemo.Data Driven</stat>
<stat pass="1" fail="0" skip="0" id="s1-s2" name="Gherkin">RobotDemo.Gherkin</stat>
<stat pass="5" fail="0" skip="0" id="s1-s3" name="Keyword Driven">RobotDemo.Keyword Driven</stat>
</suite>
</statistics>
<errors>
</errors>
</robot>
