<?xml version="1.0" encoding="UTF-8"?>
<robot generator="Robot 6.1.1 (Python 3.10.13 on linux)" generated="20240317 11:53:00.282" rpa="false" schemaversion="4">
<suite id="s1" name="Robot Language" source="/home/chme/git/python-robot-markdown/examples/Robot_Language">
<suite id="s1-s1" name="For Loop" source="/home/chme/git/python-robot-markdown/examples/Robot_Language/for_loop.robot">
<test id="s1-s1-t1" name="Loop a list" line="11">
<kw name="Log" library="BuiltIn">
<arg>${LIST}</arg>
<doc>Logs the given message with the given level.</doc>
<msg timestamp="20240317 11:53:00.304" level="INFO">['one', 'two', 'three']</msg>
<status status="PASS" starttime="20240317 11:53:00.304" endtime="20240317 11:53:00.304"/>
</kw>
<for flavor="IN">
<var>${item}</var>
<value>@{LIST}</value>
<iter>
<var name="${item}">one</var>
<kw name="Log" library="BuiltIn">
<arg>${item}</arg>
<doc>Logs the given message with the given level.</doc>
<msg timestamp="20240317 11:53:00.305" level="INFO">one</msg>
<status status="PASS" starttime="20240317 11:53:00.305" endtime="20240317 11:53:00.305"/>
</kw>
<status status="PASS" starttime="20240317 11:53:00.304" endtime="20240317 11:53:00.305"/>
</iter>
<iter>
<var name="${item}">two</var>
<kw name="Log" library="BuiltIn">
<arg>${item}</arg>
<doc>Logs the given message with the given level.</doc>
<msg timestamp="20240317 11:53:00.305" level="INFO">two</msg>
<status status="PASS" starttime="20240317 11:53:00.305" endtime="20240317 11:53:00.305"/>
</kw>
<status status="PASS" starttime="20240317 11:53:00.305" endtime="20240317 11:53:00.305"/>
</iter>
<iter>
<var name="${item}">three</var>
<kw name="Log" library="BuiltIn">
<arg>${item}</arg>
<doc>Logs the given message with the given level.</doc>
<msg timestamp="20240317 11:53:00.305" level="INFO">three</msg>
<status status="PASS" starttime="20240317 11:53:00.305" endtime="20240317 11:53:00.305"/>
</kw>
<status status="PASS" starttime="20240317 11:53:00.305" endtime="20240317 11:53:00.305"/>
</iter>
<status status="PASS" starttime="20240317 11:53:00.304" endtime="20240317 11:53:00.305"/>
</for>
<for flavor="IN">
<var>${item}</var>
<value>one</value>
<value>two</value>
<value>three</value>
<iter>
<var name="${item}">one</var>
<kw name="Log" library="BuiltIn">
<arg>${item}</arg>
<doc>Logs the given message with the given level.</doc>
<msg timestamp="20240317 11:53:00.306" level="INFO">one</msg>
<status status="PASS" starttime="20240317 11:53:00.306" endtime="20240317 11:53:00.306"/>
</kw>
<status status="PASS" starttime="20240317 11:53:00.306" endtime="20240317 11:53:00.306"/>
</iter>
<iter>
<var name="${item}">two</var>
<kw name="Log" library="BuiltIn">
<arg>${item}</arg>
<doc>Logs the given message with the given level.</doc>
<msg timestamp="20240317 11:53:00.306" level="INFO">two</msg>
<status status="PASS" starttime="20240317 11:53:00.306" endtime="20240317 11:53:00.306"/>
</kw>
<status status="PASS" starttime="20240317 11:53:00.306" endtime="20240317 11:53:00.306"/>
</iter>
<iter>
<var name="${item}">three</var>
<kw name="Log" library="BuiltIn">
<arg>${item}</arg>
<doc>Logs the given message with the given level.</doc>
<msg timestamp="20240317 11:53:00.307" level="INFO">three</msg>
<status status="PASS" starttime="20240317 11:53:00.306" endtime="20240317 11:53:00.307"/>
</kw>
<status status="PASS" starttime="20240317 11:53:00.306" endtime="20240317 11:53:00.307"/>
</iter>
<status status="PASS" starttime="20240317 11:53:00.306" endtime="20240317 11:53:00.307"/>
</for>
<status status="PASS" starttime="20240317 11:53:00.303" endtime="20240317 11:53:00.307"/>
</test>
<test id="s1-s1-t2" name="Loop a dictionary" line="20">
<kw name="Log" library="BuiltIn">
<arg>${DICTIONARY}</arg>
<doc>Logs the given message with the given level.</doc>
<msg timestamp="20240317 11:53:00.308" level="INFO">{'string': 'cat', 'number': 1, 'list': ['one', 'two', 'three']}</msg>
<status status="PASS" starttime="20240317 11:53:00.307" endtime="20240317 11:53:00.308"/>
</kw>
<for flavor="IN">
<var>${key_value_tuple}</var>
<value>&amp;{DICTIONARY}</value>
<iter>
<var name="${key_value_tuple}">('string', 'cat')</var>
<kw name="Log" library="BuiltIn">
<arg>${key_value_tuple}</arg>
<doc>Logs the given message with the given level.</doc>
<msg timestamp="20240317 11:53:00.308" level="INFO">('string', 'cat')</msg>
<status status="PASS" starttime="20240317 11:53:00.308" endtime="20240317 11:53:00.308"/>
</kw>
<status status="PASS" starttime="20240317 11:53:00.308" endtime="20240317 11:53:00.308"/>
</iter>
<iter>
<var name="${key_value_tuple}">('number', 1)</var>
<kw name="Log" library="BuiltIn">
<arg>${key_value_tuple}</arg>
<doc>Logs the given message with the given level.</doc>
<msg timestamp="20240317 11:53:00.309" level="INFO">('number', 1)</msg>
<status status="PASS" starttime="20240317 11:53:00.308" endtime="20240317 11:53:00.309"/>
</kw>
<status status="PASS" starttime="20240317 11:53:00.308" endtime="20240317 11:53:00.309"/>
</iter>
<iter>
<var name="${key_value_tuple}">('list', ['one', 'two', 'three'])</var>
<kw name="Log" library="BuiltIn">
<arg>${key_value_tuple}</arg>
<doc>Logs the given message with the given level.</doc>
<msg timestamp="20240317 11:53:00.309" level="INFO">('list', ['one', 'two', 'three'])</msg>
<status status="PASS" starttime="20240317 11:53:00.309" endtime="20240317 11:53:00.309"/>
</kw>
<status status="PASS" starttime="20240317 11:53:00.309" endtime="20240317 11:53:00.309"/>
</iter>
<status status="PASS" starttime="20240317 11:53:00.308" endtime="20240317 11:53:00.309"/>
</for>
<for flavor="IN">
<var>${key}</var>
<value>@{DICTIONARY}</value>
<iter>
<var name="${key}">string</var>
<kw name="Log" library="BuiltIn">
<arg>${key}=${DICTIONARY}[${key}]</arg>
<doc>Logs the given message with the given level.</doc>
<msg timestamp="20240317 11:53:00.310" level="INFO">string=cat</msg>
<status status="PASS" starttime="20240317 11:53:00.309" endtime="20240317 11:53:00.310"/>
</kw>
<status status="PASS" starttime="20240317 11:53:00.309" endtime="20240317 11:53:00.310"/>
</iter>
<iter>
<var name="${key}">number</var>
<kw name="Log" library="BuiltIn">
<arg>${key}=${DICTIONARY}[${key}]</arg>
<doc>Logs the given message with the given level.</doc>
<msg timestamp="20240317 11:53:00.310" level="INFO">number=1</msg>
<status status="PASS" starttime="20240317 11:53:00.310" endtime="20240317 11:53:00.310"/>
</kw>
<status status="PASS" starttime="20240317 11:53:00.310" endtime="20240317 11:53:00.310"/>
</iter>
<iter>
<var name="${key}">list</var>
<kw name="Log" library="BuiltIn">
<arg>${key}=${DICTIONARY}[${key}]</arg>
<doc>Logs the given message with the given level.</doc>
<msg timestamp="20240317 11:53:00.311" level="INFO">list=['one', 'two', 'three']</msg>
<status status="PASS" starttime="20240317 11:53:00.310" endtime="20240317 11:53:00.311"/>
</kw>
<status status="PASS" starttime="20240317 11:53:00.310" endtime="20240317 11:53:00.311"/>
</iter>
<status status="PASS" starttime="20240317 11:53:00.309" endtime="20240317 11:53:00.311"/>
</for>
<status status="PASS" starttime="20240317 11:53:00.307" endtime="20240317 11:53:00.311"/>
</test>
<test id="s1-s1-t3" name="Loop a range from 0 to end index" line="32">
<for flavor="IN RANGE">
<var>${index}</var>
<value>10</value>
<iter>
<var name="${index}">0</var>
<kw name="Log" library="BuiltIn">
<arg>${index}</arg>
<doc>Logs the given message with the given level.</doc>
<msg timestamp="20240317 11:53:00.312" level="INFO">0</msg>
<status status="PASS" starttime="20240317 11:53:00.312" endtime="20240317 11:53:00.312"/>
</kw>
<status status="PASS" starttime="20240317 11:53:00.311" endtime="20240317 11:53:00.312"/>
</iter>
<iter>
<var name="${index}">1</var>
<kw name="Log" library="BuiltIn">
<arg>${index}</arg>
<doc>Logs the given message with the given level.</doc>
<msg timestamp="20240317 11:53:00.312" level="INFO">1</msg>
<status status="PASS" starttime="20240317 11:53:00.312" endtime="20240317 11:53:00.312"/>
</kw>
<status status="PASS" starttime="20240317 11:53:00.312" endtime="20240317 11:53:00.312"/>
</iter>
<iter>
<var name="${index}">2</var>
<kw name="Log" library="BuiltIn">
<arg>${index}</arg>
<doc>Logs the given message with the given level.</doc>
<msg timestamp="20240317 11:53:00.312" level="INFO">2</msg>
<status status="PASS" starttime="20240317 11:53:00.312" endtime="20240317 11:53:00.313"/>
</kw>
<status status="PASS" starttime="20240317 11:53:00.312" endtime="20240317 11:53:00.313"/>
</iter>
<iter>
<var name="${index}">3</var>
<kw name="Log" library="BuiltIn">
<arg>${index}</arg>
<doc>Logs the given message with the given level.</doc>
<msg timestamp="20240317 11:53:00.313" level="INFO">3</msg>
<status status="PASS" starttime="20240317 11:53:00.313" endtime="20240317 11:53:00.313"/>
</kw>
<status status="PASS" starttime="20240317 11:53:00.313" endtime="20240317 11:53:00.313"/>
</iter>
<iter>
<var name="${index}">4</var>
<kw name="Log" library="BuiltIn">
<arg>${index}</arg>
<doc>Logs the given message with the given level.</doc>
<msg timestamp="20240317 11:53:00.313" level="INFO">4</msg>
<status status="PASS" starttime="20240317 11:53:00.313" endtime="20240317 11:53:00.313"/>
</kw>
<status status="PASS" starttime="20240317 11:53:00.313" endtime="20240317 11:53:00.313"/>
</iter>
<iter>
<var name="${index}">5</var>
<kw name="Log" library="BuiltIn">
<arg>${index}</arg>
<doc>Logs the given message with the given level.</doc>
<msg timestamp="20240317 11:53:00.314" level="INFO">5</msg>
<status status="PASS" starttime="20240317 11:53:00.313" endtime="20240317 11:53:00.314"/>
</kw>
<status status="PASS" starttime="20240317 11:53:00.313" endtime="20240317 11:53:00.314"/>
</iter>
<iter>
<var name="${index}">6</var>
<kw name="Log" library="BuiltIn">
<arg>${index}</arg>
<doc>Logs the given message with the given level.</doc>
<msg timestamp="20240317 11:53:00.314" level="INFO">6</msg>
<status status="PASS" starttime="20240317 11:53:00.314" endtime="20240317 11:53:00.314"/>
</kw>
<status status="PASS" starttime="20240317 11:53:00.314" endtime="20240317 11:53:00.314"/>
</iter>
<iter>
<var name="${index}">7</var>
<kw name="Log" library="BuiltIn">
<arg>${index}</arg>
<doc>Logs the given message with the given level.</doc>
<msg timestamp="20240317 11:53:00.314" level="INFO">7</msg>
<status status="PASS" starttime="20240317 11:53:00.314" endtime="20240317 11:53:00.314"/>
</kw>
<status status="PASS" starttime="20240317 11:53:00.314" endtime="20240317 11:53:00.314"/>
</iter>
<iter>
<var name="${index}">8</var>
<kw name="Log" library="BuiltIn">
<arg>${index}</arg>
<doc>Logs the given message with the given level.</doc>
<msg timestamp="20240317 11:53:00.315" level="INFO">8</msg>
<status status="PASS" starttime="20240317 11:53:00.315" endtime="20240317 11:53:00.315"/>
</kw>
<status status="PASS" starttime="20240317 11:53:00.314" endtime="20240317 11:53:00.315"/>
</iter>
<iter>
<var name="${index}">9</var>
<kw name="Log" library="BuiltIn">
<arg>${index}</arg>
<doc>Logs the given message with the given level.</doc>
<msg timestamp="20240317 11:53:00.315" level="INFO">9</msg>
<status status="PASS" starttime="20240317 11:53:00.315" endtime="20240317 11:53:00.315"/>
</kw>
<status status="PASS" starttime="20240317 11:53:00.315" endtime="20240317 11:53:00.315"/>
</iter>
<status status="PASS" starttime="20240317 11:53:00.311" endtime="20240317 11:53:00.315"/>
</for>
<status status="PASS" starttime="20240317 11:53:00.311" endtime="20240317 11:53:00.315"/>
</test>
<test id="s1-s1-t4" name="Loop a range from start to end index" line="37">
<for flavor="IN RANGE">
<var>${index}</var>
<value>1</value>
<value>10</value>
<iter>
<var name="${index}">1</var>
<kw name="Log" library="BuiltIn">
<arg>${index}</arg>
<doc>Logs the given message with the given level.</doc>
<msg timestamp="20240317 11:53:00.316" level="INFO">1</msg>
<status status="PASS" starttime="20240317 11:53:00.316" endtime="20240317 11:53:00.316"/>
</kw>
<status status="PASS" starttime="20240317 11:53:00.316" endtime="20240317 11:53:00.316"/>
</iter>
<iter>
<var name="${index}">2</var>
<kw name="Log" library="BuiltIn">
<arg>${index}</arg>
<doc>Logs the given message with the given level.</doc>
<msg timestamp="20240317 11:53:00.316" level="INFO">2</msg>
<status status="PASS" starttime="20240317 11:53:00.316" endtime="20240317 11:53:00.317"/>
</kw>
<status status="PASS" starttime="20240317 11:53:00.316" endtime="20240317 11:53:00.317"/>
</iter>
<iter>
<var name="${index}">3</var>
<kw name="Log" library="BuiltIn">
<arg>${index}</arg>
<doc>Logs the given message with the given level.</doc>
<msg timestamp="20240317 11:53:00.317" level="INFO">3</msg>
<status status="PASS" starttime="20240317 11:53:00.317" endtime="20240317 11:53:00.317"/>
</kw>
<status status="PASS" starttime="20240317 11:53:00.317" endtime="20240317 11:53:00.317"/>
</iter>
<iter>
<var name="${index}">4</var>
<kw name="Log" library="BuiltIn">
<arg>${index}</arg>
<doc>Logs the given message with the given level.</doc>
<msg timestamp="20240317 11:53:00.317" level="INFO">4</msg>
<status status="PASS" starttime="20240317 11:53:00.317" endtime="20240317 11:53:00.317"/>
</kw>
<status status="PASS" starttime="20240317 11:53:00.317" endtime="20240317 11:53:00.317"/>
</iter>
<iter>
<var name="${index}">5</var>
<kw name="Log" library="BuiltIn">
<arg>${index}</arg>
<doc>Logs the given message with the given level.</doc>
<msg timestamp="20240317 11:53:00.317" level="INFO">5</msg>
<status status="PASS" starttime="20240317 11:53:00.317" endtime="20240317 11:53:00.317"/>
</kw>
<status status="PASS" starttime="20240317 11:53:00.317" endtime="20240317 11:53:00.317"/>
</iter>
<iter>
<var name="${index}">6</var>
<kw name="Log" library="BuiltIn">
<arg>${index}</arg>
<doc>Logs the given message with the given level.</doc>
<msg timestamp="20240317 11:53:00.318" level="INFO">6</msg>
<status status="PASS" starttime="20240317 11:53:00.318" endtime="20240317 11:53:00.318"/>
</kw>
<status status="PASS" starttime="20240317 11:53:00.318" endtime="20240317 11:53:00.318"/>
</iter>
<iter>
<var name="${index}">7</var>
<kw name="Log" library="BuiltIn">
<arg>${index}</arg>
<doc>Logs the given message with the given level.</doc>
<msg timestamp="20240317 11:53:00.318" level="INFO">7</msg>
<status status="PASS" starttime="20240317 11:53:00.318" endtime="20240317 11:53:00.318"/>
</kw>
<status status="PASS" starttime="20240317 11:53:00.318" endtime="20240317 11:53:00.318"/>
</iter>
<iter>
<var name="${index}">8</var>
<kw name="Log" library="BuiltIn">
<arg>${index}</arg>
<doc>Logs the given message with the given level.</doc>
<msg timestamp="20240317 11:53:00.318" level="INFO">8</msg>
<status status="PASS" starttime="20240317 11:53:00.318" endtime="20240317 11:53:00.318"/>
</kw>
<status status="PASS" starttime="20240317 11:53:00.318" endtime="20240317 11:53:00.318"/>
</iter>
<iter>
<var name="${index}">9</var>
<kw name="Log" library="BuiltIn">
<arg>${index}</arg>
<doc>Logs the given message with the given level.</doc>
<msg timestamp="20240317 11:53:00.319" level="INFO">9</msg>
<status status="PASS" starttime="20240317 11:53:00.319" endtime="20240317 11:53:00.319"/>
</kw>
<status status="PASS" starttime="20240317 11:53:00.319" endtime="20240317 11:53:00.319"/>
</iter>
<status status="PASS" starttime="20240317 11:53:00.316" endtime="20240317 11:53:00.319"/>
</for>
<status status="PASS" starttime="20240317 11:53:00.316" endtime="20240317 11:53:00.319"/>
</test>
<test id="s1-s1-t5" name="Loop a range from start to end index with steps" line="42">
<for flavor="IN RANGE">
<var>${index}</var>
<value>0</value>
<value>10</value>
<value>2</value>
<iter>
<var name="${index}">0</var>
<kw name="Log" library="BuiltIn">
<arg>${index}</arg>
<doc>Logs the given message with the given level.</doc>
<msg timestamp="20240317 11:53:00.320" level="INFO">0</msg>
<status status="PASS" starttime="20240317 11:53:00.320" endtime="20240317 11:53:00.320"/>
</kw>
<status status="PASS" starttime="20240317 11:53:00.320" endtime="20240317 11:53:00.320"/>
</iter>
<iter>
<var name="${index}">2</var>
<kw name="Log" library="BuiltIn">
<arg>${index}</arg>
<doc>Logs the given message with the given level.</doc>
<msg timestamp="20240317 11:53:00.320" level="INFO">2</msg>
<status status="PASS" starttime="20240317 11:53:00.320" endtime="20240317 11:53:00.320"/>
</kw>
<status status="PASS" starttime="20240317 11:53:00.320" endtime="20240317 11:53:00.320"/>
</iter>
<iter>
<var name="${index}">4</var>
<kw name="Log" library="BuiltIn">
<arg>${index}</arg>
<doc>Logs the given message with the given level.</doc>
<msg timestamp="20240317 11:53:00.321" level="INFO">4</msg>
<status status="PASS" starttime="20240317 11:53:00.320" endtime="20240317 11:53:00.321"/>
</kw>
<status status="PASS" starttime="20240317 11:53:00.320" endtime="20240317 11:53:00.321"/>
</iter>
<iter>
<var name="${index}">6</var>
<kw name="Log" library="BuiltIn">
<arg>${index}</arg>
<doc>Logs the given message with the given level.</doc>
<msg timestamp="20240317 11:53:00.321" level="INFO">6</msg>
<status status="PASS" starttime="20240317 11:53:00.321" endtime="20240317 11:53:00.321"/>
</kw>
<status status="PASS" starttime="20240317 11:53:00.321" endtime="20240317 11:53:00.321"/>
</iter>
<iter>
<var name="${index}">8</var>
<kw name="Log" library="BuiltIn">
<arg>${index}</arg>
<doc>Logs the given message with the given level.</doc>
<msg timestamp="20240317 11:53:00.321" level="INFO">8</msg>
<status status="PASS" starttime="20240317 11:53:00.321" endtime="20240317 11:53:00.321"/>
</kw>
<status status="PASS" starttime="20240317 11:53:00.321" endtime="20240317 11:53:00.321"/>
</iter>
<status status="PASS" starttime="20240317 11:53:00.319" endtime="20240317 11:53:00.321"/>
</for>
<status status="PASS" starttime="20240317 11:53:00.319" endtime="20240317 11:53:00.321"/>
</test>
<test id="s1-s1-t6" name="Nest loops" line="47">
<kw name="Create List" library="BuiltIn">
<var>@{alphabets}</var>
<arg>a</arg>
<arg>b</arg>
<arg>c</arg>
<doc>Returns a list containing given items.</doc>
<msg timestamp="20240317 11:53:00.322" level="INFO">@{alphabets} = [ a | b | c ]</msg>
<status status="PASS" starttime="20240317 11:53:00.322" endtime="20240317 11:53:00.322"/>
</kw>
<kw name="Log" library="BuiltIn">
<arg>${alphabets}</arg>
<doc>Logs the given message with the given level.</doc>
<msg timestamp="20240317 11:53:00.322" level="INFO">['a', 'b', 'c']</msg>
<status status="PASS" starttime="20240317 11:53:00.322" endtime="20240317 11:53:00.322"/>
</kw>
<kw name="Create List" library="BuiltIn">
<var>@{numbers}</var>
<arg>${1}</arg>
<arg>${2}</arg>
<arg>${3}</arg>
<doc>Returns a list containing given items.</doc>
<msg timestamp="20240317 11:53:00.323" level="INFO">@{numbers} = [ 1 | 2 | 3 ]</msg>
<status status="PASS" starttime="20240317 11:53:00.323" endtime="20240317 11:53:00.323"/>
</kw>
<kw name="Log" library="BuiltIn">
<arg>${numbers}</arg>
<doc>Logs the given message with the given level.</doc>
<msg timestamp="20240317 11:53:00.324" level="INFO">[1, 2, 3]</msg>
<status status="PASS" starttime="20240317 11:53:00.323" endtime="20240317 11:53:00.324"/>
</kw>
<for flavor="IN">
<var>${alphabet}</var>
<value>@{alphabets}</value>
<iter>
<var name="${alphabet}">a</var>
<for flavor="IN">
<var>${number}</var>
<value>@{numbers}</value>
<iter>
<var name="${number}">1</var>
<kw name="Log" library="BuiltIn">
<arg>${alphabet}${number}</arg>
<doc>Logs the given message with the given level.</doc>
<msg timestamp="20240317 11:53:00.324" level="INFO">a1</msg>
<status status="PASS" starttime="20240317 11:53:00.324" endtime="20240317 11:53:00.324"/>
</kw>
<status status="PASS" starttime="20240317 11:53:00.324" endtime="20240317 11:53:00.324"/>
</iter>
<iter>
<var name="${number}">2</var>
<kw name="Log" library="BuiltIn">
<arg>${alphabet}${number}</arg>
<doc>Logs the given message with the given level.</doc>
<msg timestamp="20240317 11:53:00.325" level="INFO">a2</msg>
<status status="PASS" starttime="20240317 11:53:00.325" endtime="20240317 11:53:00.325"/>
</kw>
<status status="PASS" starttime="20240317 11:53:00.324" endtime="20240317 11:53:00.325"/>
</iter>
<iter>
<var name="${number}">3</var>
<kw name="Log" library="BuiltIn">
<arg>${alphabet}${number}</arg>
<doc>Logs the given message with the given level.</doc>
<msg timestamp="20240317 11:53:00.325" level="INFO">a3</msg>
<status status="PASS" starttime="20240317 11:53:00.325" endtime="20240317 11:53:00.325"/>
</kw>
<status status="PASS" starttime="20240317 11:53:00.325" endtime="20240317 11:53:00.325"/>
</iter>
<status status="PASS" starttime="20240317 11:53:00.324" endtime="20240317 11:53:00.325"/>
</for>
<status status="PASS" starttime="20240317 11:53:00.324" endtime="20240317 11:53:00.325"/>
</iter>
<iter>
<var name="${alphabet}">b</var>
<for flavor="IN">
<var>${number}</var>
<value>@{numbers}</value>
<iter>
<var name="${number}">1</var>
<kw name="Log" library="BuiltIn">
<arg>${alphabet}${number}</arg>
<doc>Logs the given message with the given level.</doc>
<msg timestamp="20240317 11:53:00.326" level="INFO">b1</msg>
<status status="PASS" starttime="20240317 11:53:00.325" endtime="20240317 11:53:00.326"/>
</kw>
<status status="PASS" starttime="20240317 11:53:00.325" endtime="20240317 11:53:00.326"/>
</iter>
<iter>
<var name="${number}">2</var>
<kw name="Log" library="BuiltIn">
<arg>${alphabet}${number}</arg>
<doc>Logs the given message with the given level.</doc>
<msg timestamp="20240317 11:53:00.326" level="INFO">b2</msg>
<status status="PASS" starttime="20240317 11:53:00.326" endtime="20240317 11:53:00.326"/>
</kw>
<status status="PASS" starttime="20240317 11:53:00.326" endtime="20240317 11:53:00.326"/>
</iter>
<iter>
<var name="${number}">3</var>
<kw name="Log" library="BuiltIn">
<arg>${alphabet}${number}</arg>
<doc>Logs the given message with the given level.</doc>
<msg timestamp="20240317 11:53:00.326" level="INFO">b3</msg>
<status status="PASS" starttime="20240317 11:53:00.326" endtime="20240317 11:53:00.326"/>
</kw>
<status status="PASS" starttime="20240317 11:53:00.326" endtime="20240317 11:53:00.326"/>
</iter>
<status status="PASS" starttime="20240317 11:53:00.325" endtime="20240317 11:53:00.326"/>
</for>
<status status="PASS" starttime="20240317 11:53:00.325" endtime="20240317 11:53:00.327"/>
</iter>
<iter>
<var name="${alphabet}">c</var>
<for flavor="IN">
<var>${number}</var>
<value>@{numbers}</value>
<iter>
<var name="${number}">1</var>
<kw name="Log" library="BuiltIn">
<arg>${alphabet}${number}</arg>
<doc>Logs the given message with the given level.</doc>
<msg timestamp="20240317 11:53:00.327" level="INFO">c1</msg>
<status status="PASS" starttime="20240317 11:53:00.327" endtime="20240317 11:53:00.327"/>
</kw>
<status status="PASS" starttime="20240317 11:53:00.327" endtime="20240317 11:53:00.327"/>
</iter>
<iter>
<var name="${number}">2</var>
<kw name="Log" library="BuiltIn">
<arg>${alphabet}${number}</arg>
<doc>Logs the given message with the given level.</doc>
<msg timestamp="20240317 11:53:00.327" level="INFO">c2</msg>
<status status="PASS" starttime="20240317 11:53:00.327" endtime="20240317 11:53:00.327"/>
</kw>
<status status="PASS" starttime="20240317 11:53:00.327" endtime="20240317 11:53:00.327"/>
</iter>
<iter>
<var name="${number}">3</var>
<kw name="Log" library="BuiltIn">
<arg>${alphabet}${number}</arg>
<doc>Logs the given message with the given level.</doc>
<msg timestamp="20240317 11:53:00.328" level="INFO">c3</msg>
<status status="PASS" starttime="20240317 11:53:00.328" endtime="20240317 11:53:00.328"/>
</kw>
<status status="PASS" starttime="20240317 11:53:00.327" endtime="20240317 11:53:00.328"/>
</iter>
<status status="PASS" starttime="20240317 11:53:00.327" endtime="20240317 11:53:00.328"/>
</for>
<status status="PASS" starttime="20240317 11:53:00.327" endtime="20240317 11:53:00.328"/>
</iter>
<status status="PASS" starttime="20240317 11:53:00.324" endtime="20240317 11:53:00.328"/>
</for>
<status status="PASS" starttime="20240317 11:53:00.322" endtime="20240317 11:53:00.328"/>
</test>
<test id="s1-s1-t7" name="Exit a loop on condition" line="59">
<for flavor="IN RANGE">
<var>${i}</var>
<value>5</value>
<iter>
<var name="${i}">0</var>
<if>
<branch type="IF" condition="${i} == 2">
<break>
<status status="NOT RUN" starttime="20240317 11:53:00.329" endtime="20240317 11:53:00.329"/>
</break>
<status status="NOT RUN" starttime="20240317 11:53:00.329" endtime="20240317 11:53:00.329"/>
</branch>
<status status="PASS" starttime="20240317 11:53:00.329" endtime="20240317 11:53:00.329"/>
</if>
<kw name="Log" library="BuiltIn">
<arg>${i}</arg>
<doc>Logs the given message with the given level.</doc>
<msg timestamp="20240317 11:53:00.330" level="INFO">0</msg>
<status status="PASS" starttime="20240317 11:53:00.329" endtime="20240317 11:53:00.330"/>
</kw>
<status status="PASS" starttime="20240317 11:53:00.329" endtime="20240317 11:53:00.330"/>
</iter>
<iter>
<var name="${i}">1</var>
<if>
<branch type="IF" condition="${i} == 2">
<break>
<status status="NOT RUN" starttime="20240317 11:53:00.330" endtime="20240317 11:53:00.330"/>
</break>
<status status="NOT RUN" starttime="20240317 11:53:00.330" endtime="20240317 11:53:00.330"/>
</branch>
<status status="PASS" starttime="20240317 11:53:00.330" endtime="20240317 11:53:00.330"/>
</if>
<kw name="Log" library="BuiltIn">
<arg>${i}</arg>
<doc>Logs the given message with the given level.</doc>
<msg timestamp="20240317 11:53:00.330" level="INFO">1</msg>
<status status="PASS" starttime="20240317 11:53:00.330" endtime="20240317 11:53:00.331"/>
</kw>
<status status="PASS" starttime="20240317 11:53:00.330" endtime="20240317 11:53:00.331"/>
</iter>
<iter>
<var name="${i}">2</var>
<if>
<branch type="IF" condition="${i} == 2">
<break>
<status status="PASS" starttime="20240317 11:53:00.331" endtime="20240317 11:53:00.331"/>
</break>
<status status="PASS" starttime="20240317 11:53:00.331" endtime="20240317 11:53:00.331"/>
</branch>
<status status="PASS" starttime="20240317 11:53:00.331" endtime="20240317 11:53:00.331"/>
</if>
<kw name="Log" library="BuiltIn">
<arg>${i}</arg>
<doc>Logs the given message with the given level.</doc>
<status status="NOT RUN" starttime="20240317 11:53:00.331" endtime="20240317 11:53:00.331"/>
</kw>
<status status="PASS" starttime="20240317 11:53:00.331" endtime="20240317 11:53:00.331"/>
</iter>
<status status="PASS" starttime="20240317 11:53:00.329" endtime="20240317 11:53:00.331"/>
</for>
<status status="PASS" starttime="20240317 11:53:00.328" endtime="20240317 11:53:00.332"/>
</test>
<test id="s1-s1-t8" name="Continue a loop from the next iteration on condition" line="65">
<for flavor="IN RANGE">
<var>${i}</var>
<value>3</value>
<iter>
<var name="${i}">0</var>
<if>
<branch type="IF" condition="${i} == 1">
<continue>
<status status="NOT RUN" starttime="20240317 11:53:00.333" endtime="20240317 11:53:00.333"/>
</continue>
<status status="NOT RUN" starttime="20240317 11:53:00.332" endtime="20240317 11:53:00.333"/>
</branch>
<status status="PASS" starttime="20240317 11:53:00.332" endtime="20240317 11:53:00.333"/>
</if>
<kw name="Log" library="BuiltIn">
<arg>${i}</arg>
<doc>Logs the given message with the given level.</doc>
<msg timestamp="20240317 11:53:00.333" level="INFO">0</msg>
<status status="PASS" starttime="20240317 11:53:00.333" endtime="20240317 11:53:00.333"/>
</kw>
<status status="PASS" starttime="20240317 11:53:00.332" endtime="20240317 11:53:00.333"/>
</iter>
<iter>
<var name="${i}">1</var>
<if>
<branch type="IF" condition="${i} == 1">
<continue>
<status status="PASS" starttime="20240317 11:53:00.333" endtime="20240317 11:53:00.333"/>
</continue>
<status status="PASS" starttime="20240317 11:53:00.333" endtime="20240317 11:53:00.333"/>
</branch>
<status status="PASS" starttime="20240317 11:53:00.333" endtime="20240317 11:53:00.333"/>
</if>
<kw name="Log" library="BuiltIn">
<arg>${i}</arg>
<doc>Logs the given message with the given level.</doc>
<status status="NOT RUN" starttime="20240317 11:53:00.334" endtime="20240317 11:53:00.334"/>
</kw>
<status status="PASS" starttime="20240317 11:53:00.333" endtime="20240317 11:53:00.334"/>
</iter>
<iter>
<var name="${i}">2</var>
<if>
<branch type="IF" condition="${i} == 1">
<continue>
<status status="NOT RUN" starttime="20240317 11:53:00.334" endtime="20240317 11:53:00.334"/>
</continue>
<status status="NOT RUN" starttime="20240317 11:53:00.334" endtime="20240317 11:53:00.334"/>
</branch>
<status status="PASS" starttime="20240317 11:53:00.334" endtime="20240317 11:53:00.334"/>
</if>
<kw name="Log" library="BuiltIn">
<arg>${i}</arg>
<doc>Logs the given message with the given level.</doc>
<msg timestamp="20240317 11:53:00.334" level="INFO">2</msg>
<status status="PASS" starttime="20240317 11:53:00.334" endtime="20240317 11:53:00.334"/>
</kw>
<status status="PASS" starttime="20240317 11:53:00.334" endtime="20240317 11:53:00.334"/>
</iter>
<status status="PASS" starttime="20240317 11:53:00.332" endtime="20240317 11:53:00.334"/>
</for>
<status status="PASS" starttime="20240317 11:53:00.332" endtime="20240317 11:53:00.335"/>
</test>
<doc>Example test cases with FOR loops</doc>
<status status="PASS" starttime="20240317 11:53:00.301" endtime="20240317 11:53:00.335"/>
</suite>
<suite id="s1-s2" name="If Else" source="/home/chme/git/python-robot-markdown/examples/Robot_Language/if_else.robot">
<test id="s1-s2-t1" name="Use IF construct in Robot Framework" line="8">
<if>
<branch type="IF" condition="${True}">
<kw name="Log" library="BuiltIn">
<arg>This line IS executed.</arg>
<doc>Logs the given message with the given level.</doc>
<msg timestamp="20240317 11:53:00.339" level="INFO">This line IS executed.</msg>
<status status="PASS" starttime="20240317 11:53:00.338" endtime="20240317 11:53:00.339"/>
</kw>
<status status="PASS" starttime="20240317 11:53:00.338" endtime="20240317 11:53:00.339"/>
</branch>
<status status="PASS" starttime="20240317 11:53:00.338" endtime="20240317 11:53:00.339"/>
</if>
<if>
<branch type="IF" condition="${False}">
<kw name="Log" library="BuiltIn">
<arg>This line is NOT executed.</arg>
<doc>Logs the given message with the given level.</doc>
<status status="NOT RUN" starttime="20240317 11:53:00.339" endtime="20240317 11:53:00.339"/>
</kw>
<status status="NOT RUN" starttime="20240317 11:53:00.339" endtime="20240317 11:53:00.339"/>
</branch>
<status status="PASS" starttime="20240317 11:53:00.339" endtime="20240317 11:53:00.339"/>
</if>
<if>
<branch type="IF" condition="&quot;cat&quot; == &quot;cat&quot;">
<kw name="Log" library="BuiltIn">
<arg>This line IS executed.</arg>
<doc>Logs the given message with the given level.</doc>
<msg timestamp="20240317 11:53:00.339" level="INFO">This line IS executed.</msg>
<status status="PASS" starttime="20240317 11:53:00.339" endtime="20240317 11:53:00.339"/>
</kw>
<status status="PASS" starttime="20240317 11:53:00.339" endtime="20240317 11:53:00.339"/>
</branch>
<status status="PASS" starttime="20240317 11:53:00.339" endtime="20240317 11:53:00.339"/>
</if>
<if>
<branch type="IF" condition="&quot;cat&quot; != &quot;dog&quot;">
<kw name="Log" library="BuiltIn">
<arg>This line IS executed.</arg>
<doc>Logs the given message with the given level.</doc>
<msg timestamp="20240317 11:53:00.340" level="INFO">This line IS executed.</msg>
<status status="PASS" starttime="20240317 11:53:00.340" endtime="20240317 11:53:00.340"/>
</kw>
<status status="PASS" starttime="20240317 11:53:00.340" endtime="20240317 11:53:00.340"/>
</branch>
<status status="PASS" starttime="20240317 11:53:00.340" endtime="20240317 11:53:00.340"/>
</if>
<if>
<branch type="IF" condition="&quot;cat&quot; == &quot;dog&quot;">
<kw name="Log" library="BuiltIn">
<arg>This line is NOT executed.</arg>
<doc>Logs the given message with the given level.</doc>
<status status="NOT RUN" starttime="20240317 11:53:00.340" endtime="20240317 11:53:00.340"/>
</kw>
<status status="NOT RUN" starttime="20240317 11:53:00.340" endtime="20240317 11:53:00.340"/>
</branch>
<status status="PASS" starttime="20240317 11:53:00.340" endtime="20240317 11:53:00.340"/>
</if>
<if>
<branch type="IF" condition="&quot;cat&quot; == &quot;cat&quot; and &quot;dog&quot; == &quot;dog&quot;">
<kw name="Log" library="BuiltIn">
<arg>This line IS executed.</arg>
<doc>Logs the given message with the given level.</doc>
<msg timestamp="20240317 11:53:00.341" level="INFO">This line IS executed.</msg>
<status status="PASS" starttime="20240317 11:53:00.341" endtime="20240317 11:53:00.341"/>
</kw>
<status status="PASS" starttime="20240317 11:53:00.340" endtime="20240317 11:53:00.341"/>
</branch>
<status status="PASS" starttime="20240317 11:53:00.340" endtime="20240317 11:53:00.341"/>
</if>
<if>
<branch type="IF" condition="&quot;cat&quot; == &quot;cat&quot; and &quot;dog&quot; == &quot;cat&quot;">
<kw name="Log" library="BuiltIn">
<arg>This line is NOT executed.</arg>
<doc>Logs the given message with the given level.</doc>
<status status="NOT RUN" starttime="20240317 11:53:00.341" endtime="20240317 11:53:00.341"/>
</kw>
<status status="NOT RUN" starttime="20240317 11:53:00.341" endtime="20240317 11:53:00.341"/>
</branch>
<status status="PASS" starttime="20240317 11:53:00.341" endtime="20240317 11:53:00.341"/>
</if>
<if>
<branch type="IF" condition="1 == 1">
<kw name="Log" library="BuiltIn">
<arg>This line IS executed.</arg>
<doc>Logs the given message with the given level.</doc>
<msg timestamp="20240317 11:53:00.341" level="INFO">This line IS executed.</msg>
<status status="PASS" starttime="20240317 11:53:00.341" endtime="20240317 11:53:00.342"/>
</kw>
<status status="PASS" starttime="20240317 11:53:00.341" endtime="20240317 11:53:00.342"/>
</branch>
<status status="PASS" starttime="20240317 11:53:00.341" endtime="20240317 11:53:00.342"/>
</if>
<if>
<branch type="IF" condition="2 &lt; 1">
<kw name="Log" library="BuiltIn">
<arg>This line is NOT executed.</arg>
<doc>Logs the given message with the given level.</doc>
<status status="NOT RUN" starttime="20240317 11:53:00.342" endtime="20240317 11:53:00.342"/>
</kw>
<status status="NOT RUN" starttime="20240317 11:53:00.342" endtime="20240317 11:53:00.342"/>
</branch>
<status status="PASS" starttime="20240317 11:53:00.342" endtime="20240317 11:53:00.342"/>
</if>
<if>
<branch type="IF" condition="2 &lt;= 2">
<kw name="Log" library="BuiltIn">
<arg>This line IS executed.</arg>
<doc>Logs the given message with the given level.</doc>
<msg timestamp="20240317 11:53:00.342" level="INFO">This line IS executed.</msg>
<status status="PASS" starttime="20240317 11:53:00.342" endtime="20240317 11:53:00.342"/>
</kw>
<status status="PASS" starttime="20240317 11:53:00.342" endtime="20240317 11:53:00.342"/>
</branch>
<status status="PASS" starttime="20240317 11:53:00.342" endtime="20240317 11:53:00.342"/>
</if>
<if>
<branch type="IF" condition="len(&quot;cat&quot;) == 3">
<kw name="Log" library="BuiltIn">
<arg>This line IS executed.</arg>
<doc>Logs the given message with the given level.</doc>
<msg timestamp="20240317 11:53:00.343" level="INFO">This line IS executed.</msg>
<status status="PASS" starttime="20240317 11:53:00.343" endtime="20240317 11:53:00.343"/>
</kw>
<status status="PASS" starttime="20240317 11:53:00.342" endtime="20240317 11:53:00.343"/>
</branch>
<status status="PASS" starttime="20240317 11:53:00.342" endtime="20240317 11:53:00.343"/>
</if>
<if>
<branch type="IF" condition="(1 == 1 and 2 == 2) and 3 == 3">
<kw name="Log" library="BuiltIn">
<arg>This line IS executed since the expressions evaluate to True.</arg>
<doc>Logs the given message with the given level.</doc>
<msg timestamp="20240317 11:53:00.343" level="INFO">This line IS executed since the expressions evaluate to True.</msg>
<status status="PASS" starttime="20240317 11:53:00.343" endtime="20240317 11:53:00.343"/>
</kw>
<status status="PASS" starttime="20240317 11:53:00.343" endtime="20240317 11:53:00.343"/>
</branch>
<status status="PASS" starttime="20240317 11:53:00.343" endtime="20240317 11:53:00.343"/>
</if>
<if>
<branch type="IF" condition="(1 == 2 or 3 == 4) or 3 == 3">
<kw name="Log" library="BuiltIn">
<arg>This line IS executed since one of the expressions evaluates to True.</arg>
<doc>Logs the given message with the given level.</doc>
<msg timestamp="20240317 11:53:00.344" level="INFO">This line IS executed since one of the expressions evaluates to True.</msg>
<status status="PASS" starttime="20240317 11:53:00.344" endtime="20240317 11:53:00.344"/>
</kw>
<status status="PASS" starttime="20240317 11:53:00.343" endtime="20240317 11:53:00.344"/>
</branch>
<status status="PASS" starttime="20240317 11:53:00.343" endtime="20240317 11:53:00.344"/>
</if>
<status status="PASS" starttime="20240317 11:53:00.338" endtime="20240317 11:53:00.344"/>
</test>
<test id="s1-s2-t2" name="Use inline IF construct in Robot Framework" line="49">
<if>
<branch type="IF" condition="&quot;cat&quot; == &quot;cat&quot;">
<kw name="Log" library="BuiltIn">
<arg>This is logged.</arg>
<doc>Logs the given message with the given level.</doc>
<msg timestamp="20240317 11:53:00.345" level="INFO">This is logged.</msg>
<status status="PASS" starttime="20240317 11:53:00.344" endtime="20240317 11:53:00.345"/>
</kw>
<status status="PASS" starttime="20240317 11:53:00.344" endtime="20240317 11:53:00.345"/>
</branch>
<branch type="ELSE">
<kw name="Log" library="BuiltIn">
<arg>This is NOT logged.</arg>
<doc>Logs the given message with the given level.</doc>
<status status="NOT RUN" starttime="20240317 11:53:00.345" endtime="20240317 11:53:00.345"/>
</kw>
<status status="NOT RUN" starttime="20240317 11:53:00.345" endtime="20240317 11:53:00.345"/>
</branch>
<status status="PASS" starttime="20240317 11:53:00.344" endtime="20240317 11:53:00.345"/>
</if>
<status status="PASS" starttime="20240317 11:53:00.344" endtime="20240317 11:53:00.345"/>
</test>
<test id="s1-s2-t3" name="Use IF / ELSE construct in Robot Framework" line="52">
<if>
<branch type="IF" condition="1 == 1">
<kw name="Log" library="BuiltIn">
<arg>This line IS executed.</arg>
<doc>Logs the given message with the given level.</doc>
<msg timestamp="20240317 11:53:00.346" level="INFO">This line IS executed.</msg>
<status status="PASS" starttime="20240317 11:53:00.346" endtime="20240317 11:53:00.346"/>
</kw>
<status status="PASS" starttime="20240317 11:53:00.345" endtime="20240317 11:53:00.346"/>
</branch>
<branch type="ELSE">
<kw name="Log" library="BuiltIn">
<arg>This line is NOT executed.</arg>
<doc>Logs the given message with the given level.</doc>
<status status="NOT RUN" starttime="20240317 11:53:00.346" endtime="20240317 11:53:00.346"/>
</kw>
<status status="NOT RUN" starttime="20240317 11:53:00.346" endtime="20240317 11:53:00.346"/>
</branch>
<status status="PASS" starttime="20240317 11:53:00.345" endtime="20240317 11:53:00.346"/>
</if>
<if>
<branch type="IF" condition="1 == 2">
<kw name="Log" library="BuiltIn">
<arg>This line is NOT executed.</arg>
<doc>Logs the given message with the given level.</doc>
<status status="NOT RUN" starttime="20240317 11:53:00.346" endtime="20240317 11:53:00.346"/>
</kw>
<status status="NOT RUN" starttime="20240317 11:53:00.346" endtime="20240317 11:53:00.346"/>
</branch>
<branch type="ELSE">
<kw name="Log" library="BuiltIn">
<arg>This line IS executed.</arg>
<doc>Logs the given message with the given level.</doc>
<msg timestamp="20240317 11:53:00.346" level="INFO">This line IS executed.</msg>
<status status="PASS" starttime="20240317 11:53:00.346" endtime="20240317 11:53:00.346"/>
</kw>
<status status="PASS" starttime="20240317 11:53:00.346" endtime="20240317 11:53:00.346"/>
</branch>
<status status="PASS" starttime="20240317 11:53:00.346" endtime="20240317 11:53:00.347"/>
</if>
<status status="PASS" starttime="20240317 11:53:00.345" endtime="20240317 11:53:00.347"/>
</test>
<test id="s1-s2-t4" name="Use IF / ELSE IF construct in Robot Framework" line="64">
<if>
<branch type="IF" condition="1 == 1">
<kw name="Log" library="BuiltIn">
<arg>This line IS executed.</arg>
<doc>Logs the given message with the given level.</doc>
<msg timestamp="20240317 11:53:00.347" level="INFO">This line IS executed.</msg>
<status status="PASS" starttime="20240317 11:53:00.347" endtime="20240317 11:53:00.347"/>
</kw>
<status status="PASS" starttime="20240317 11:53:00.347" endtime="20240317 11:53:00.347"/>
</branch>
<branch type="ELSE IF" condition="2 == 2">
<kw name="Log" library="BuiltIn">
<arg>This line is NOT executed.</arg>
<doc>Logs the given message with the given level.</doc>
<status status="NOT RUN" starttime="20240317 11:53:00.348" endtime="20240317 11:53:00.348"/>
</kw>
<status status="NOT RUN" starttime="20240317 11:53:00.347" endtime="20240317 11:53:00.348"/>
</branch>
<status status="PASS" starttime="20240317 11:53:00.347" endtime="20240317 11:53:00.348"/>
</if>
<if>
<branch type="IF" condition="1 == 2">
<kw name="Log" library="BuiltIn">
<arg>This line is NOT executed.</arg>
<doc>Logs the given message with the given level.</doc>
<status status="NOT RUN" starttime="20240317 11:53:00.348" endtime="20240317 11:53:00.348"/>
</kw>
<status status="NOT RUN" starttime="20240317 11:53:00.348" endtime="20240317 11:53:00.348"/>
</branch>
<branch type="ELSE IF" condition="2 == 2">
<kw name="Log" library="BuiltIn">
<arg>This line IS executed.</arg>
<doc>Logs the given message with the given level.</doc>
<msg timestamp="20240317 11:53:00.348" level="INFO">This line IS executed.</msg>
<status status="PASS" starttime="20240317 11:53:00.348" endtime="20240317 11:53:00.348"/>
</kw>
<status status="PASS" starttime="20240317 11:53:00.348" endtime="20240317 11:53:00.348"/>
</branch>
<status status="PASS" starttime="20240317 11:53:00.348" endtime="20240317 11:53:00.348"/>
</if>
<if>
<branch type="IF" condition="1 == 2">
<kw name="Log" library="BuiltIn">
<arg>This line is NOT executed.</arg>
<doc>Logs the given message with the given level.</doc>
<status status="NOT RUN" starttime="20240317 11:53:00.348" endtime="20240317 11:53:00.349"/>
</kw>
<status status="NOT RUN" starttime="20240317 11:53:00.348" endtime="20240317 11:53:00.349"/>
</branch>
<branch type="ELSE IF" condition="2 == 3">
<kw name="Log" library="BuiltIn">
<arg>This line is NOT executed.</arg>
<doc>Logs the given message with the given level.</doc>
<status status="NOT RUN" starttime="20240317 11:53:00.349" endtime="20240317 11:53:00.349"/>
</kw>
<status status="NOT RUN" starttime="20240317 11:53:00.349" endtime="20240317 11:53:00.349"/>
</branch>
<status status="PASS" starttime="20240317 11:53:00.348" endtime="20240317 11:53:00.349"/>
</if>
<status status="PASS" starttime="20240317 11:53:00.347" endtime="20240317 11:53:00.349"/>
</test>
<test id="s1-s2-t5" name="Use IF / ELSE IF / ELSE construct in Robot Framework" line="81">
<if>
<branch type="IF" condition="1 == 1">
<kw name="Log" library="BuiltIn">
<arg>This line IS executed.</arg>
<doc>Logs the given message with the given level.</doc>
<msg timestamp="20240317 11:53:00.350" level="INFO">This line IS executed.</msg>
<status status="PASS" starttime="20240317 11:53:00.350" endtime="20240317 11:53:00.350"/>
</kw>
<status status="PASS" starttime="20240317 11:53:00.349" endtime="20240317 11:53:00.350"/>
</branch>
<branch type="ELSE IF" condition="2 == 2">
<kw name="Log" library="BuiltIn">
<arg>This line is NOT executed.</arg>
<doc>Logs the given message with the given level.</doc>
<status status="NOT RUN" starttime="20240317 11:53:00.350" endtime="20240317 11:53:00.350"/>
</kw>
<status status="NOT RUN" starttime="20240317 11:53:00.350" endtime="20240317 11:53:00.350"/>
</branch>
<branch type="ELSE">
<kw name="Log" library="BuiltIn">
<arg>This line is NOT executed.</arg>
<doc>Logs the given message with the given level.</doc>
<status status="NOT RUN" starttime="20240317 11:53:00.350" endtime="20240317 11:53:00.350"/>
</kw>
<status status="NOT RUN" starttime="20240317 11:53:00.350" endtime="20240317 11:53:00.350"/>
</branch>
<status status="PASS" starttime="20240317 11:53:00.349" endtime="20240317 11:53:00.350"/>
</if>
<if>
<branch type="IF" condition="1 == 2">
<kw name="Log" library="BuiltIn">
<arg>This line is NOT executed.</arg>
<doc>Logs the given message with the given level.</doc>
<status status="NOT RUN" starttime="20240317 11:53:00.350" endtime="20240317 11:53:00.350"/>
</kw>
<status status="NOT RUN" starttime="20240317 11:53:00.350" endtime="20240317 11:53:00.350"/>
</branch>
<branch type="ELSE IF" condition="2 == 2">
<kw name="Log" library="BuiltIn">
<arg>This line IS executed.</arg>
<doc>Logs the given message with the given level.</doc>
<msg timestamp="20240317 11:53:00.351" level="INFO">This line IS executed.</msg>
<status status="PASS" starttime="20240317 11:53:00.350" endtime="20240317 11:53:00.351"/>
</kw>
<status status="PASS" starttime="20240317 11:53:00.350" endtime="20240317 11:53:00.351"/>
</branch>
<branch type="ELSE">
<kw name="Log" library="BuiltIn">
<arg>This line is NOT executed.</arg>
<doc>Logs the given message with the given level.</doc>
<status status="NOT RUN" starttime="20240317 11:53:00.351" endtime="20240317 11:53:00.351"/>
</kw>
<status status="NOT RUN" starttime="20240317 11:53:00.351" endtime="20240317 11:53:00.351"/>
</branch>
<status status="PASS" starttime="20240317 11:53:00.350" endtime="20240317 11:53:00.351"/>
</if>
<if>
<branch type="IF" condition="1 == 2">
<kw name="Log" library="BuiltIn">
<arg>This line is NOT executed.</arg>
<doc>Logs the given message with the given level.</doc>
<status status="NOT RUN" starttime="20240317 11:53:00.351" endtime="20240317 11:53:00.351"/>
</kw>
<status status="NOT RUN" starttime="20240317 11:53:00.351" endtime="20240317 11:53:00.351"/>
</branch>
<branch type="ELSE IF" condition="2 == 3">
<kw name="Log" library="BuiltIn">
<arg>This line is NOT executed.</arg>
<doc>Logs the given message with the given level.</doc>
<status status="NOT RUN" starttime="20240317 11:53:00.351" endtime="20240317 11:53:00.351"/>
</kw>
<status status="NOT RUN" starttime="20240317 11:53:00.351" endtime="20240317 11:53:00.351"/>
</branch>
<branch type="ELSE">
<kw name="Log" library="BuiltIn">
<arg>This line IS executed.</arg>
<doc>Logs the given message with the given level.</doc>
<msg timestamp="20240317 11:53:00.351" level="INFO">This line IS executed.</msg>
<status status="PASS" starttime="20240317 11:53:00.351" endtime="20240317 11:53:00.352"/>
</kw>
<status status="PASS" starttime="20240317 11:53:00.351" endtime="20240317 11:53:00.352"/>
</branch>
<status status="PASS" starttime="20240317 11:53:00.351" endtime="20240317 11:53:00.352"/>
</if>
<status status="PASS" starttime="20240317 11:53:00.349" endtime="20240317 11:53:00.352"/>
</test>
<test id="s1-s2-t6" name="Use Run Keyword If in Robot Framework" line="104">
<kw name="Run Keyword If" library="BuiltIn">
<arg>${True}</arg>
<arg>Log</arg>
<arg>This line IS executed.</arg>
<doc>Runs the given keyword with the given arguments, if ``condition`` is true.</doc>
<kw name="Log" library="BuiltIn">
<arg>This line IS executed.</arg>
<doc>Logs the given message with the given level.</doc>
<msg timestamp="20240317 11:53:00.353" level="INFO">This line IS executed.</msg>
<status status="PASS" starttime="20240317 11:53:00.353" endtime="20240317 11:53:00.353"/>
</kw>
<status status="PASS" starttime="20240317 11:53:00.352" endtime="20240317 11:53:00.353"/>
</kw>
<kw name="Run Keyword If" library="BuiltIn">
<arg>${False}</arg>
<arg>Log</arg>
<arg>This line is NOT executed.</arg>
<doc>Runs the given keyword with the given arguments, if ``condition`` is true.</doc>
<status status="PASS" starttime="20240317 11:53:00.353" endtime="20240317 11:53:00.353"/>
</kw>
<status status="PASS" starttime="20240317 11:53:00.352" endtime="20240317 11:53:00.353"/>
</test>
<test id="s1-s2-t7" name="Use Run Keyword Unless in Robot Framework" line="108">
<kw name="Run Keyword Unless" library="BuiltIn">
<arg>${True}</arg>
<arg>Log</arg>
<arg>This line is NOT executed.</arg>
<doc>*DEPRECATED since RF 5.0. Use Native IF/ELSE or `Run Keyword If` instead.*</doc>
<msg timestamp="20240317 11:53:00.354" level="WARN">Keyword 'BuiltIn.Run Keyword Unless' is deprecated. </msg>
<status status="PASS" starttime="20240317 11:53:00.354" endtime="20240317 11:53:00.354"/>
</kw>
<kw name="Run Keyword Unless" library="BuiltIn">
<arg>${False}</arg>
<arg>Log</arg>
<arg>This line IS executed.</arg>
<doc>*DEPRECATED since RF 5.0. Use Native IF/ELSE or `Run Keyword If` instead.*</doc>
<msg timestamp="20240317 11:53:00.354" level="WARN">Keyword 'BuiltIn.Run Keyword Unless' is deprecated. </msg>
<kw name="Log" library="BuiltIn">
<arg>This line IS executed.</arg>
<doc>Logs the given message with the given level.</doc>
<msg timestamp="20240317 11:53:00.355" level="INFO">This line IS executed.</msg>
<status status="PASS" starttime="20240317 11:53:00.355" endtime="20240317 11:53:00.355"/>
</kw>
<status status="PASS" starttime="20240317 11:53:00.354" endtime="20240317 11:53:00.355"/>
</kw>
<status status="PASS" starttime="20240317 11:53:00.354" endtime="20240317 11:53:00.355"/>
</test>
<test id="s1-s2-t8" name="Execute a for loop only three times" line="112">
<for flavor="IN">
<var>${robot}</var>
<value>@{ROBOTS}</value>
<iter>
<var name="${robot}">Bender</var>
<if>
<branch type="IF" condition="$robot == 'Terminator'">
<continue>
<status status="NOT RUN" starttime="20240317 11:53:00.359" endtime="20240317 11:53:00.359"/>
</continue>
<status status="NOT RUN" starttime="20240317 11:53:00.356" endtime="20240317 11:53:00.359"/>
</branch>
<status status="PASS" starttime="20240317 11:53:00.356" endtime="20240317 11:53:00.359"/>
</if>
<kw name="Log" library="BuiltIn">
<arg>${robot}</arg>
<doc>Logs the given message with the given level.</doc>
<msg timestamp="20240317 11:53:00.360" level="INFO">Bender</msg>
<status status="PASS" starttime="20240317 11:53:00.359" endtime="20240317 11:53:00.360"/>
</kw>
<status status="PASS" starttime="20240317 11:53:00.356" endtime="20240317 11:53:00.360"/>
</iter>
<iter>
<var name="${robot}">Johnny5</var>
<if>
<branch type="IF" condition="$robot == 'Terminator'">
<continue>
<status status="NOT RUN" starttime="20240317 11:53:00.360" endtime="20240317 11:53:00.360"/>
</continue>
<status status="NOT RUN" starttime="20240317 11:53:00.360" endtime="20240317 11:53:00.360"/>
</branch>
<status status="PASS" starttime="20240317 11:53:00.360" endtime="20240317 11:53:00.360"/>
</if>
<kw name="Log" library="BuiltIn">
<arg>${robot}</arg>
<doc>Logs the given message with the given level.</doc>
<msg timestamp="20240317 11:53:00.360" level="INFO">Johnny5</msg>
<status status="PASS" starttime="20240317 11:53:00.360" endtime="20240317 11:53:00.361"/>
</kw>
<status status="PASS" starttime="20240317 11:53:00.360" endtime="20240317 11:53:00.361"/>
</iter>
<iter>
<var name="${robot}">Terminator</var>
<if>
<branch type="IF" condition="$robot == 'Terminator'">
<continue>
<status status="PASS" starttime="20240317 11:53:00.361" endtime="20240317 11:53:00.361"/>
</continue>
<status status="PASS" starttime="20240317 11:53:00.361" endtime="20240317 11:53:00.361"/>
</branch>
<status status="PASS" starttime="20240317 11:53:00.361" endtime="20240317 11:53:00.361"/>
</if>
<kw name="Log" library="BuiltIn">
<arg>${robot}</arg>
<doc>Logs the given message with the given level.</doc>
<status status="NOT RUN" starttime="20240317 11:53:00.361" endtime="20240317 11:53:00.361"/>
</kw>
<status status="PASS" starttime="20240317 11:53:00.361" endtime="20240317 11:53:00.361"/>
</iter>
<iter>
<var name="${robot}">Robocop</var>
<if>
<branch type="IF" condition="$robot == 'Terminator'">
<continue>
<status status="NOT RUN" starttime="20240317 11:53:00.362" endtime="20240317 11:53:00.362"/>
</continue>
<status status="NOT RUN" starttime="20240317 11:53:00.361" endtime="20240317 11:53:00.362"/>
</branch>
<status status="PASS" starttime="20240317 11:53:00.361" endtime="20240317 11:53:00.362"/>
</if>
<kw name="Log" library="BuiltIn">
<arg>${robot}</arg>
<doc>Logs the given message with the given level.</doc>
<msg timestamp="20240317 11:53:00.362" level="INFO">Robocop</msg>
<status status="PASS" starttime="20240317 11:53:00.362" endtime="20240317 11:53:00.362"/>
</kw>
<status status="PASS" starttime="20240317 11:53:00.361" endtime="20240317 11:53:00.362"/>
</iter>
<status status="PASS" starttime="20240317 11:53:00.356" endtime="20240317 11:53:00.362"/>
</for>
<status status="PASS" starttime="20240317 11:53:00.356" endtime="20240317 11:53:00.362"/>
</test>
<doc>Example test cases with IF conditions</doc>
<status status="PASS" starttime="20240317 11:53:00.336" endtime="20240317 11:53:00.363"/>
</suite>
<suite id="s1-s3" name="Try Except Finally" source="/home/chme/git/python-robot-markdown/examples/Robot_Language/try_except_finally.robot">
<test id="s1-s3-t1" name="TRY / EXCEPT: Catch any exception" line="6">
<try>
<branch type="TRY">
<kw name="Fail" library="BuiltIn">
<doc>Fails the test with the given message and optionally alters its tags.</doc>
<msg timestamp="20240317 11:53:00.366" level="FAIL">AssertionError</msg>
<status status="FAIL" starttime="20240317 11:53:00.366" endtime="20240317 11:53:00.366"/>
</kw>
<status status="FAIL" starttime="20240317 11:53:00.366" endtime="20240317 11:53:00.366"/>
</branch>
<branch type="EXCEPT">
<kw name="Log" library="BuiltIn">
<arg>EXCEPT with no arguments catches any exception.</arg>
<doc>Logs the given message with the given level.</doc>
<msg timestamp="20240317 11:53:00.367" level="INFO">EXCEPT with no arguments catches any exception.</msg>
<status status="PASS" starttime="20240317 11:53:00.367" endtime="20240317 11:53:00.367"/>
</kw>
<status status="PASS" starttime="20240317 11:53:00.366" endtime="20240317 11:53:00.367"/>
</branch>
<status status="PASS" starttime="20240317 11:53:00.366" endtime="20240317 11:53:00.367"/>
</try>
<status status="PASS" starttime="20240317 11:53:00.365" endtime="20240317 11:53:00.367"/>
</test>
<test id="s1-s3-t2" name="TRY / EXCEPT: Catch an exception by exact message" line="13">
<try>
<branch type="TRY">
<kw name="Fail" library="BuiltIn">
<arg>Error message</arg>
<doc>Fails the test with the given message and optionally alters its tags.</doc>
<msg timestamp="20240317 11:53:00.368" level="FAIL">Error message</msg>
<status status="FAIL" starttime="20240317 11:53:00.368" endtime="20240317 11:53:00.368"/>
</kw>
<status status="FAIL" starttime="20240317 11:53:00.368" endtime="20240317 11:53:00.368"/>
</branch>
<branch type="EXCEPT">
<pattern>Error message</pattern>
<kw name="Log" library="BuiltIn">
<arg>Catches only "Error message" exceptions.</arg>
<doc>Logs the given message with the given level.</doc>
<msg timestamp="20240317 11:53:00.369" level="INFO">Catches only "Error message" exceptions.</msg>
<status status="PASS" starttime="20240317 11:53:00.368" endtime="20240317 11:53:00.369"/>
</kw>
<kw name="Log" library="BuiltIn">
<arg>Enables error-specific exception handling.</arg>
<doc>Logs the given message with the given level.</doc>
<msg timestamp="20240317 11:53:00.369" level="INFO">Enables error-specific exception handling.</msg>
<status status="PASS" starttime="20240317 11:53:00.369" endtime="20240317 11:53:00.369"/>
</kw>
<status status="PASS" starttime="20240317 11:53:00.368" endtime="20240317 11:53:00.369"/>
</branch>
<status status="PASS" starttime="20240317 11:53:00.368" endtime="20240317 11:53:00.369"/>
</try>
<status status="PASS" starttime="20240317 11:53:00.367" endtime="20240317 11:53:00.369"/>
</test>
<test id="s1-s3-t3" name="TRY / EXCEPT: Multiple EXCEPT statements" line="21">
<try>
<branch type="TRY">
<kw name="Fail" library="BuiltIn">
<arg>Error message</arg>
<doc>Fails the test with the given message and optionally alters its tags.</doc>
<msg timestamp="20240317 11:53:00.370" level="FAIL">Error message</msg>
<status status="FAIL" starttime="20240317 11:53:00.370" endtime="20240317 11:53:00.370"/>
</kw>
<status status="FAIL" starttime="20240317 11:53:00.370" endtime="20240317 11:53:00.370"/>
</branch>
<branch type="EXCEPT">
<pattern>Another error message</pattern>
<kw name="Log" library="BuiltIn">
<arg>Catches only "Another error message" exceptions.</arg>
<doc>Logs the given message with the given level.</doc>
<status status="NOT RUN" starttime="20240317 11:53:00.370" endtime="20240317 11:53:00.370"/>
</kw>
<status status="NOT RUN" starttime="20240317 11:53:00.370" endtime="20240317 11:53:00.370"/>
</branch>
<branch type="EXCEPT">
<pattern>Error message</pattern>
<kw name="Log" library="BuiltIn">
<arg>Catches the "Error message" exception.</arg>
<doc>Logs the given message with the given level.</doc>
<msg timestamp="20240317 11:53:00.371" level="INFO">Catches the "Error message" exception.</msg>
<status status="PASS" starttime="20240317 11:53:00.370" endtime="20240317 11:53:00.371"/>
</kw>
<status status="PASS" starttime="20240317 11:53:00.370" endtime="20240317 11:53:00.371"/>
</branch>
<status status="PASS" starttime="20240317 11:53:00.370" endtime="20240317 11:53:00.371"/>
</try>
<status status="PASS" starttime="20240317 11:53:00.369" endtime="20240317 11:53:00.371"/>
</test>
<test id="s1-s3-t4" name="TRY / EXCEPT: Multiple messages in EXCEPT statement" line="30">
<try>
<branch type="TRY">
<kw name="Fail" library="BuiltIn">
<arg>CCC</arg>
<doc>Fails the test with the given message and optionally alters its tags.</doc>
<msg timestamp="20240317 11:53:00.372" level="FAIL">CCC</msg>
<status status="FAIL" starttime="20240317 11:53:00.371" endtime="20240317 11:53:00.372"/>
</kw>
<status status="FAIL" starttime="20240317 11:53:00.371" endtime="20240317 11:53:00.372"/>
</branch>
<branch type="EXCEPT">
<pattern>AAA</pattern>
<pattern>BBB</pattern>
<pattern>CCC</pattern>
<kw name="Log" library="BuiltIn">
<arg>Catches any "AAA", "BBB", or "CCC" exception.</arg>
<doc>Logs the given message with the given level.</doc>
<msg timestamp="20240317 11:53:00.372" level="INFO">Catches any "AAA", "BBB", or "CCC" exception.</msg>
<status status="PASS" starttime="20240317 11:53:00.372" endtime="20240317 11:53:00.372"/>
</kw>
<status status="PASS" starttime="20240317 11:53:00.372" endtime="20240317 11:53:00.372"/>
</branch>
<status status="PASS" starttime="20240317 11:53:00.371" endtime="20240317 11:53:00.372"/>
</try>
<status status="PASS" starttime="20240317 11:53:00.371" endtime="20240317 11:53:00.372"/>
</test>
<test id="s1-s3-t5" name="TRY / EXCEPT: Catch a specific exception, or an unexpected exception" line="37">
<try>
<branch type="TRY">
<kw name="Fail" library="BuiltIn">
<arg>Error message</arg>
<doc>Fails the test with the given message and optionally alters its tags.</doc>
<msg timestamp="20240317 11:53:00.373" level="FAIL">Error message</msg>
<status status="FAIL" starttime="20240317 11:53:00.373" endtime="20240317 11:53:00.373"/>
</kw>
<status status="FAIL" starttime="20240317 11:53:00.373" endtime="20240317 11:53:00.373"/>
</branch>
<branch type="EXCEPT">
<pattern>Another message</pattern>
<kw name="Log" library="BuiltIn">
<arg>Catches only "Another message" exceptions.</arg>
<doc>Logs the given message with the given level.</doc>
<status status="NOT RUN" starttime="20240317 11:53:00.373" endtime="20240317 11:53:00.373"/>
</kw>
<status status="NOT RUN" starttime="20240317 11:53:00.373" endtime="20240317 11:53:00.373"/>
</branch>
<branch type="EXCEPT">
<kw name="Log" library="BuiltIn">
<arg>Catches any exception.</arg>
<doc>Logs the given message with the given level.</doc>
<msg timestamp="20240317 11:53:00.374" level="INFO">Catches any exception.</msg>
<status status="PASS" starttime="20240317 11:53:00.374" endtime="20240317 11:53:00.374"/>
</kw>
<kw name="Log" library="BuiltIn">
<arg>Useful for handling unexpected exceptions.</arg>
<doc>Logs the given message with the given level.</doc>
<msg timestamp="20240317 11:53:00.374" level="INFO">Useful for handling unexpected exceptions.</msg>
<status status="PASS" starttime="20240317 11:53:00.374" endtime="20240317 11:53:00.374"/>
</kw>
<status status="PASS" starttime="20240317 11:53:00.373" endtime="20240317 11:53:00.374"/>
</branch>
<status status="PASS" starttime="20240317 11:53:00.373" endtime="20240317 11:53:00.374"/>
</try>
<status status="PASS" starttime="20240317 11:53:00.373" endtime="20240317 11:53:00.374"/>
</test>
<test id="s1-s3-t6" name="TRY / EXCEPT: Catch exceptions where the message starts with" line="47">
<try>
<branch type="TRY">
<kw name="Fail" library="BuiltIn">
<arg>A long error message with lots of details</arg>
<doc>Fails the test with the given message and optionally alters its tags.</doc>
<msg timestamp="20240317 11:53:00.375" level="FAIL">A long error message with lots of details</msg>
<status status="FAIL" starttime="20240317 11:53:00.375" endtime="20240317 11:53:00.375"/>
</kw>
<status status="FAIL" starttime="20240317 11:53:00.375" endtime="20240317 11:53:00.375"/>
</branch>
<branch type="EXCEPT" pattern_type="start">
<pattern>A long error message</pattern>
<kw name="Log" library="BuiltIn">
<arg>Matches the start of an error message.</arg>
<doc>Logs the given message with the given level.</doc>
<msg timestamp="20240317 11:53:00.376" level="INFO">Matches the start of an error message.</msg>
<status status="PASS" starttime="20240317 11:53:00.375" endtime="20240317 11:53:00.376"/>
</kw>
<status status="PASS" starttime="20240317 11:53:00.375" endtime="20240317 11:53:00.376"/>
</branch>
<status status="PASS" starttime="20240317 11:53:00.375" endtime="20240317 11:53:00.376"/>
</try>
<status status="PASS" starttime="20240317 11:53:00.375" endtime="20240317 11:53:00.376"/>
</test>
<test id="s1-s3-t7" name="TRY / EXCEPT: Capture the error message" line="54">
<try>
<branch type="TRY">
<kw name="Fail" library="BuiltIn">
<arg>Goodbye, world!</arg>
<doc>Fails the test with the given message and optionally alters its tags.</doc>
<msg timestamp="20240317 11:53:00.377" level="FAIL">Goodbye, world!</msg>
<status status="FAIL" starttime="20240317 11:53:00.376" endtime="20240317 11:53:00.377"/>
</kw>
<status status="FAIL" starttime="20240317 11:53:00.376" endtime="20240317 11:53:00.377"/>
</branch>
<branch type="EXCEPT" variable="${error_message}">
<kw name="Log" library="BuiltIn">
<arg>${error_message}</arg>
<doc>Logs the given message with the given level.</doc>
<msg timestamp="20240317 11:53:00.377" level="INFO">Goodbye, world!</msg>
<status status="PASS" starttime="20240317 11:53:00.377" endtime="20240317 11:53:00.377"/>
</kw>
<status status="PASS" starttime="20240317 11:53:00.377" endtime="20240317 11:53:00.377"/>
</branch>
<status status="PASS" starttime="20240317 11:53:00.376" endtime="20240317 11:53:00.377"/>
</try>
<status status="PASS" starttime="20240317 11:53:00.376" endtime="20240317 11:53:00.377"/>
</test>
<test id="s1-s3-t8" name="TRY / EXCEPT: Using ELSE when no exceptions occured" line="61">
<try>
<branch type="TRY">
<kw name="Log" library="BuiltIn">
<arg>All good!</arg>
<doc>Logs the given message with the given level.</doc>
<msg timestamp="20240317 11:53:00.378" level="INFO">All good!</msg>
<status status="PASS" starttime="20240317 11:53:00.378" endtime="20240317 11:53:00.378"/>
</kw>
<status status="PASS" starttime="20240317 11:53:00.378" endtime="20240317 11:53:00.378"/>
</branch>
<branch type="EXCEPT">
<pattern>Error message</pattern>
<kw name="Log" library="BuiltIn">
<arg>An error occured.</arg>
<doc>Logs the given message with the given level.</doc>
<status status="NOT RUN" starttime="20240317 11:53:00.378" endtime="20240317 11:53:00.378"/>
</kw>
<status status="NOT RUN" starttime="20240317 11:53:00.378" endtime="20240317 11:53:00.378"/>
</branch>
<branch type="ELSE">
<kw name="Log" library="BuiltIn">
<arg>No error occured.</arg>
<doc>Logs the given message with the given level.</doc>
<msg timestamp="20240317 11:53:00.378" level="INFO">No error occured.</msg>
<status status="PASS" starttime="20240317 11:53:00.378" endtime="20240317 11:53:00.379"/>
</kw>
<status status="PASS" starttime="20240317 11:53:00.378" endtime="20240317 11:53:00.379"/>
</branch>
<status status="PASS" starttime="20240317 11:53:00.378" endtime="20240317 11:53:00.379"/>
</try>
<status status="PASS" starttime="20240317 11:53:00.377" endtime="20240317 11:53:00.379"/>
</test>
<test id="s1-s3-t9" name="TRY / EXCEPT / FINALLY: Always execute code no matter if exceptions or not" line="70">
<try>
<branch type="TRY">
<kw name="Log" library="BuiltIn">
<arg>All good!</arg>
<doc>Logs the given message with the given level.</doc>
<msg timestamp="20240317 11:53:00.380" level="INFO">All good!</msg>
<status status="PASS" starttime="20240317 11:53:00.379" endtime="20240317 11:53:00.380"/>
</kw>
<status status="PASS" starttime="20240317 11:53:00.379" endtime="20240317 11:53:00.380"/>
</branch>
<branch type="FINALLY">
<kw name="Log" library="BuiltIn">
<arg>FINALLY is always executed.</arg>
<doc>Logs the given message with the given level.</doc>
<msg timestamp="20240317 11:53:00.380" level="INFO">FINALLY is always executed.</msg>
<status status="PASS" starttime="20240317 11:53:00.380" endtime="20240317 11:53:00.380"/>
</kw>
<status status="PASS" starttime="20240317 11:53:00.380" endtime="20240317 11:53:00.380"/>
</branch>
<status status="PASS" starttime="20240317 11:53:00.379" endtime="20240317 11:53:00.380"/>
</try>
<try>
<branch type="TRY">
<kw name="Fail" library="BuiltIn">
<arg>Catastrophic failure!</arg>
<doc>Fails the test with the given message and optionally alters its tags.</doc>
<msg timestamp="20240317 11:53:00.380" level="FAIL">Catastrophic failure!</msg>
<status status="FAIL" starttime="20240317 11:53:00.380" endtime="20240317 11:53:00.380"/>
</kw>
<status status="FAIL" starttime="20240317 11:53:00.380" endtime="20240317 11:53:00.380"/>
</branch>
<branch type="EXCEPT">
<kw name="Log" library="BuiltIn">
<arg>Catches any exception.</arg>
<doc>Logs the given message with the given level.</doc>
<msg timestamp="20240317 11:53:00.381" level="INFO">Catches any exception.</msg>
<status status="PASS" starttime="20240317 11:53:00.381" endtime="20240317 11:53:00.381"/>
</kw>
<status status="PASS" starttime="20240317 11:53:00.380" endtime="20240317 11:53:00.381"/>
</branch>
<branch type="FINALLY">
<kw name="Log" library="BuiltIn">
<arg>FINALLY is always executed.</arg>
<doc>Logs the given message with the given level.</doc>
<msg timestamp="20240317 11:53:00.381" level="INFO">FINALLY is always executed.</msg>
<status status="PASS" starttime="20240317 11:53:00.381" endtime="20240317 11:53:00.381"/>
</kw>
<status status="PASS" starttime="20240317 11:53:00.381" endtime="20240317 11:53:00.381"/>
</branch>
<status status="PASS" starttime="20240317 11:53:00.380" endtime="20240317 11:53:00.381"/>
</try>
<status status="PASS" starttime="20240317 11:53:00.379" endtime="20240317 11:53:00.381"/>
</test>
<test id="s1-s3-t10" name="TRY / EXCEPT / ELSE / FINALLY: All together!" line="84">
<try>
<branch type="TRY">
<kw name="Fail" library="BuiltIn">
<arg>Error message</arg>
<doc>Fails the test with the given message and optionally alters its tags.</doc>
<msg timestamp="20240317 11:53:00.382" level="FAIL">Error message</msg>
<status status="FAIL" starttime="20240317 11:53:00.382" endtime="20240317 11:53:00.382"/>
</kw>
<status status="FAIL" starttime="20240317 11:53:00.382" endtime="20240317 11:53:00.382"/>
</branch>
<branch type="EXCEPT">
<kw name="Log" library="BuiltIn">
<arg>Executed if any exception occurs.</arg>
<doc>Logs the given message with the given level.</doc>
<msg timestamp="20240317 11:53:00.382" level="INFO">Executed if any exception occurs.</msg>
<status status="PASS" starttime="20240317 11:53:00.382" endtime="20240317 11:53:00.382"/>
</kw>
<status status="PASS" starttime="20240317 11:53:00.382" endtime="20240317 11:53:00.382"/>
</branch>
<branch type="ELSE">
<kw name="Log" library="BuiltIn">
<arg>Executed if no exceptions occur.</arg>
<doc>Logs the given message with the given level.</doc>
<status status="NOT RUN" starttime="20240317 11:53:00.383" endtime="20240317 11:53:00.383"/>
</kw>
<status status="NOT RUN" starttime="20240317 11:53:00.382" endtime="20240317 11:53:00.383"/>
</branch>
<branch type="FINALLY">
<kw name="Log" library="BuiltIn">
<arg>FINALLY is always executed.</arg>
<doc>Logs the given message with the given level.</doc>
<msg timestamp="20240317 11:53:00.383" level="INFO">FINALLY is always executed.</msg>
<status status="PASS" starttime="20240317 11:53:00.383" endtime="20240317 11:53:00.383"/>
</kw>
<status status="PASS" starttime="20240317 11:53:00.383" endtime="20240317 11:53:00.383"/>
</branch>
<status status="PASS" starttime="20240317 11:53:00.382" endtime="20240317 11:53:00.383"/>
</try>
<status status="PASS" starttime="20240317 11:53:00.381" endtime="20240317 11:53:00.383"/>
</test>
<test id="s1-s3-t11" name="TRY / EXCEPT: Glob pattern matching" line="95">
<try>
<branch type="TRY">
<kw name="Fail" library="BuiltIn">
<arg>My error: 99 occured</arg>
<doc>Fails the test with the given message and optionally alters its tags.</doc>
<msg timestamp="20240317 11:53:00.384" level="FAIL">My error: 99 occured</msg>
<status status="FAIL" starttime="20240317 11:53:00.384" endtime="20240317 11:53:00.384"/>
</kw>
<status status="FAIL" starttime="20240317 11:53:00.384" endtime="20240317 11:53:00.384"/>
</branch>
<branch type="EXCEPT" pattern_type="glob">
<pattern>My error: *</pattern>
<kw name="Log" library="BuiltIn">
<arg>Catches by glob pattern matching.</arg>
<doc>Logs the given message with the given level.</doc>
<msg timestamp="20240317 11:53:00.384" level="INFO">Catches by glob pattern matching.</msg>
<status status="PASS" starttime="20240317 11:53:00.384" endtime="20240317 11:53:00.384"/>
</kw>
<status status="PASS" starttime="20240317 11:53:00.384" endtime="20240317 11:53:00.384"/>
</branch>
<status status="PASS" starttime="20240317 11:53:00.384" endtime="20240317 11:53:00.384"/>
</try>
<status status="PASS" starttime="20240317 11:53:00.383" endtime="20240317 11:53:00.385"/>
</test>
<test id="s1-s3-t12" name="TRY / EXCEPT: Regular expression matching" line="102">
<try>
<branch type="TRY">
<kw name="Fail" library="BuiltIn">
<arg>error 99 occured</arg>
<doc>Fails the test with the given message and optionally alters its tags.</doc>
<msg timestamp="20240317 11:53:00.385" level="FAIL">error 99 occured</msg>
<status status="FAIL" starttime="20240317 11:53:00.385" endtime="20240317 11:53:00.385"/>
</kw>
<status status="FAIL" starttime="20240317 11:53:00.385" endtime="20240317 11:53:00.385"/>
</branch>
<branch type="EXCEPT" pattern_type="regexp">
<pattern>[Ee]rror \\d+ occured</pattern>
<kw name="Log" library="BuiltIn">
<arg>Catches by regular expression pattern matching.</arg>
<doc>Logs the given message with the given level.</doc>
<msg timestamp="20240317 11:53:00.386" level="INFO">Catches by regular expression pattern matching.</msg>
<status status="PASS" starttime="20240317 11:53:00.386" endtime="20240317 11:53:00.386"/>
</kw>
<status status="PASS" starttime="20240317 11:53:00.386" endtime="20240317 11:53:00.386"/>
</branch>
<status status="PASS" starttime="20240317 11:53:00.385" endtime="20240317 11:53:00.386"/>
</try>
<status status="PASS" starttime="20240317 11:53:00.385" endtime="20240317 11:53:00.386"/>
</test>
<doc>Example test cases with TRY EXCEPT FINALLY</doc>
<status status="PASS" starttime="20240317 11:53:00.364" endtime="20240317 11:53:00.386"/>
</suite>
<suite id="s1-s4" name="While Loop" source="/home/chme/git/python-robot-markdown/examples/Robot_Language/while_loop.robot">
<test id="s1-s4-t1" name="WHILE: A simple while loop using the default loop limit" line="5">
<while condition="True" limit="10">
<iter>
<kw name="Log" library="BuiltIn">
<arg>Executed until the given loop limit (10) is hit.</arg>
<doc>Logs the given message with the given level.</doc>
<msg timestamp="20240317 11:53:00.389" level="INFO">Executed until the given loop limit (10) is hit.</msg>
<status status="PASS" starttime="20240317 11:53:00.389" endtime="20240317 11:53:00.389"/>
</kw>
<status status="PASS" starttime="20240317 11:53:00.389" endtime="20240317 11:53:00.389"/>
</iter>
<iter>
<kw name="Log" library="BuiltIn">
<arg>Executed until the given loop limit (10) is hit.</arg>
<doc>Logs the given message with the given level.</doc>
<msg timestamp="20240317 11:53:00.389" level="INFO">Executed until the given loop limit (10) is hit.</msg>
<status status="PASS" starttime="20240317 11:53:00.389" endtime="20240317 11:53:00.390"/>
</kw>
<status status="PASS" starttime="20240317 11:53:00.389" endtime="20240317 11:53:00.390"/>
</iter>
<iter>
<kw name="Log" library="BuiltIn">
<arg>Executed until the given loop limit (10) is hit.</arg>
<doc>Logs the given message with the given level.</doc>
<msg timestamp="20240317 11:53:00.390" level="INFO">Executed until the given loop limit (10) is hit.</msg>
<status status="PASS" starttime="20240317 11:53:00.390" endtime="20240317 11:53:00.390"/>
</kw>
<status status="PASS" starttime="20240317 11:53:00.390" endtime="20240317 11:53:00.390"/>
</iter>
<iter>
<kw name="Log" library="BuiltIn">
<arg>Executed until the given loop limit (10) is hit.</arg>
<doc>Logs the given message with the given level.</doc>
<msg timestamp="20240317 11:53:00.390" level="INFO">Executed until the given loop limit (10) is hit.</msg>
<status status="PASS" starttime="20240317 11:53:00.390" endtime="20240317 11:53:00.390"/>
</kw>
<status status="PASS" starttime="20240317 11:53:00.390" endtime="20240317 11:53:00.390"/>
</iter>
<iter>
<kw name="Log" library="BuiltIn">
<arg>Executed until the given loop limit (10) is hit.</arg>
<doc>Logs the given message with the given level.</doc>
<msg timestamp="20240317 11:53:00.391" level="INFO">Executed until the given loop limit (10) is hit.</msg>
<status status="PASS" starttime="20240317 11:53:00.390" endtime="20240317 11:53:00.391"/>
</kw>
<status status="PASS" starttime="20240317 11:53:00.390" endtime="20240317 11:53:00.391"/>
</iter>
<iter>
<kw name="Log" library="BuiltIn">
<arg>Executed until the given loop limit (10) is hit.</arg>
<doc>Logs the given message with the given level.</doc>
<msg timestamp="20240317 11:53:00.391" level="INFO">Executed until the given loop limit (10) is hit.</msg>
<status status="PASS" starttime="20240317 11:53:00.391" endtime="20240317 11:53:00.391"/>
</kw>
<status status="PASS" starttime="20240317 11:53:00.391" endtime="20240317 11:53:00.391"/>
</iter>
<iter>
<kw name="Log" library="BuiltIn">
<arg>Executed until the given loop limit (10) is hit.</arg>
<doc>Logs the given message with the given level.</doc>
<msg timestamp="20240317 11:53:00.391" level="INFO">Executed until the given loop limit (10) is hit.</msg>
<status status="PASS" starttime="20240317 11:53:00.391" endtime="20240317 11:53:00.391"/>
</kw>
<status status="PASS" starttime="20240317 11:53:00.391" endtime="20240317 11:53:00.391"/>
</iter>
<iter>
<kw name="Log" library="BuiltIn">
<arg>Executed until the given loop limit (10) is hit.</arg>
<doc>Logs the given message with the given level.</doc>
<msg timestamp="20240317 11:53:00.392" level="INFO">Executed until the given loop limit (10) is hit.</msg>
<status status="PASS" starttime="20240317 11:53:00.392" endtime="20240317 11:53:00.392"/>
</kw>
<status status="PASS" starttime="20240317 11:53:00.391" endtime="20240317 11:53:00.392"/>
</iter>
<iter>
<kw name="Log" library="BuiltIn">
<arg>Executed until the given loop limit (10) is hit.</arg>
<doc>Logs the given message with the given level.</doc>
<msg timestamp="20240317 11:53:00.392" level="INFO">Executed until the given loop limit (10) is hit.</msg>
<status status="PASS" starttime="20240317 11:53:00.392" endtime="20240317 11:53:00.392"/>
</kw>
<status status="PASS" starttime="20240317 11:53:00.392" endtime="20240317 11:53:00.392"/>
</iter>
<iter>
<kw name="Log" library="BuiltIn">
<arg>Executed until the given loop limit (10) is hit.</arg>
<doc>Logs the given message with the given level.</doc>
<msg timestamp="20240317 11:53:00.392" level="INFO">Executed until the given loop limit (10) is hit.</msg>
<status status="PASS" starttime="20240317 11:53:00.392" endtime="20240317 11:53:00.392"/>
</kw>
<status status="PASS" starttime="20240317 11:53:00.392" endtime="20240317 11:53:00.392"/>
</iter>
<status status="FAIL" starttime="20240317 11:53:00.389" endtime="20240317 11:53:00.392"/>
</while>
<status status="FAIL" starttime="20240317 11:53:00.389" endtime="20240317 11:53:00.393">WHILE loop was aborted because it did not finish within the limit of 10 iterations. Use the 'limit' argument to increase or remove the limit if needed.</status>
</test>
<test id="s1-s4-t2" name="WHILE: Loop while the given limit is hit" line="10">
<try>
<branch type="TRY">
<while condition="True" limit="10">
<iter>
<kw name="Log" library="BuiltIn">
<arg>Executed until the given loop limit (10) is hit.</arg>
<doc>Logs the given message with the given level.</doc>
<msg timestamp="20240317 11:53:00.394" level="INFO">Executed until the given loop limit (10) is hit.</msg>
<status status="PASS" starttime="20240317 11:53:00.393" endtime="20240317 11:53:00.394"/>
</kw>
<status status="PASS" starttime="20240317 11:53:00.393" endtime="20240317 11:53:00.394"/>
</iter>
<iter>
<kw name="Log" library="BuiltIn">
<arg>Executed until the given loop limit (10) is hit.</arg>
<doc>Logs the given message with the given level.</doc>
<msg timestamp="20240317 11:53:00.394" level="INFO">Executed until the given loop limit (10) is hit.</msg>
<status status="PASS" starttime="20240317 11:53:00.394" endtime="20240317 11:53:00.394"/>
</kw>
<status status="PASS" starttime="20240317 11:53:00.394" endtime="20240317 11:53:00.394"/>
</iter>
<iter>
<kw name="Log" library="BuiltIn">
<arg>Executed until the given loop limit (10) is hit.</arg>
<doc>Logs the given message with the given level.</doc>
<msg timestamp="20240317 11:53:00.394" level="INFO">Executed until the given loop limit (10) is hit.</msg>
<status status="PASS" starttime="20240317 11:53:00.394" endtime="20240317 11:53:00.394"/>
</kw>
<status status="PASS" starttime="20240317 11:53:00.394" endtime="20240317 11:53:00.394"/>
</iter>
<iter>
<kw name="Log" library="BuiltIn">
<arg>Executed until the given loop limit (10) is hit.</arg>
<doc>Logs the given message with the given level.</doc>
<msg timestamp="20240317 11:53:00.395" level="INFO">Executed until the given loop limit (10) is hit.</msg>
<status status="PASS" starttime="20240317 11:53:00.394" endtime="20240317 11:53:00.395"/>
</kw>
<status status="PASS" starttime="20240317 11:53:00.394" endtime="20240317 11:53:00.395"/>
</iter>
<iter>
<kw name="Log" library="BuiltIn">
<arg>Executed until the given loop limit (10) is hit.</arg>
<doc>Logs the given message with the given level.</doc>
<msg timestamp="20240317 11:53:00.395" level="INFO">Executed until the given loop limit (10) is hit.</msg>
<status status="PASS" starttime="20240317 11:53:00.395" endtime="20240317 11:53:00.395"/>
</kw>
<status status="PASS" starttime="20240317 11:53:00.395" endtime="20240317 11:53:00.395"/>
</iter>
<iter>
<kw name="Log" library="BuiltIn">
<arg>Executed until the given loop limit (10) is hit.</arg>
<doc>Logs the given message with the given level.</doc>
<msg timestamp="20240317 11:53:00.395" level="INFO">Executed until the given loop limit (10) is hit.</msg>
<status status="PASS" starttime="20240317 11:53:00.395" endtime="20240317 11:53:00.395"/>
</kw>
<status status="PASS" starttime="20240317 11:53:00.395" endtime="20240317 11:53:00.395"/>
</iter>
<iter>
<kw name="Log" library="BuiltIn">
<arg>Executed until the given loop limit (10) is hit.</arg>
<doc>Logs the given message with the given level.</doc>
<msg timestamp="20240317 11:53:00.396" level="INFO">Executed until the given loop limit (10) is hit.</msg>
<status status="PASS" starttime="20240317 11:53:00.396" endtime="20240317 11:53:00.396"/>
</kw>
<status status="PASS" starttime="20240317 11:53:00.395" endtime="20240317 11:53:00.396"/>
</iter>
<iter>
<kw name="Log" library="BuiltIn">
<arg>Executed until the given loop limit (10) is hit.</arg>
<doc>Logs the given message with the given level.</doc>
<msg timestamp="20240317 11:53:00.396" level="INFO">Executed until the given loop limit (10) is hit.</msg>
<status status="PASS" starttime="20240317 11:53:00.396" endtime="20240317 11:53:00.396"/>
</kw>
<status status="PASS" starttime="20240317 11:53:00.396" endtime="20240317 11:53:00.396"/>
</iter>
<iter>
<kw name="Log" library="BuiltIn">
<arg>Executed until the given loop limit (10) is hit.</arg>
<doc>Logs the given message with the given level.</doc>
<msg timestamp="20240317 11:53:00.397" level="INFO">Executed until the given loop limit (10) is hit.</msg>
<status status="PASS" starttime="20240317 11:53:00.396" endtime="20240317 11:53:00.397"/>
</kw>
<status status="PASS" starttime="20240317 11:53:00.396" endtime="20240317 11:53:00.397"/>
</iter>
<iter>
<kw name="Log" library="BuiltIn">
<arg>Executed until the given loop limit (10) is hit.</arg>
<doc>Logs the given message with the given level.</doc>
<msg timestamp="20240317 11:53:00.397" level="INFO">Executed until the given loop limit (10) is hit.</msg>
<status status="PASS" starttime="20240317 11:53:00.397" endtime="20240317 11:53:00.397"/>
</kw>
<status status="PASS" starttime="20240317 11:53:00.397" endtime="20240317 11:53:00.397"/>
</iter>
<status status="FAIL" starttime="20240317 11:53:00.393" endtime="20240317 11:53:00.397"/>
</while>
<status status="FAIL" starttime="20240317 11:53:00.393" endtime="20240317 11:53:00.397"/>
</branch>
<branch type="EXCEPT" pattern_type="start">
<pattern>WHILE loop was aborted</pattern>
<kw name="Log" library="BuiltIn">
<arg>The loop did not finish within the limit.</arg>
<doc>Logs the given message with the given level.</doc>
<msg timestamp="20240317 11:53:00.398" level="INFO">The loop did not finish within the limit.</msg>
<status status="PASS" starttime="20240317 11:53:00.397" endtime="20240317 11:53:00.398"/>
</kw>
<status status="PASS" starttime="20240317 11:53:00.397" endtime="20240317 11:53:00.398"/>
</branch>
<status status="PASS" starttime="20240317 11:53:00.393" endtime="20240317 11:53:00.398"/>
</try>
<status status="PASS" starttime="20240317 11:53:00.393" endtime="20240317 11:53:00.398"/>
</test>
<test id="s1-s4-t3" name="WHILE: Loop while condition evaluates to True or the default loop limit is hit" line="19">
<kw name="Set Variable" library="BuiltIn">
<var>${x}</var>
<arg>${0}</arg>
<doc>Returns the given values which can then be assigned to a variables.</doc>
<msg timestamp="20240317 11:53:00.399" level="INFO">${x} = 0</msg>
<status status="PASS" starttime="20240317 11:53:00.399" endtime="20240317 11:53:00.399"/>
</kw>
<while condition="${x} &lt; 3">
<iter>
<kw name="Log" library="BuiltIn">
<arg>Executed as long as the condition is True.</arg>
<doc>Logs the given message with the given level.</doc>
<msg timestamp="20240317 11:53:00.400" level="INFO">Executed as long as the condition is True.</msg>
<status status="PASS" starttime="20240317 11:53:00.400" endtime="20240317 11:53:00.400"/>
</kw>
<kw name="Evaluate" library="BuiltIn">
<var>${x}</var>
<arg>${x} + 1</arg>
<doc>Evaluates the given expression in Python and returns the result.</doc>
<msg timestamp="20240317 11:53:00.400" level="INFO">${x} = 1</msg>
<status status="PASS" starttime="20240317 11:53:00.400" endtime="20240317 11:53:00.401"/>
</kw>
<status status="PASS" starttime="20240317 11:53:00.399" endtime="20240317 11:53:00.401"/>
</iter>
<iter>
<kw name="Log" library="BuiltIn">
<arg>Executed as long as the condition is True.</arg>
<doc>Logs the given message with the given level.</doc>
<msg timestamp="20240317 11:53:00.401" level="INFO">Executed as long as the condition is True.</msg>
<status status="PASS" starttime="20240317 11:53:00.401" endtime="20240317 11:53:00.401"/>
</kw>
<kw name="Evaluate" library="BuiltIn">
<var>${x}</var>
<arg>${x} + 1</arg>
<doc>Evaluates the given expression in Python and returns the result.</doc>
<msg timestamp="20240317 11:53:00.401" level="INFO">${x} = 2</msg>
<status status="PASS" starttime="20240317 11:53:00.401" endtime="20240317 11:53:00.401"/>
</kw>
<status status="PASS" starttime="20240317 11:53:00.401" endtime="20240317 11:53:00.401"/>
</iter>
<iter>
<kw name="Log" library="BuiltIn">
<arg>Executed as long as the condition is True.</arg>
<doc>Logs the given message with the given level.</doc>
<msg timestamp="20240317 11:53:00.401" level="INFO">Executed as long as the condition is True.</msg>
<status status="PASS" starttime="20240317 11:53:00.401" endtime="20240317 11:53:00.402"/>
</kw>
<kw name="Evaluate" library="BuiltIn">
<var>${x}</var>
<arg>${x} + 1</arg>
<doc>Evaluates the given expression in Python and returns the result.</doc>
<msg timestamp="20240317 11:53:00.402" level="INFO">${x} = 3</msg>
<status status="PASS" starttime="20240317 11:53:00.402" endtime="20240317 11:53:00.402"/>
</kw>
<status status="PASS" starttime="20240317 11:53:00.401" endtime="20240317 11:53:00.402"/>
</iter>
<status status="PASS" starttime="20240317 11:53:00.399" endtime="20240317 11:53:00.402"/>
</while>
<status status="PASS" starttime="20240317 11:53:00.398" endtime="20240317 11:53:00.402"/>
</test>
<test id="s1-s4-t4" name="WHILE: Skip a loop iteration with CONTINUE" line="26">
<kw name="Set Variable" library="BuiltIn">
<var>${x}</var>
<arg>${0}</arg>
<doc>Returns the given values which can then be assigned to a variables.</doc>
<msg timestamp="20240317 11:53:00.403" level="INFO">${x} = 0</msg>
<status status="PASS" starttime="20240317 11:53:00.403" endtime="20240317 11:53:00.403"/>
</kw>
<while condition="${x} &lt; 3">
<iter>
<kw name="Evaluate" library="BuiltIn">
<var>${x}</var>
<arg>${x} + 1</arg>
<doc>Evaluates the given expression in Python and returns the result.</doc>
<msg timestamp="20240317 11:53:00.404" level="INFO">${x} = 1</msg>
<status status="PASS" starttime="20240317 11:53:00.404" endtime="20240317 11:53:00.404"/>
</kw>
<if>
<branch type="IF" condition="${x} == 2">
<continue>
<status status="NOT RUN" starttime="20240317 11:53:00.404" endtime="20240317 11:53:00.404"/>
</continue>
<status status="NOT RUN" starttime="20240317 11:53:00.404" endtime="20240317 11:53:00.404"/>
</branch>
<status status="PASS" starttime="20240317 11:53:00.404" endtime="20240317 11:53:00.404"/>
</if>
<kw name="Log" library="BuiltIn">
<arg>x = ${x}</arg>
<doc>Logs the given message with the given level.</doc>
<msg timestamp="20240317 11:53:00.404" level="INFO">x = 1</msg>
<status status="PASS" starttime="20240317 11:53:00.404" endtime="20240317 11:53:00.404"/>
</kw>
<status status="PASS" starttime="20240317 11:53:00.403" endtime="20240317 11:53:00.404"/>
</iter>
<iter>
<kw name="Evaluate" library="BuiltIn">
<var>${x}</var>
<arg>${x} + 1</arg>
<doc>Evaluates the given expression in Python and returns the result.</doc>
<msg timestamp="20240317 11:53:00.405" level="INFO">${x} = 2</msg>
<status status="PASS" starttime="20240317 11:53:00.404" endtime="20240317 11:53:00.405"/>
</kw>
<if>
<branch type="IF" condition="${x} == 2">
<continue>
<status status="PASS" starttime="20240317 11:53:00.405" endtime="20240317 11:53:00.405"/>
</continue>
<status status="PASS" starttime="20240317 11:53:00.405" endtime="20240317 11:53:00.405"/>
</branch>
<status status="PASS" starttime="20240317 11:53:00.405" endtime="20240317 11:53:00.405"/>
</if>
<kw name="Log" library="BuiltIn">
<arg>x = ${x}</arg>
<doc>Logs the given message with the given level.</doc>
<status status="NOT RUN" starttime="20240317 11:53:00.405" endtime="20240317 11:53:00.405"/>
</kw>
<status status="PASS" starttime="20240317 11:53:00.404" endtime="20240317 11:53:00.405"/>
</iter>
<iter>
<kw name="Evaluate" library="BuiltIn">
<var>${x}</var>
<arg>${x} + 1</arg>
<doc>Evaluates the given expression in Python and returns the result.</doc>
<msg timestamp="20240317 11:53:00.406" level="INFO">${x} = 3</msg>
<status status="PASS" starttime="20240317 11:53:00.405" endtime="20240317 11:53:00.406"/>
</kw>
<if>
<branch type="IF" condition="${x} == 2">
<continue>
<status status="NOT RUN" starttime="20240317 11:53:00.406" endtime="20240317 11:53:00.406"/>
</continue>
<status status="NOT RUN" starttime="20240317 11:53:00.406" endtime="20240317 11:53:00.406"/>
</branch>
<status status="PASS" starttime="20240317 11:53:00.406" endtime="20240317 11:53:00.406"/>
</if>
<kw name="Log" library="BuiltIn">
<arg>x = ${x}</arg>
<doc>Logs the given message with the given level.</doc>
<msg timestamp="20240317 11:53:00.406" level="INFO">x = 3</msg>
<status status="PASS" starttime="20240317 11:53:00.406" endtime="20240317 11:53:00.406"/>
</kw>
<status status="PASS" starttime="20240317 11:53:00.405" endtime="20240317 11:53:00.406"/>
</iter>
<status status="PASS" starttime="20240317 11:53:00.403" endtime="20240317 11:53:00.406"/>
</while>
<status status="PASS" starttime="20240317 11:53:00.402" endtime="20240317 11:53:00.406"/>
</test>
<test id="s1-s4-t5" name="WHILE: Exit loop with BREAK" line="34">
<while condition="True">
<iter>
<break>
<status status="PASS" starttime="20240317 11:53:00.407" endtime="20240317 11:53:00.407"/>
</break>
<kw name="Log" library="BuiltIn">
<arg>This will not be logged.</arg>
<doc>Logs the given message with the given level.</doc>
<status status="NOT RUN" starttime="20240317 11:53:00.407" endtime="20240317 11:53:00.407"/>
</kw>
<status status="PASS" starttime="20240317 11:53:00.407" endtime="20240317 11:53:00.407"/>
</iter>
<status status="PASS" starttime="20240317 11:53:00.407" endtime="20240317 11:53:00.407"/>
</while>
<status status="PASS" starttime="20240317 11:53:00.407" endtime="20240317 11:53:00.407"/>
</test>
<doc>Example test cases with WHILE loops</doc>
<status status="FAIL" starttime="20240317 11:53:00.387" endtime="20240317 11:53:00.408"/>
</suite>
<doc>Robot Framework Language

Example with different Robot Framework language constructs.

Visit https://robocorp.com/docs-robot-framework/languages-and-frameworks/robot-framework for more information.</doc>
<status status="FAIL" starttime="20240317 11:53:00.283" endtime="20240317 11:53:00.408"/>
</suite>
<statistics>
<total>
<stat pass="32" fail="1" skip="0">All Tests</stat>
</total>
<tag>
</tag>
<suite>
<stat pass="32" fail="1" skip="0" id="s1" name="Robot Language">Robot Language</stat>
<stat pass="8" fail="0" skip="0" id="s1-s1" name="For Loop">Robot Language.For Loop</stat>
<stat pass="8" fail="0" skip="0" id="s1-s2" name="If Else">Robot Language.If Else</stat>
<stat pass="12" fail="0" skip="0" id="s1-s3" name="Try Except Finally">Robot Language.Try Except Finally</stat>
<stat pass="4" fail="1" skip="0" id="s1-s4" name="While Loop">Robot Language.While Loop</stat>
</suite>
</statistics>
<errors>
<msg timestamp="20240317 11:53:00.354" level="WARN">Keyword 'BuiltIn.Run Keyword Unless' is deprecated. </msg>
<msg timestamp="20240317 11:53:00.354" level="WARN">Keyword 'BuiltIn.Run Keyword Unless' is deprecated. </msg>
</errors>
</robot>
